[2023-01-23 20:51:44,423] {taskinstance.py:851} INFO - Dependencies all met for <TaskInstance: ml-workflow.read_data_preprocess_data_task 2023-01-23T20:51:41.898006+00:00 [queued]>
[2023-01-23 20:51:44,441] {taskinstance.py:851} INFO - Dependencies all met for <TaskInstance: ml-workflow.read_data_preprocess_data_task 2023-01-23T20:51:41.898006+00:00 [queued]>
[2023-01-23 20:51:44,441] {taskinstance.py:1042} INFO - 
--------------------------------------------------------------------------------
[2023-01-23 20:51:44,441] {taskinstance.py:1043} INFO - Starting attempt 1 of 3
[2023-01-23 20:51:44,441] {taskinstance.py:1044} INFO - 
--------------------------------------------------------------------------------
[2023-01-23 20:51:44,466] {taskinstance.py:1063} INFO - Executing <Task(PythonOperator): read_data_preprocess_data_task> on 2023-01-23T20:51:41.898006+00:00
[2023-01-23 20:51:44,473] {standard_task_runner.py:52} INFO - Started process 205303 to run task
[2023-01-23 20:51:44,479] {standard_task_runner.py:76} INFO - Running: ['airflow', 'tasks', 'run', 'ml-workflow', 'read_data_preprocess_data_task', '2023-01-23T20:51:41.898006+00:00', '--job-id', '26', '--pool', 'default_pool', '--raw', '--subdir', 'DAGS_FOLDER/modeling_dag.py', '--cfg-path', '/tmp/tmp2feane7l', '--error-file', '/tmp/tmp6kyrfmkh']
[2023-01-23 20:51:44,486] {standard_task_runner.py:77} INFO - Job 26: Subtask read_data_preprocess_data_task
[2023-01-23 20:51:44,554] {logging_mixin.py:104} INFO - Running <TaskInstance: ml-workflow.read_data_preprocess_data_task 2023-01-23T20:51:41.898006+00:00 [running]> on host 3f7900fce849
[2023-01-23 20:51:44,611] {taskinstance.py:1257} INFO - Exporting the following env vars:
AIRFLOW_CTX_DAG_OWNER=abdessamad
AIRFLOW_CTX_DAG_ID=ml-workflow
AIRFLOW_CTX_TASK_ID=read_data_preprocess_data_task
AIRFLOW_CTX_EXECUTION_DATE=2023-01-23T20:51:41.898006+00:00
AIRFLOW_CTX_DAG_RUN_ID=manual__2023-01-23T20:51:41.898006+00:00
[2023-01-23 20:51:44,716] {logging_mixin.py:104} INFO - these are the actual files in the local storage['dags', 'logs', 'nba_logreg_processed.csv', 'unittests.cfg', 'plugins', 'airflow.cfg', 'nba_logreg_processed_test.csv', 'webserver_config.py', 'nba_logreg_processed_train.csv']
[2023-01-23 20:51:44,830] {python.py:118} INFO - Done. Returned value was: None
[2023-01-23 20:51:44,846] {taskinstance.py:1166} INFO - Marking task as SUCCESS. dag_id=ml-workflow, task_id=read_data_preprocess_data_task, execution_date=20230123T205141, start_date=20230123T205144, end_date=20230123T205144
[2023-01-23 20:51:44,886] {taskinstance.py:1220} INFO - 1 downstream tasks scheduled from follow-on schedule check
[2023-01-23 20:51:44,908] {local_task_job.py:146} INFO - Task exited with return code 0
