[2023-01-19 11:48:49,007] {taskinstance.py:851} INFO - Dependencies all met for <TaskInstance: ml-workflow.read_data_preprocess_data_task 2023-01-19T11:48:45.722764+00:00 [queued]>
[2023-01-19 11:48:49,024] {taskinstance.py:851} INFO - Dependencies all met for <TaskInstance: ml-workflow.read_data_preprocess_data_task 2023-01-19T11:48:45.722764+00:00 [queued]>
[2023-01-19 11:48:49,024] {taskinstance.py:1042} INFO - 
--------------------------------------------------------------------------------
[2023-01-19 11:48:49,024] {taskinstance.py:1043} INFO - Starting attempt 1 of 3
[2023-01-19 11:48:49,024] {taskinstance.py:1044} INFO - 
--------------------------------------------------------------------------------
[2023-01-19 11:48:49,045] {taskinstance.py:1063} INFO - Executing <Task(PythonOperator): read_data_preprocess_data_task> on 2023-01-19T11:48:45.722764+00:00
[2023-01-19 11:48:49,054] {standard_task_runner.py:52} INFO - Started process 14397 to run task
[2023-01-19 11:48:49,063] {standard_task_runner.py:76} INFO - Running: ['airflow', 'tasks', 'run', 'ml-workflow', 'read_data_preprocess_data_task', '2023-01-19T11:48:45.722764+00:00', '--job-id', '22', '--pool', 'default_pool', '--raw', '--subdir', 'DAGS_FOLDER/modeling_dag.py', '--cfg-path', '/tmp/tmphe6xq9eh', '--error-file', '/tmp/tmpc841c6aw']
[2023-01-19 11:48:49,070] {standard_task_runner.py:77} INFO - Job 22: Subtask read_data_preprocess_data_task
[2023-01-19 11:48:49,134] {logging_mixin.py:104} INFO - Running <TaskInstance: ml-workflow.read_data_preprocess_data_task 2023-01-19T11:48:45.722764+00:00 [running]> on host 3f7900fce849
[2023-01-19 11:48:49,197] {taskinstance.py:1257} INFO - Exporting the following env vars:
AIRFLOW_CTX_DAG_OWNER=abdessamad
AIRFLOW_CTX_DAG_ID=ml-workflow
AIRFLOW_CTX_TASK_ID=read_data_preprocess_data_task
AIRFLOW_CTX_EXECUTION_DATE=2023-01-19T11:48:45.722764+00:00
AIRFLOW_CTX_DAG_RUN_ID=manual__2023-01-19T11:48:45.722764+00:00
[2023-01-19 11:48:49,283] {logging_mixin.py:104} INFO - these are the actual files in the local storage['dags', 'logs', 'nba_logreg_processed.csv', 'unittests.cfg', 'plugins', 'airflow.cfg', 'nba_logreg_processed_test.csv', 'webserver_config.py', 'nba_logreg_processed_train.csv']
[2023-01-19 11:48:49,378] {python.py:118} INFO - Done. Returned value was: None
[2023-01-19 11:48:49,416] {taskinstance.py:1166} INFO - Marking task as SUCCESS. dag_id=ml-workflow, task_id=read_data_preprocess_data_task, execution_date=20230119T114845, start_date=20230119T114849, end_date=20230119T114849
[2023-01-19 11:48:49,503] {taskinstance.py:1220} INFO - 1 downstream tasks scheduled from follow-on schedule check
[2023-01-19 11:48:49,524] {local_task_job.py:146} INFO - Task exited with return code 0
