[2023-01-24 18:52:21,307] {taskinstance.py:851} INFO - Dependencies all met for <TaskInstance: ml-workflow.read_data_preprocess_data_task 2023-01-24T18:52:13.530507+00:00 [queued]>
[2023-01-24 18:52:21,337] {taskinstance.py:851} INFO - Dependencies all met for <TaskInstance: ml-workflow.read_data_preprocess_data_task 2023-01-24T18:52:13.530507+00:00 [queued]>
[2023-01-24 18:52:21,337] {taskinstance.py:1042} INFO - 
--------------------------------------------------------------------------------
[2023-01-24 18:52:21,337] {taskinstance.py:1043} INFO - Starting attempt 1 of 3
[2023-01-24 18:52:21,337] {taskinstance.py:1044} INFO - 
--------------------------------------------------------------------------------
[2023-01-24 18:52:21,352] {taskinstance.py:1063} INFO - Executing <Task(PythonOperator): read_data_preprocess_data_task> on 2023-01-24T18:52:13.530507+00:00
[2023-01-24 18:52:21,361] {standard_task_runner.py:52} INFO - Started process 219 to run task
[2023-01-24 18:52:21,370] {standard_task_runner.py:76} INFO - Running: ['airflow', 'tasks', 'run', 'ml-workflow', 'read_data_preprocess_data_task', '2023-01-24T18:52:13.530507+00:00', '--job-id', '2', '--pool', 'default_pool', '--raw', '--subdir', 'DAGS_FOLDER/modeling_dag.py', '--cfg-path', '/tmp/tmp94_31cma', '--error-file', '/tmp/tmpvjg8tp5m']
[2023-01-24 18:52:21,376] {standard_task_runner.py:77} INFO - Job 2: Subtask read_data_preprocess_data_task
[2023-01-24 18:52:21,459] {logging_mixin.py:104} INFO - Running <TaskInstance: ml-workflow.read_data_preprocess_data_task 2023-01-24T18:52:13.530507+00:00 [running]> on host e44705cbc5a3
[2023-01-24 18:52:21,530] {taskinstance.py:1257} INFO - Exporting the following env vars:
AIRFLOW_CTX_DAG_OWNER=abdessamad
AIRFLOW_CTX_DAG_ID=ml-workflow
AIRFLOW_CTX_TASK_ID=read_data_preprocess_data_task
AIRFLOW_CTX_EXECUTION_DATE=2023-01-24T18:52:13.530507+00:00
AIRFLOW_CTX_DAG_RUN_ID=manual__2023-01-24T18:52:13.530507+00:00
[2023-01-24 18:52:21,646] {logging_mixin.py:104} INFO - these are the actual files in the local storage['dags', 'logs', 'nba_logreg_processed.csv', 'unittests.cfg', 'plugins', 'airflow.cfg', 'webserver_config.py']
[2023-01-24 18:52:21,751] {python.py:118} INFO - Done. Returned value was: None
[2023-01-24 18:52:21,767] {taskinstance.py:1166} INFO - Marking task as SUCCESS. dag_id=ml-workflow, task_id=read_data_preprocess_data_task, execution_date=20230124T185213, start_date=20230124T185221, end_date=20230124T185221
[2023-01-24 18:52:21,841] {taskinstance.py:1220} INFO - 1 downstream tasks scheduled from follow-on schedule check
[2023-01-24 18:52:21,899] {local_task_job.py:146} INFO - Task exited with return code 0
