[2023-01-25T23:03:13.645+0000] {taskinstance.py:1083} INFO - Dependencies all met for <TaskInstance: better_workflow_3.read_data_preprocess_data_task manual__2023-01-25T23:03:09.712256+00:00 [queued]>
[2023-01-25T23:03:13.663+0000] {taskinstance.py:1083} INFO - Dependencies all met for <TaskInstance: better_workflow_3.read_data_preprocess_data_task manual__2023-01-25T23:03:09.712256+00:00 [queued]>
[2023-01-25T23:03:13.664+0000] {taskinstance.py:1279} INFO - 
--------------------------------------------------------------------------------
[2023-01-25T23:03:13.664+0000] {taskinstance.py:1280} INFO - Starting attempt 1 of 4
[2023-01-25T23:03:13.664+0000] {taskinstance.py:1281} INFO - 
--------------------------------------------------------------------------------
[2023-01-25T23:03:13.686+0000] {taskinstance.py:1300} INFO - Executing <Task(PythonOperator): read_data_preprocess_data_task> on 2023-01-25 23:03:09.712256+00:00
[2023-01-25T23:03:13.697+0000] {standard_task_runner.py:55} INFO - Started process 286 to run task
[2023-01-25T23:03:13.707+0000] {standard_task_runner.py:82} INFO - Running: ['***', 'tasks', 'run', 'better_workflow_3', 'read_data_preprocess_data_task', 'manual__2023-01-25T23:03:09.712256+00:00', '--job-id', '2', '--raw', '--subdir', 'DAGS_FOLDER/pipeline_dag.py', '--cfg-path', '/tmp/tmpdx9p1mer']
[2023-01-25T23:03:13.711+0000] {standard_task_runner.py:83} INFO - Job 2: Subtask read_data_preprocess_data_task
[2023-01-25T23:03:13.765+0000] {logging_mixin.py:137} WARNING - /home/***/.local/lib/python3.9/site-packages/***/settings.py:249 DeprecationWarning: The sql_alchemy_conn option in [core] has been moved to the sql_alchemy_conn option in [database] - the old setting has been used, but please update your config.
[2023-01-25T23:03:13.836+0000] {task_command.py:388} INFO - Running <TaskInstance: better_workflow_3.read_data_preprocess_data_task manual__2023-01-25T23:03:09.712256+00:00 [running]> on host 69914ba18a5b
[2023-01-25T23:03:13.948+0000] {taskinstance.py:1507} INFO - Exporting the following env vars:
AIRFLOW_CTX_DAG_EMAIL=baahmedabdessamad@gmail.com
AIRFLOW_CTX_DAG_OWNER=abdessamad
AIRFLOW_CTX_DAG_ID=better_workflow_3
AIRFLOW_CTX_TASK_ID=read_data_preprocess_data_task
AIRFLOW_CTX_EXECUTION_DATE=2023-01-25T23:03:09.712256+00:00
AIRFLOW_CTX_TRY_NUMBER=1
AIRFLOW_CTX_DAG_RUN_ID=manual__2023-01-25T23:03:09.712256+00:00
[2023-01-25T23:03:14.178+0000] {python.py:177} INFO - Done. Returned value was: None
[2023-01-25T23:03:14.196+0000] {taskinstance.py:1318} INFO - Marking task as SUCCESS. dag_id=better_workflow_3, task_id=read_data_preprocess_data_task, execution_date=20230125T230309, start_date=20230125T230313, end_date=20230125T230314
[2023-01-25T23:03:14.240+0000] {local_task_job.py:208} INFO - Task exited with return code 0
[2023-01-25T23:03:14.298+0000] {taskinstance.py:2578} INFO - 3 downstream tasks scheduled from follow-on schedule check
