[2023-01-19 04:53:26,978] {taskinstance.py:851} INFO - Dependencies all met for <TaskInstance: ml-workflow.train_model_with_best_parameter_task 2023-01-19T04:52:20.122969+00:00 [queued]>
[2023-01-19 04:53:26,992] {taskinstance.py:851} INFO - Dependencies all met for <TaskInstance: ml-workflow.train_model_with_best_parameter_task 2023-01-19T04:52:20.122969+00:00 [queued]>
[2023-01-19 04:53:26,992] {taskinstance.py:1042} INFO - 
--------------------------------------------------------------------------------
[2023-01-19 04:53:26,992] {taskinstance.py:1043} INFO - Starting attempt 1 of 3
[2023-01-19 04:53:26,992] {taskinstance.py:1044} INFO - 
--------------------------------------------------------------------------------
[2023-01-19 04:53:27,021] {taskinstance.py:1063} INFO - Executing <Task(PythonOperator): train_model_with_best_parameter_task> on 2023-01-19T04:52:20.122969+00:00
[2023-01-19 04:53:27,030] {standard_task_runner.py:52} INFO - Started process 1792 to run task
[2023-01-19 04:53:27,041] {standard_task_runner.py:76} INFO - Running: ['airflow', 'tasks', 'run', 'ml-workflow', 'train_model_with_best_parameter_task', '2023-01-19T04:52:20.122969+00:00', '--job-id', '16', '--pool', 'default_pool', '--raw', '--subdir', 'DAGS_FOLDER/modeling_dag.py', '--cfg-path', '/tmp/tmpkm9co_65', '--error-file', '/tmp/tmpgs_1gmdu']
[2023-01-19 04:53:27,047] {standard_task_runner.py:77} INFO - Job 16: Subtask train_model_with_best_parameter_task
[2023-01-19 04:53:27,112] {logging_mixin.py:104} INFO - Running <TaskInstance: ml-workflow.train_model_with_best_parameter_task 2023-01-19T04:52:20.122969+00:00 [running]> on host 3f7900fce849
[2023-01-19 04:53:27,175] {taskinstance.py:1257} INFO - Exporting the following env vars:
AIRFLOW_CTX_DAG_OWNER=abdessamad
AIRFLOW_CTX_DAG_ID=ml-workflow
AIRFLOW_CTX_TASK_ID=train_model_with_best_parameter_task
AIRFLOW_CTX_EXECUTION_DATE=2023-01-19T04:52:20.122969+00:00
AIRFLOW_CTX_DAG_RUN_ID=manual__2023-01-19T04:52:20.122969+00:00
[2023-01-19 04:53:27,417] {logging_mixin.py:104} WARNING - 2023/01/19 04:53:27 WARNING mlflow.tracking.context.git_context: Failed to import Git (the Git executable is probably not on your PATH), so Git SHA is not available. Error: Failed to initialize: Bad git executable.
The git executable must be specified in one of the following ways:
    - be included in your $PATH
    - be set via $GIT_PYTHON_GIT_EXECUTABLE
    - explicitly set via git.refresh()

All git commands will error until this is rectified.

This initial warning can be silenced or aggravated in the future by setting the
$GIT_PYTHON_REFRESH environment variable. Use one of the following values:
    - quiet|q|silence|s|none|n|0: for no warning or exception
    - warn|w|warning|1: for a printed warning
    - error|e|raise|r|2: for a raised exception

Example:
    export GIT_PYTHON_REFRESH=quiet
[2023-01-19 04:53:27,417] {logging_mixin.py:104} WARNING - 
[2023-01-19 04:53:27,480] {logging_mixin.py:104} INFO - this is the best hyperparameters:  {'learning_rate': 0.059691316014375176, 'max_depth': 103, 'min_child_weight': 2.4831786278510237, 'reg_alpha': 0.008140336587257548, 'reg_lambda': 0.06919806595871367, 'objective': 'binary:logistic', 'seed': 42}
[2023-01-19 04:53:27,579] {logging_mixin.py:104} INFO - [04:53:27] WARNING: ../src/learner.cc:1115: Starting in XGBoost 1.3.0, the default evaluation metric used with the objective 'binary:logistic' was changed from 'error' to 'logloss'. Explicitly set eval_metric if you'd like to restore the old behavior.
[2023-01-19 04:53:27,580] {logging_mixin.py:104} INFO - [0]	validation-logloss:0.68420
[2023-01-19 04:53:27,587] {logging_mixin.py:104} INFO - [1]	validation-logloss:0.67149
[2023-01-19 04:53:27,593] {logging_mixin.py:104} INFO - [2]	validation-logloss:0.66424
[2023-01-19 04:53:27,600] {logging_mixin.py:104} INFO - [3]	validation-logloss:0.65643
[2023-01-19 04:53:27,607] {logging_mixin.py:104} INFO - [4]	validation-logloss:0.65065
[2023-01-19 04:53:27,613] {logging_mixin.py:104} INFO - [5]	validation-logloss:0.64613
[2023-01-19 04:53:27,620] {logging_mixin.py:104} INFO - [6]	validation-logloss:0.64210
[2023-01-19 04:53:27,626] {logging_mixin.py:104} INFO - [7]	validation-logloss:0.63685
[2023-01-19 04:53:27,633] {logging_mixin.py:104} INFO - [8]	validation-logloss:0.63137
[2023-01-19 04:53:27,639] {logging_mixin.py:104} INFO - [9]	validation-logloss:0.62970
[2023-01-19 04:53:27,646] {logging_mixin.py:104} INFO - [10]	validation-logloss:0.62436
[2023-01-19 04:53:27,652] {logging_mixin.py:104} INFO - [11]	validation-logloss:0.62116
[2023-01-19 04:53:27,659] {logging_mixin.py:104} INFO - [12]	validation-logloss:0.61849
[2023-01-19 04:53:27,665] {logging_mixin.py:104} INFO - [13]	validation-logloss:0.61699
[2023-01-19 04:53:27,672] {logging_mixin.py:104} INFO - [14]	validation-logloss:0.61550
[2023-01-19 04:53:27,678] {logging_mixin.py:104} INFO - [15]	validation-logloss:0.61333
[2023-01-19 04:53:27,685] {logging_mixin.py:104} INFO - [16]	validation-logloss:0.61341
[2023-01-19 04:53:27,691] {logging_mixin.py:104} INFO - [17]	validation-logloss:0.61297
[2023-01-19 04:53:27,698] {logging_mixin.py:104} INFO - [18]	validation-logloss:0.61031
[2023-01-19 04:53:27,704] {logging_mixin.py:104} INFO - [19]	validation-logloss:0.60995
[2023-01-19 04:53:27,711] {logging_mixin.py:104} INFO - [20]	validation-logloss:0.60981
[2023-01-19 04:53:27,718] {logging_mixin.py:104} INFO - [21]	validation-logloss:0.60801
[2023-01-19 04:53:27,725] {logging_mixin.py:104} INFO - [22]	validation-logloss:0.60596
[2023-01-19 04:53:27,732] {logging_mixin.py:104} INFO - [23]	validation-logloss:0.60559
[2023-01-19 04:53:27,739] {logging_mixin.py:104} INFO - [24]	validation-logloss:0.60289
[2023-01-19 04:53:27,746] {logging_mixin.py:104} INFO - [25]	validation-logloss:0.60586
[2023-01-19 04:53:27,753] {logging_mixin.py:104} INFO - [26]	validation-logloss:0.60667
[2023-01-19 04:53:27,759] {logging_mixin.py:104} INFO - [27]	validation-logloss:0.60582
[2023-01-19 04:53:27,765] {logging_mixin.py:104} INFO - [28]	validation-logloss:0.60551
[2023-01-19 04:53:27,771] {logging_mixin.py:104} INFO - [29]	validation-logloss:0.60601
[2023-01-19 04:53:27,777] {logging_mixin.py:104} INFO - [30]	validation-logloss:0.60632
[2023-01-19 04:53:27,784] {logging_mixin.py:104} INFO - [31]	validation-logloss:0.60735
[2023-01-19 04:53:27,789] {logging_mixin.py:104} INFO - [32]	validation-logloss:0.60621
[2023-01-19 04:53:27,796] {logging_mixin.py:104} INFO - [33]	validation-logloss:0.60659
[2023-01-19 04:53:27,801] {logging_mixin.py:104} INFO - [34]	validation-logloss:0.60608
[2023-01-19 04:53:27,808] {logging_mixin.py:104} INFO - [35]	validation-logloss:0.60795
[2023-01-19 04:53:27,815] {logging_mixin.py:104} INFO - [36]	validation-logloss:0.60644
[2023-01-19 04:53:27,821] {logging_mixin.py:104} INFO - [37]	validation-logloss:0.60882
[2023-01-19 04:53:27,827] {logging_mixin.py:104} INFO - [38]	validation-logloss:0.60849
[2023-01-19 04:53:27,833] {logging_mixin.py:104} INFO - [39]	validation-logloss:0.60879
[2023-01-19 04:53:27,839] {logging_mixin.py:104} INFO - [40]	validation-logloss:0.60993
[2023-01-19 04:53:27,845] {logging_mixin.py:104} INFO - [41]	validation-logloss:0.60925
[2023-01-19 04:53:27,851] {logging_mixin.py:104} INFO - [42]	validation-logloss:0.60954
[2023-01-19 04:53:27,858] {logging_mixin.py:104} INFO - [43]	validation-logloss:0.60971
[2023-01-19 04:53:27,864] {logging_mixin.py:104} INFO - [44]	validation-logloss:0.60994
[2023-01-19 04:53:27,870] {logging_mixin.py:104} INFO - [45]	validation-logloss:0.61194
[2023-01-19 04:53:27,877] {logging_mixin.py:104} INFO - [46]	validation-logloss:0.61261
[2023-01-19 04:53:27,883] {logging_mixin.py:104} INFO - [47]	validation-logloss:0.61200
[2023-01-19 04:53:27,890] {logging_mixin.py:104} INFO - [48]	validation-logloss:0.61054
[2023-01-19 04:53:27,897] {logging_mixin.py:104} INFO - [49]	validation-logloss:0.61048
[2023-01-19 04:53:27,903] {logging_mixin.py:104} INFO - [50]	validation-logloss:0.60988
[2023-01-19 04:53:27,910] {logging_mixin.py:104} INFO - [51]	validation-logloss:0.60981
[2023-01-19 04:53:27,917] {logging_mixin.py:104} INFO - [52]	validation-logloss:0.61077
[2023-01-19 04:53:27,923] {logging_mixin.py:104} INFO - [53]	validation-logloss:0.61416
[2023-01-19 04:53:27,930] {logging_mixin.py:104} INFO - [54]	validation-logloss:0.61476
[2023-01-19 04:53:27,935] {logging_mixin.py:104} INFO - [55]	validation-logloss:0.61423
[2023-01-19 04:53:27,942] {logging_mixin.py:104} INFO - [56]	validation-logloss:0.61395
[2023-01-19 04:53:27,949] {logging_mixin.py:104} INFO - [57]	validation-logloss:0.61336
[2023-01-19 04:53:27,955] {logging_mixin.py:104} INFO - [58]	validation-logloss:0.61335
[2023-01-19 04:53:27,961] {logging_mixin.py:104} INFO - [59]	validation-logloss:0.61374
[2023-01-19 04:53:27,968] {logging_mixin.py:104} INFO - [60]	validation-logloss:0.61358
[2023-01-19 04:53:28,019] {logging_mixin.py:104} INFO - [61]	validation-logloss:0.61314
[2023-01-19 04:53:28,030] {logging_mixin.py:104} INFO - [62]	validation-logloss:0.61279
[2023-01-19 04:53:28,047] {logging_mixin.py:104} INFO - [63]	validation-logloss:0.61447
[2023-01-19 04:53:28,054] {logging_mixin.py:104} INFO - [64]	validation-logloss:0.61610
[2023-01-19 04:53:28,061] {logging_mixin.py:104} INFO - [65]	validation-logloss:0.61472
[2023-01-19 04:53:28,067] {logging_mixin.py:104} INFO - [66]	validation-logloss:0.61533
[2023-01-19 04:53:28,073] {logging_mixin.py:104} INFO - [67]	validation-logloss:0.61766
[2023-01-19 04:53:28,079] {logging_mixin.py:104} INFO - [68]	validation-logloss:0.61907
[2023-01-19 04:53:28,085] {logging_mixin.py:104} INFO - [69]	validation-logloss:0.61834
[2023-01-19 04:53:28,092] {logging_mixin.py:104} INFO - [70]	validation-logloss:0.61735
[2023-01-19 04:53:28,100] {logging_mixin.py:104} INFO - [71]	validation-logloss:0.61821
[2023-01-19 04:53:28,110] {logging_mixin.py:104} INFO - [72]	validation-logloss:0.61766
[2023-01-19 04:53:28,116] {logging_mixin.py:104} INFO - [73]	validation-logloss:0.61934
[2023-01-19 04:53:28,122] {logging_mixin.py:104} INFO - [74]	validation-logloss:0.61713
[2023-01-19 04:53:28,164] {logging_mixin.py:104} INFO - this is the y_pred:  [1. 0. 0. 1. 0. 0. 1. 0. 1. 1. 1. 0. 1. 1. 0. 1. 1. 0. 0. 0. 0. 1. 1. 0.
 1. 1. 1. 0. 1. 0. 1. 1. 1. 0. 0. 1. 1. 1. 0. 1. 1. 1. 0. 0. 1. 1. 1. 1.
 1. 1. 0. 1. 0. 1. 1. 0. 0. 0. 1. 0. 1. 0. 1. 0. 0. 1. 1. 1. 1. 0. 1. 1.
 1. 0. 1. 0. 1. 1. 1. 0. 0. 1. 1. 0. 1. 1. 0. 0. 0. 1. 0. 0. 1. 1. 1. 1.
 1. 1. 0. 1. 1. 0. 1. 0. 0. 1. 1. 1. 1. 1. 0. 1. 1. 1. 1. 0. 0. 0. 1. 0.
 1. 1. 0. 0. 0. 1. 1. 1. 1. 0. 0. 1. 0. 0. 1. 1. 1. 1. 1. 1. 1. 1. 1. 0.
 1. 1. 1. 1. 1. 1. 1. 1. 1. 1. 1. 1. 0. 1. 1. 1. 1. 0. 1. 1. 1. 1. 1. 1.
 1. 1. 0. 0. 1. 1. 1. 1. 1. 0. 1. 1. 1. 1. 0. 1. 1. 1. 1. 0. 1. 0. 0. 0.
 1. 1. 1. 1. 1. 1. 1. 1. 0. 0. 1. 0. 0. 0. 1. 0. 1. 1. 1. 0. 1. 1. 1.]
[2023-01-19 04:53:31,849] {python.py:118} INFO - Done. Returned value was: None
[2023-01-19 04:53:31,870] {taskinstance.py:1166} INFO - Marking task as SUCCESS. dag_id=ml-workflow, task_id=train_model_with_best_parameter_task, execution_date=20230119T045220, start_date=20230119T045326, end_date=20230119T045331
[2023-01-19 04:53:31,944] {taskinstance.py:1220} INFO - 1 downstream tasks scheduled from follow-on schedule check
[2023-01-19 04:53:32,016] {local_task_job.py:146} INFO - Task exited with return code 0
