[2023-01-19 04:21:39,689] {taskinstance.py:851} INFO - Dependencies all met for <TaskInstance: ml-workflow.read_data_preprocess_data_task 2023-01-19T04:21:37.612752+00:00 [queued]>
[2023-01-19 04:21:39,704] {taskinstance.py:851} INFO - Dependencies all met for <TaskInstance: ml-workflow.read_data_preprocess_data_task 2023-01-19T04:21:37.612752+00:00 [queued]>
[2023-01-19 04:21:39,704] {taskinstance.py:1042} INFO - 
--------------------------------------------------------------------------------
[2023-01-19 04:21:39,704] {taskinstance.py:1043} INFO - Starting attempt 1 of 3
[2023-01-19 04:21:39,705] {taskinstance.py:1044} INFO - 
--------------------------------------------------------------------------------
[2023-01-19 04:21:39,718] {taskinstance.py:1063} INFO - Executing <Task(PythonOperator): read_data_preprocess_data_task> on 2023-01-19T04:21:37.612752+00:00
[2023-01-19 04:21:39,725] {standard_task_runner.py:52} INFO - Started process 819 to run task
[2023-01-19 04:21:39,731] {standard_task_runner.py:76} INFO - Running: ['airflow', 'tasks', 'run', 'ml-workflow', 'read_data_preprocess_data_task', '2023-01-19T04:21:37.612752+00:00', '--job-id', '10', '--pool', 'default_pool', '--raw', '--subdir', 'DAGS_FOLDER/modeling_dag.py', '--cfg-path', '/tmp/tmps1fmzic_', '--error-file', '/tmp/tmphuhqfywb']
[2023-01-19 04:21:39,735] {standard_task_runner.py:77} INFO - Job 10: Subtask read_data_preprocess_data_task
[2023-01-19 04:21:39,779] {logging_mixin.py:104} INFO - Running <TaskInstance: ml-workflow.read_data_preprocess_data_task 2023-01-19T04:21:37.612752+00:00 [running]> on host 3f7900fce849
[2023-01-19 04:21:39,832] {taskinstance.py:1257} INFO - Exporting the following env vars:
AIRFLOW_CTX_DAG_OWNER=abdessamad
AIRFLOW_CTX_DAG_ID=ml-workflow
AIRFLOW_CTX_TASK_ID=read_data_preprocess_data_task
AIRFLOW_CTX_EXECUTION_DATE=2023-01-19T04:21:37.612752+00:00
AIRFLOW_CTX_DAG_RUN_ID=manual__2023-01-19T04:21:37.612752+00:00
[2023-01-19 04:21:39,991] {logging_mixin.py:104} INFO - these are the actual files in the local storage['dags', 'logs', 'nba_logreg_processed.csv', 'unittests.cfg', 'plugins', 'airflow.cfg', 'webserver_config.py']
[2023-01-19 04:21:40,091] {python.py:118} INFO - Done. Returned value was: None
[2023-01-19 04:21:40,105] {taskinstance.py:1166} INFO - Marking task as SUCCESS. dag_id=ml-workflow, task_id=read_data_preprocess_data_task, execution_date=20230119T042137, start_date=20230119T042139, end_date=20230119T042140
[2023-01-19 04:21:40,160] {taskinstance.py:1220} INFO - 1 downstream tasks scheduled from follow-on schedule check
[2023-01-19 04:21:40,203] {local_task_job.py:146} INFO - Task exited with return code 0
