[2023-01-30T00:00:07.432+0000] {processor.py:153} INFO - Started process (PID=207657) to work on /opt/airflow/dags/pipeline_dag.py
[2023-01-30T00:00:07.438+0000] {processor.py:743} INFO - Processing file /opt/airflow/dags/pipeline_dag.py for tasks to queue
[2023-01-30T00:00:07.441+0000] {logging_mixin.py:137} INFO - [2023-01-30T00:00:07.441+0000] {dagbag.py:538} INFO - Filling up the DagBag from /opt/airflow/dags/pipeline_dag.py
[2023-01-30T00:00:12.989+0000] {processor.py:753} INFO - DAG(s) dict_keys(['better_workflow_3']) retrieved from /opt/airflow/dags/pipeline_dag.py
[2023-01-30T00:00:13.297+0000] {logging_mixin.py:137} INFO - [2023-01-30T00:00:13.295+0000] {dag.py:2690} INFO - Sync 1 DAGs
[2023-01-30T00:00:13.366+0000] {logging_mixin.py:137} INFO - [2023-01-30T00:00:13.366+0000] {dag.py:3437} INFO - Setting next_dagrun for better_workflow_3 to 2023-01-30T00:00:12.947654+00:00, run_after=2023-01-31T00:00:12.947654+00:00
[2023-01-30T00:00:13.455+0000] {processor.py:175} INFO - Processing /opt/airflow/dags/pipeline_dag.py took 6.050 seconds
[2023-01-30T00:00:23.538+0000] {processor.py:153} INFO - Started process (PID=207664) to work on /opt/airflow/dags/pipeline_dag.py
[2023-01-30T00:00:23.539+0000] {processor.py:743} INFO - Processing file /opt/airflow/dags/pipeline_dag.py for tasks to queue
[2023-01-30T00:00:23.540+0000] {logging_mixin.py:137} INFO - [2023-01-30T00:00:23.540+0000] {dagbag.py:538} INFO - Filling up the DagBag from /opt/airflow/dags/pipeline_dag.py
[2023-01-30T00:00:25.036+0000] {processor.py:753} INFO - DAG(s) dict_keys(['better_workflow_3']) retrieved from /opt/airflow/dags/pipeline_dag.py
[2023-01-30T00:00:25.049+0000] {logging_mixin.py:137} INFO - [2023-01-30T00:00:25.049+0000] {dag.py:2690} INFO - Sync 1 DAGs
[2023-01-30T00:00:25.074+0000] {logging_mixin.py:137} INFO - [2023-01-30T00:00:25.074+0000] {dag.py:3437} INFO - Setting next_dagrun for better_workflow_3 to 2023-01-30T00:00:25.027706+00:00, run_after=2023-01-31T00:00:25.027706+00:00
[2023-01-30T00:00:25.100+0000] {processor.py:175} INFO - Processing /opt/airflow/dags/pipeline_dag.py took 1.566 seconds
[2023-01-30T00:00:35.201+0000] {processor.py:153} INFO - Started process (PID=207671) to work on /opt/airflow/dags/pipeline_dag.py
[2023-01-30T00:00:35.202+0000] {processor.py:743} INFO - Processing file /opt/airflow/dags/pipeline_dag.py for tasks to queue
[2023-01-30T00:00:35.202+0000] {logging_mixin.py:137} INFO - [2023-01-30T00:00:35.202+0000] {dagbag.py:538} INFO - Filling up the DagBag from /opt/airflow/dags/pipeline_dag.py
[2023-01-30T00:00:36.726+0000] {processor.py:753} INFO - DAG(s) dict_keys(['better_workflow_3']) retrieved from /opt/airflow/dags/pipeline_dag.py
[2023-01-30T00:00:36.739+0000] {logging_mixin.py:137} INFO - [2023-01-30T00:00:36.738+0000] {dag.py:2690} INFO - Sync 1 DAGs
[2023-01-30T00:00:36.760+0000] {logging_mixin.py:137} INFO - [2023-01-30T00:00:36.760+0000] {dag.py:3437} INFO - Setting next_dagrun for better_workflow_3 to 2023-01-30T00:00:36.717148+00:00, run_after=2023-01-31T00:00:36.717148+00:00
[2023-01-30T00:00:36.778+0000] {processor.py:175} INFO - Processing /opt/airflow/dags/pipeline_dag.py took 1.583 seconds
[2023-01-30T00:00:46.876+0000] {processor.py:153} INFO - Started process (PID=207678) to work on /opt/airflow/dags/pipeline_dag.py
[2023-01-30T00:00:46.878+0000] {processor.py:743} INFO - Processing file /opt/airflow/dags/pipeline_dag.py for tasks to queue
[2023-01-30T00:00:46.879+0000] {logging_mixin.py:137} INFO - [2023-01-30T00:00:46.879+0000] {dagbag.py:538} INFO - Filling up the DagBag from /opt/airflow/dags/pipeline_dag.py
[2023-01-30T00:00:49.054+0000] {processor.py:753} INFO - DAG(s) dict_keys(['better_workflow_3']) retrieved from /opt/airflow/dags/pipeline_dag.py
[2023-01-30T00:00:49.169+0000] {logging_mixin.py:137} INFO - [2023-01-30T00:00:49.168+0000] {dag.py:2690} INFO - Sync 1 DAGs
[2023-01-30T00:00:49.244+0000] {logging_mixin.py:137} INFO - [2023-01-30T00:00:49.244+0000] {dag.py:3437} INFO - Setting next_dagrun for better_workflow_3 to 2023-01-30T00:00:49.041498+00:00, run_after=2023-01-31T00:00:49.041498+00:00
[2023-01-30T00:00:49.289+0000] {processor.py:175} INFO - Processing /opt/airflow/dags/pipeline_dag.py took 2.419 seconds
[2023-01-30T00:00:59.399+0000] {processor.py:153} INFO - Started process (PID=207685) to work on /opt/airflow/dags/pipeline_dag.py
[2023-01-30T00:00:59.400+0000] {processor.py:743} INFO - Processing file /opt/airflow/dags/pipeline_dag.py for tasks to queue
[2023-01-30T00:00:59.401+0000] {logging_mixin.py:137} INFO - [2023-01-30T00:00:59.401+0000] {dagbag.py:538} INFO - Filling up the DagBag from /opt/airflow/dags/pipeline_dag.py
[2023-01-30T00:01:00.957+0000] {processor.py:753} INFO - DAG(s) dict_keys(['better_workflow_3']) retrieved from /opt/airflow/dags/pipeline_dag.py
[2023-01-30T00:01:00.971+0000] {logging_mixin.py:137} INFO - [2023-01-30T00:01:00.971+0000] {dag.py:2690} INFO - Sync 1 DAGs
[2023-01-30T00:01:00.992+0000] {logging_mixin.py:137} INFO - [2023-01-30T00:01:00.992+0000] {dag.py:3437} INFO - Setting next_dagrun for better_workflow_3 to 2023-01-30T00:01:00.948707+00:00, run_after=2023-01-31T00:01:00.948707+00:00
[2023-01-30T00:01:01.011+0000] {processor.py:175} INFO - Processing /opt/airflow/dags/pipeline_dag.py took 1.617 seconds
[2023-01-30T00:01:11.096+0000] {processor.py:153} INFO - Started process (PID=207692) to work on /opt/airflow/dags/pipeline_dag.py
[2023-01-30T00:01:11.097+0000] {processor.py:743} INFO - Processing file /opt/airflow/dags/pipeline_dag.py for tasks to queue
[2023-01-30T00:01:11.098+0000] {logging_mixin.py:137} INFO - [2023-01-30T00:01:11.098+0000] {dagbag.py:538} INFO - Filling up the DagBag from /opt/airflow/dags/pipeline_dag.py
[2023-01-30T00:01:12.530+0000] {processor.py:753} INFO - DAG(s) dict_keys(['better_workflow_3']) retrieved from /opt/airflow/dags/pipeline_dag.py
[2023-01-30T00:01:12.543+0000] {logging_mixin.py:137} INFO - [2023-01-30T00:01:12.542+0000] {dag.py:2690} INFO - Sync 1 DAGs
[2023-01-30T00:01:12.575+0000] {logging_mixin.py:137} INFO - [2023-01-30T00:01:12.575+0000] {dag.py:3437} INFO - Setting next_dagrun for better_workflow_3 to 2023-01-30T00:01:12.520502+00:00, run_after=2023-01-31T00:01:12.520502+00:00
[2023-01-30T00:01:12.596+0000] {processor.py:175} INFO - Processing /opt/airflow/dags/pipeline_dag.py took 1.504 seconds
[2023-01-30T00:01:22.704+0000] {processor.py:153} INFO - Started process (PID=207699) to work on /opt/airflow/dags/pipeline_dag.py
[2023-01-30T00:01:22.709+0000] {processor.py:743} INFO - Processing file /opt/airflow/dags/pipeline_dag.py for tasks to queue
[2023-01-30T00:01:22.710+0000] {logging_mixin.py:137} INFO - [2023-01-30T00:01:22.710+0000] {dagbag.py:538} INFO - Filling up the DagBag from /opt/airflow/dags/pipeline_dag.py
[2023-01-30T00:01:25.035+0000] {processor.py:753} INFO - DAG(s) dict_keys(['better_workflow_3']) retrieved from /opt/airflow/dags/pipeline_dag.py
[2023-01-30T00:01:25.121+0000] {logging_mixin.py:137} INFO - [2023-01-30T00:01:25.120+0000] {dag.py:2690} INFO - Sync 1 DAGs
[2023-01-30T00:01:25.152+0000] {logging_mixin.py:137} INFO - [2023-01-30T00:01:25.152+0000] {dag.py:3437} INFO - Setting next_dagrun for better_workflow_3 to 2023-01-30T00:01:25.017289+00:00, run_after=2023-01-31T00:01:25.017289+00:00
[2023-01-30T00:01:25.186+0000] {processor.py:175} INFO - Processing /opt/airflow/dags/pipeline_dag.py took 2.489 seconds
