[2023-01-24 18:53:47,084] {taskinstance.py:851} INFO - Dependencies all met for <TaskInstance: ml-workflow.train_model_with_best_parameter_task 2023-01-24T18:52:13.530507+00:00 [queued]>
[2023-01-24 18:53:47,101] {taskinstance.py:851} INFO - Dependencies all met for <TaskInstance: ml-workflow.train_model_with_best_parameter_task 2023-01-24T18:52:13.530507+00:00 [queued]>
[2023-01-24 18:53:47,102] {taskinstance.py:1042} INFO - 
--------------------------------------------------------------------------------
[2023-01-24 18:53:47,102] {taskinstance.py:1043} INFO - Starting attempt 1 of 3
[2023-01-24 18:53:47,102] {taskinstance.py:1044} INFO - 
--------------------------------------------------------------------------------
[2023-01-24 18:53:47,111] {taskinstance.py:1063} INFO - Executing <Task(PythonOperator): train_model_with_best_parameter_task> on 2023-01-24T18:52:13.530507+00:00
[2023-01-24 18:53:47,118] {standard_task_runner.py:52} INFO - Started process 264 to run task
[2023-01-24 18:53:47,123] {standard_task_runner.py:76} INFO - Running: ['airflow', 'tasks', 'run', 'ml-workflow', 'train_model_with_best_parameter_task', '2023-01-24T18:52:13.530507+00:00', '--job-id', '4', '--pool', 'default_pool', '--raw', '--subdir', 'DAGS_FOLDER/modeling_dag.py', '--cfg-path', '/tmp/tmpulpf3nq4', '--error-file', '/tmp/tmphdd9rqaj']
[2023-01-24 18:53:47,127] {standard_task_runner.py:77} INFO - Job 4: Subtask train_model_with_best_parameter_task
[2023-01-24 18:53:47,167] {logging_mixin.py:104} INFO - Running <TaskInstance: ml-workflow.train_model_with_best_parameter_task 2023-01-24T18:52:13.530507+00:00 [running]> on host e44705cbc5a3
[2023-01-24 18:53:47,205] {taskinstance.py:1257} INFO - Exporting the following env vars:
AIRFLOW_CTX_DAG_OWNER=abdessamad
AIRFLOW_CTX_DAG_ID=ml-workflow
AIRFLOW_CTX_TASK_ID=train_model_with_best_parameter_task
AIRFLOW_CTX_EXECUTION_DATE=2023-01-24T18:52:13.530507+00:00
AIRFLOW_CTX_DAG_RUN_ID=manual__2023-01-24T18:52:13.530507+00:00
[2023-01-24 18:53:47,353] {logging_mixin.py:104} WARNING - 2023/01/24 18:53:47 WARNING mlflow.tracking.context.git_context: Failed to import Git (the Git executable is probably not on your PATH), so Git SHA is not available. Error: Failed to initialize: Bad git executable.
The git executable must be specified in one of the following ways:
    - be included in your $PATH
    - be set via $GIT_PYTHON_GIT_EXECUTABLE
    - explicitly set via git.refresh()

All git commands will error until this is rectified.

This initial warning can be silenced or aggravated in the future by setting the
$GIT_PYTHON_REFRESH environment variable. Use one of the following values:
    - quiet|q|silence|s|none|n|0: for no warning or exception
    - warn|w|warning|1: for a printed warning
    - error|e|raise|r|2: for a raised exception

Example:
    export GIT_PYTHON_REFRESH=quiet
[2023-01-24 18:53:47,353] {logging_mixin.py:104} WARNING - 
[2023-01-24 18:53:47,402] {logging_mixin.py:104} INFO - this is the best hyperparameters:  {'learning_rate': 0.4372136684203515, 'max_depth': 193, 'min_child_weight': 3.461713923474912, 'reg_alpha': 0.07253241220130575, 'reg_lambda': 0.0026631173778180485, 'objective': 'binary:logistic', 'seed': 42}
[2023-01-24 18:53:47,492] {logging_mixin.py:104} INFO - [18:53:47] WARNING: ../src/learner.cc:1115: Starting in XGBoost 1.3.0, the default evaluation metric used with the objective 'binary:logistic' was changed from 'error' to 'logloss'. Explicitly set eval_metric if you'd like to restore the old behavior.
[2023-01-24 18:53:47,493] {logging_mixin.py:104} INFO - [0]	validation-logloss:0.63823
[2023-01-24 18:53:47,499] {logging_mixin.py:104} INFO - [1]	validation-logloss:0.62156
[2023-01-24 18:53:47,505] {logging_mixin.py:104} INFO - [2]	validation-logloss:0.62339
[2023-01-24 18:53:47,511] {logging_mixin.py:104} INFO - [3]	validation-logloss:0.61262
[2023-01-24 18:53:47,517] {logging_mixin.py:104} INFO - [4]	validation-logloss:0.61152
[2023-01-24 18:53:47,523] {logging_mixin.py:104} INFO - [5]	validation-logloss:0.61617
[2023-01-24 18:53:47,529] {logging_mixin.py:104} INFO - [6]	validation-logloss:0.62419
[2023-01-24 18:53:47,534] {logging_mixin.py:104} INFO - [7]	validation-logloss:0.63921
[2023-01-24 18:53:47,540] {logging_mixin.py:104} INFO - [8]	validation-logloss:0.63224
[2023-01-24 18:53:47,546] {logging_mixin.py:104} INFO - [9]	validation-logloss:0.63217
[2023-01-24 18:53:47,552] {logging_mixin.py:104} INFO - [10]	validation-logloss:0.64303
[2023-01-24 18:53:47,557] {logging_mixin.py:104} INFO - [11]	validation-logloss:0.63685
[2023-01-24 18:53:47,563] {logging_mixin.py:104} INFO - [12]	validation-logloss:0.64939
[2023-01-24 18:53:47,568] {logging_mixin.py:104} INFO - [13]	validation-logloss:0.65242
[2023-01-24 18:53:47,573] {logging_mixin.py:104} INFO - [14]	validation-logloss:0.66978
[2023-01-24 18:53:47,579] {logging_mixin.py:104} INFO - [15]	validation-logloss:0.67546
[2023-01-24 18:53:47,584] {logging_mixin.py:104} INFO - [16]	validation-logloss:0.68140
[2023-01-24 18:53:47,589] {logging_mixin.py:104} INFO - [17]	validation-logloss:0.67858
[2023-01-24 18:53:47,594] {logging_mixin.py:104} INFO - [18]	validation-logloss:0.67580
[2023-01-24 18:53:47,599] {logging_mixin.py:104} INFO - [19]	validation-logloss:0.68352
[2023-01-24 18:53:47,604] {logging_mixin.py:104} INFO - [20]	validation-logloss:0.69479
[2023-01-24 18:53:47,609] {logging_mixin.py:104} INFO - [21]	validation-logloss:0.69401
[2023-01-24 18:53:47,614] {logging_mixin.py:104} INFO - [22]	validation-logloss:0.71106
[2023-01-24 18:53:47,619] {logging_mixin.py:104} INFO - [23]	validation-logloss:0.70946
[2023-01-24 18:53:47,624] {logging_mixin.py:104} INFO - [24]	validation-logloss:0.70892
[2023-01-24 18:53:47,630] {logging_mixin.py:104} INFO - [25]	validation-logloss:0.72362
[2023-01-24 18:53:47,635] {logging_mixin.py:104} INFO - [26]	validation-logloss:0.72788
[2023-01-24 18:53:47,640] {logging_mixin.py:104} INFO - [27]	validation-logloss:0.74048
[2023-01-24 18:53:47,645] {logging_mixin.py:104} INFO - [28]	validation-logloss:0.73539
[2023-01-24 18:53:47,649] {logging_mixin.py:104} INFO - [29]	validation-logloss:0.74279
[2023-01-24 18:53:47,657] {logging_mixin.py:104} INFO - [30]	validation-logloss:0.74684
[2023-01-24 18:53:47,662] {logging_mixin.py:104} INFO - [31]	validation-logloss:0.74284
[2023-01-24 18:53:47,667] {logging_mixin.py:104} INFO - [32]	validation-logloss:0.73699
[2023-01-24 18:53:47,672] {logging_mixin.py:104} INFO - [33]	validation-logloss:0.74357
[2023-01-24 18:53:47,677] {logging_mixin.py:104} INFO - [34]	validation-logloss:0.74014
[2023-01-24 18:53:47,682] {logging_mixin.py:104} INFO - [35]	validation-logloss:0.74172
[2023-01-24 18:53:47,686] {logging_mixin.py:104} INFO - [36]	validation-logloss:0.74299
[2023-01-24 18:53:47,691] {logging_mixin.py:104} INFO - [37]	validation-logloss:0.74342
[2023-01-24 18:53:47,696] {logging_mixin.py:104} INFO - [38]	validation-logloss:0.74177
[2023-01-24 18:53:47,701] {logging_mixin.py:104} INFO - [39]	validation-logloss:0.74587
[2023-01-24 18:53:47,744] {logging_mixin.py:104} INFO - [40]	validation-logloss:0.74708
[2023-01-24 18:53:47,749] {logging_mixin.py:104} INFO - [41]	validation-logloss:0.75557
[2023-01-24 18:53:47,754] {logging_mixin.py:104} INFO - [42]	validation-logloss:0.76006
[2023-01-24 18:53:47,759] {logging_mixin.py:104} INFO - [43]	validation-logloss:0.76333
[2023-01-24 18:53:47,764] {logging_mixin.py:104} INFO - [44]	validation-logloss:0.77523
[2023-01-24 18:53:47,770] {logging_mixin.py:104} INFO - [45]	validation-logloss:0.77892
[2023-01-24 18:53:47,777] {logging_mixin.py:104} INFO - [46]	validation-logloss:0.77725
[2023-01-24 18:53:47,782] {logging_mixin.py:104} INFO - [47]	validation-logloss:0.77631
[2023-01-24 18:53:47,786] {logging_mixin.py:104} INFO - [48]	validation-logloss:0.78104
[2023-01-24 18:53:47,793] {logging_mixin.py:104} INFO - [49]	validation-logloss:0.77885
[2023-01-24 18:53:47,798] {logging_mixin.py:104} INFO - [50]	validation-logloss:0.78256
[2023-01-24 18:53:47,808] {logging_mixin.py:104} INFO - [51]	validation-logloss:0.78539
[2023-01-24 18:53:47,814] {logging_mixin.py:104} INFO - [52]	validation-logloss:0.78363
[2023-01-24 18:53:47,824] {logging_mixin.py:104} INFO - [53]	validation-logloss:0.78788
[2023-01-24 18:53:47,842] {logging_mixin.py:104} INFO - [54]	validation-logloss:0.78557
[2023-01-24 18:53:47,888] {logging_mixin.py:104} INFO - this is the y_pred:  [1. 0. 0. 1. 1. 0. 1. 0. 1. 1. 1. 0. 1. 1. 0. 1. 1. 0. 0. 0. 0. 1. 1. 1.
 1. 1. 1. 0. 1. 0. 1. 1. 1. 0. 0. 1. 1. 1. 1. 1. 1. 1. 0. 1. 1. 1. 1. 1.
 1. 1. 0. 1. 0. 1. 1. 0. 0. 0. 1. 0. 1. 0. 1. 0. 1. 1. 1. 1. 1. 0. 1. 1.
 1. 0. 1. 0. 1. 1. 1. 1. 0. 1. 1. 0. 0. 1. 0. 0. 0. 1. 0. 0. 1. 1. 1. 1.
 0. 1. 0. 1. 1. 0. 1. 0. 0. 1. 0. 1. 1. 1. 0. 1. 1. 1. 1. 0. 1. 0. 1. 0.
 1. 1. 0. 1. 0. 1. 1. 1. 1. 0. 0. 1. 0. 0. 1. 0. 1. 1. 1. 1. 1. 1. 0. 0.
 1. 1. 1. 1. 1. 1. 1. 1. 1. 1. 1. 1. 0. 1. 1. 1. 0. 0. 1. 1. 1. 1. 1. 1.
 1. 1. 0. 0. 1. 0. 1. 0. 1. 0. 1. 1. 1. 1. 0. 1. 1. 1. 1. 0. 1. 0. 0. 0.
 1. 1. 1. 1. 1. 1. 1. 1. 0. 0. 1. 0. 0. 0. 1. 0. 1. 0. 1. 0. 1. 1. 1.]
[2023-01-24 18:53:50,472] {python.py:118} INFO - Done. Returned value was: None
[2023-01-24 18:53:50,486] {taskinstance.py:1166} INFO - Marking task as SUCCESS. dag_id=ml-workflow, task_id=train_model_with_best_parameter_task, execution_date=20230124T185213, start_date=20230124T185347, end_date=20230124T185350
[2023-01-24 18:53:50,519] {taskinstance.py:1220} INFO - 1 downstream tasks scheduled from follow-on schedule check
[2023-01-24 18:53:50,557] {local_task_job.py:146} INFO - Task exited with return code 0
