[2023-01-13 19:32:10,427] {dag_processing.py:590} INFO - Processing files using up to 2 processes at a time 
[2023-01-13 19:32:10,432] {dag_processing.py:591} INFO - Process each file at most once every 0 seconds
[2023-01-13 19:32:10,452] {dag_processing.py:593} INFO - Checking for new files in /opt/airflow/dags every 300 seconds
[2023-01-13 19:32:10,456] {dag_processing.py:726} INFO - Searching for files in /opt/airflow/dags
[2023-01-13 19:32:10,491] {dag_processing.py:729} INFO - There are 0 files in /opt/airflow/dags
[2023-01-13 19:32:10,668] {dag_processing.py:1062} INFO - Finding 'running' jobs without a recent heartbeat
[2023-01-13 19:32:10,679] {dag_processing.py:1066} INFO - Failing jobs without heartbeat after 2023-01-13 19:27:10.678860+00:00
[2023-01-13 19:32:20,747] {dag_processing.py:1062} INFO - Finding 'running' jobs without a recent heartbeat
[2023-01-13 19:32:20,770] {dag_processing.py:1066} INFO - Failing jobs without heartbeat after 2023-01-13 19:27:20.770024+00:00
[2023-01-13 19:32:30,962] {dag_processing.py:1062} INFO - Finding 'running' jobs without a recent heartbeat
[2023-01-13 19:32:30,992] {dag_processing.py:1066} INFO - Failing jobs without heartbeat after 2023-01-13 19:27:30.991709+00:00
[2023-01-13 19:32:41,409] {dag_processing.py:1062} INFO - Finding 'running' jobs without a recent heartbeat
[2023-01-13 19:32:41,456] {dag_processing.py:1066} INFO - Failing jobs without heartbeat after 2023-01-13 19:27:41.455845+00:00
[2023-01-13 19:32:52,084] {dag_processing.py:1062} INFO - Finding 'running' jobs without a recent heartbeat
[2023-01-13 19:32:52,137] {dag_processing.py:1066} INFO - Failing jobs without heartbeat after 2023-01-13 19:27:52.137166+00:00
[2023-01-13 19:33:02,395] {dag_processing.py:1062} INFO - Finding 'running' jobs without a recent heartbeat
[2023-01-13 19:33:02,423] {dag_processing.py:1066} INFO - Failing jobs without heartbeat after 2023-01-13 19:28:02.422644+00:00
[2023-01-13 19:33:12,596] {dag_processing.py:1062} INFO - Finding 'running' jobs without a recent heartbeat
[2023-01-13 19:33:12,623] {dag_processing.py:1066} INFO - Failing jobs without heartbeat after 2023-01-13 19:28:12.623388+00:00
[2023-01-13 19:33:22,876] {dag_processing.py:1062} INFO - Finding 'running' jobs without a recent heartbeat
[2023-01-13 19:33:22,925] {dag_processing.py:1066} INFO - Failing jobs without heartbeat after 2023-01-13 19:28:22.924252+00:00
[2023-01-13 19:33:33,225] {dag_processing.py:1062} INFO - Finding 'running' jobs without a recent heartbeat
[2023-01-13 19:33:33,251] {dag_processing.py:1066} INFO - Failing jobs without heartbeat after 2023-01-13 19:28:33.250919+00:00
[2023-01-13 19:33:43,391] {dag_processing.py:1062} INFO - Finding 'running' jobs without a recent heartbeat
[2023-01-13 19:33:43,405] {dag_processing.py:1066} INFO - Failing jobs without heartbeat after 2023-01-13 19:28:43.404672+00:00
[2023-01-13 19:33:53,594] {dag_processing.py:1062} INFO - Finding 'running' jobs without a recent heartbeat
[2023-01-13 19:33:53,604] {dag_processing.py:1066} INFO - Failing jobs without heartbeat after 2023-01-13 19:28:53.603672+00:00
[2023-01-13 19:34:03,760] {dag_processing.py:1062} INFO - Finding 'running' jobs without a recent heartbeat
[2023-01-13 19:34:03,786] {dag_processing.py:1066} INFO - Failing jobs without heartbeat after 2023-01-13 19:29:03.786527+00:00
[2023-01-13 19:34:13,914] {dag_processing.py:1062} INFO - Finding 'running' jobs without a recent heartbeat
[2023-01-13 19:34:13,932] {dag_processing.py:1066} INFO - Failing jobs without heartbeat after 2023-01-13 19:29:13.931695+00:00
[2023-01-13 19:34:24,102] {dag_processing.py:1062} INFO - Finding 'running' jobs without a recent heartbeat
[2023-01-13 19:34:24,125] {dag_processing.py:1066} INFO - Failing jobs without heartbeat after 2023-01-13 19:29:24.124636+00:00
[2023-01-13 19:34:34,375] {dag_processing.py:1062} INFO - Finding 'running' jobs without a recent heartbeat
[2023-01-13 19:34:34,435] {dag_processing.py:1066} INFO - Failing jobs without heartbeat after 2023-01-13 19:29:34.434404+00:00
[2023-01-13 19:34:44,874] {dag_processing.py:1062} INFO - Finding 'running' jobs without a recent heartbeat
[2023-01-13 19:34:44,913] {dag_processing.py:1066} INFO - Failing jobs without heartbeat after 2023-01-13 19:29:44.912995+00:00
[2023-01-13 19:34:55,107] {dag_processing.py:1062} INFO - Finding 'running' jobs without a recent heartbeat
[2023-01-13 19:34:55,136] {dag_processing.py:1066} INFO - Failing jobs without heartbeat after 2023-01-13 19:29:55.136618+00:00
[2023-01-13 19:35:05,320] {dag_processing.py:1062} INFO - Finding 'running' jobs without a recent heartbeat
[2023-01-13 19:35:05,350] {dag_processing.py:1066} INFO - Failing jobs without heartbeat after 2023-01-13 19:30:05.349784+00:00
[2023-01-13 19:35:15,501] {dag_processing.py:1062} INFO - Finding 'running' jobs without a recent heartbeat
[2023-01-13 19:35:15,527] {dag_processing.py:1066} INFO - Failing jobs without heartbeat after 2023-01-13 19:30:15.526971+00:00
[2023-01-13 19:35:25,707] {dag_processing.py:1062} INFO - Finding 'running' jobs without a recent heartbeat
[2023-01-13 19:35:25,743] {dag_processing.py:1066} INFO - Failing jobs without heartbeat after 2023-01-13 19:30:25.743147+00:00
[2023-01-13 19:35:35,885] {dag_processing.py:1062} INFO - Finding 'running' jobs without a recent heartbeat
[2023-01-13 19:35:35,910] {dag_processing.py:1066} INFO - Failing jobs without heartbeat after 2023-01-13 19:30:35.909671+00:00
[2023-01-13 19:35:46,094] {dag_processing.py:1062} INFO - Finding 'running' jobs without a recent heartbeat
[2023-01-13 19:35:46,115] {dag_processing.py:1066} INFO - Failing jobs without heartbeat after 2023-01-13 19:30:46.115628+00:00
[2023-01-13 19:35:56,247] {dag_processing.py:1062} INFO - Finding 'running' jobs without a recent heartbeat
[2023-01-13 19:35:56,263] {dag_processing.py:1066} INFO - Failing jobs without heartbeat after 2023-01-13 19:30:56.262958+00:00
[2023-01-13 19:36:06,457] {dag_processing.py:1062} INFO - Finding 'running' jobs without a recent heartbeat
[2023-01-13 19:36:06,478] {dag_processing.py:1066} INFO - Failing jobs without heartbeat after 2023-01-13 19:31:06.478057+00:00
[2023-01-13 19:36:16,620] {dag_processing.py:1062} INFO - Finding 'running' jobs without a recent heartbeat
[2023-01-13 19:36:16,647] {dag_processing.py:1066} INFO - Failing jobs without heartbeat after 2023-01-13 19:31:16.646809+00:00
[2023-01-13 19:36:26,856] {dag_processing.py:1062} INFO - Finding 'running' jobs without a recent heartbeat
[2023-01-13 19:36:26,877] {dag_processing.py:1066} INFO - Failing jobs without heartbeat after 2023-01-13 19:31:26.877394+00:00
[2023-01-13 19:36:37,041] {dag_processing.py:1062} INFO - Finding 'running' jobs without a recent heartbeat
[2023-01-13 19:36:37,068] {dag_processing.py:1066} INFO - Failing jobs without heartbeat after 2023-01-13 19:31:37.068271+00:00
[2023-01-13 19:36:47,266] {dag_processing.py:1062} INFO - Finding 'running' jobs without a recent heartbeat
[2023-01-13 19:36:47,301] {dag_processing.py:1066} INFO - Failing jobs without heartbeat after 2023-01-13 19:31:47.301302+00:00
[2023-01-13 19:36:57,472] {dag_processing.py:1062} INFO - Finding 'running' jobs without a recent heartbeat
[2023-01-13 19:36:57,499] {dag_processing.py:1066} INFO - Failing jobs without heartbeat after 2023-01-13 19:31:57.498773+00:00
[2023-01-13 19:37:07,656] {dag_processing.py:1062} INFO - Finding 'running' jobs without a recent heartbeat
[2023-01-13 19:37:07,678] {dag_processing.py:1066} INFO - Failing jobs without heartbeat after 2023-01-13 19:32:07.678657+00:00
[2023-01-13 19:37:10,758] {dag_processing.py:726} INFO - Searching for files in /opt/airflow/dags
[2023-01-13 19:37:10,796] {dag_processing.py:729} INFO - There are 0 files in /opt/airflow/dags
[2023-01-13 19:37:17,923] {dag_processing.py:1062} INFO - Finding 'running' jobs without a recent heartbeat
[2023-01-13 19:37:17,949] {dag_processing.py:1066} INFO - Failing jobs without heartbeat after 2023-01-13 19:32:17.948671+00:00
[2023-01-13 19:37:28,110] {dag_processing.py:1062} INFO - Finding 'running' jobs without a recent heartbeat
[2023-01-13 19:37:28,137] {dag_processing.py:1066} INFO - Failing jobs without heartbeat after 2023-01-13 19:32:28.137321+00:00
[2023-01-13 19:37:38,275] {dag_processing.py:1062} INFO - Finding 'running' jobs without a recent heartbeat
[2023-01-13 19:37:38,288] {dag_processing.py:1066} INFO - Failing jobs without heartbeat after 2023-01-13 19:32:38.287857+00:00
[2023-01-13 19:37:48,436] {dag_processing.py:1062} INFO - Finding 'running' jobs without a recent heartbeat
[2023-01-13 19:37:48,449] {dag_processing.py:1066} INFO - Failing jobs without heartbeat after 2023-01-13 19:32:48.449707+00:00
[2023-01-13 19:37:58,582] {dag_processing.py:1062} INFO - Finding 'running' jobs without a recent heartbeat
[2023-01-13 19:37:58,609] {dag_processing.py:1066} INFO - Failing jobs without heartbeat after 2023-01-13 19:32:58.608647+00:00
[2023-01-13 19:38:08,770] {dag_processing.py:1062} INFO - Finding 'running' jobs without a recent heartbeat
[2023-01-13 19:38:08,800] {dag_processing.py:1066} INFO - Failing jobs without heartbeat after 2023-01-13 19:33:08.799829+00:00
[2023-01-13 19:38:18,988] {dag_processing.py:1062} INFO - Finding 'running' jobs without a recent heartbeat
[2023-01-13 19:38:19,013] {dag_processing.py:1066} INFO - Failing jobs without heartbeat after 2023-01-13 19:33:19.012860+00:00
[2023-01-13 19:38:29,224] {dag_processing.py:1062} INFO - Finding 'running' jobs without a recent heartbeat
[2023-01-13 19:38:29,268] {dag_processing.py:1066} INFO - Failing jobs without heartbeat after 2023-01-13 19:33:29.267473+00:00
[2023-01-13 19:38:39,481] {dag_processing.py:1062} INFO - Finding 'running' jobs without a recent heartbeat
[2023-01-13 19:38:39,514] {dag_processing.py:1066} INFO - Failing jobs without heartbeat after 2023-01-13 19:33:39.514128+00:00
[2023-01-13 19:38:49,667] {dag_processing.py:1062} INFO - Finding 'running' jobs without a recent heartbeat
[2023-01-13 19:38:49,689] {dag_processing.py:1066} INFO - Failing jobs without heartbeat after 2023-01-13 19:33:49.687470+00:00
[2023-01-13 19:38:59,863] {dag_processing.py:1062} INFO - Finding 'running' jobs without a recent heartbeat
[2023-01-13 19:38:59,912] {dag_processing.py:1066} INFO - Failing jobs without heartbeat after 2023-01-13 19:33:59.911863+00:00
[2023-01-13 19:39:10,062] {dag_processing.py:1062} INFO - Finding 'running' jobs without a recent heartbeat
[2023-01-13 19:39:10,110] {dag_processing.py:1066} INFO - Failing jobs without heartbeat after 2023-01-13 19:34:10.110218+00:00
[2023-01-13 19:39:20,282] {dag_processing.py:1062} INFO - Finding 'running' jobs without a recent heartbeat
[2023-01-13 19:39:20,308] {dag_processing.py:1066} INFO - Failing jobs without heartbeat after 2023-01-13 19:34:20.307746+00:00
[2023-01-13 19:39:30,731] {dag_processing.py:1062} INFO - Finding 'running' jobs without a recent heartbeat
[2023-01-13 19:39:30,758] {dag_processing.py:1066} INFO - Failing jobs without heartbeat after 2023-01-13 19:34:30.757422+00:00
[2023-01-13 19:39:40,916] {dag_processing.py:1062} INFO - Finding 'running' jobs without a recent heartbeat
[2023-01-13 19:39:40,948] {dag_processing.py:1066} INFO - Failing jobs without heartbeat after 2023-01-13 19:34:40.947410+00:00
[2023-01-13 19:39:51,088] {dag_processing.py:1062} INFO - Finding 'running' jobs without a recent heartbeat
[2023-01-13 19:39:51,129] {dag_processing.py:1066} INFO - Failing jobs without heartbeat after 2023-01-13 19:34:51.128700+00:00
[2023-01-13 19:40:01,271] {dag_processing.py:1062} INFO - Finding 'running' jobs without a recent heartbeat
[2023-01-13 19:40:01,291] {dag_processing.py:1066} INFO - Failing jobs without heartbeat after 2023-01-13 19:35:01.291127+00:00
[2023-01-13 19:40:11,445] {dag_processing.py:1062} INFO - Finding 'running' jobs without a recent heartbeat
[2023-01-13 19:40:11,464] {dag_processing.py:1066} INFO - Failing jobs without heartbeat after 2023-01-13 19:35:11.464535+00:00
[2023-01-13 19:40:21,607] {dag_processing.py:1062} INFO - Finding 'running' jobs without a recent heartbeat
[2023-01-13 19:40:21,625] {dag_processing.py:1066} INFO - Failing jobs without heartbeat after 2023-01-13 19:35:21.624500+00:00
[2023-01-13 19:40:31,772] {dag_processing.py:1062} INFO - Finding 'running' jobs without a recent heartbeat
[2023-01-13 19:40:31,790] {dag_processing.py:1066} INFO - Failing jobs without heartbeat after 2023-01-13 19:35:31.790371+00:00
[2023-01-13 19:40:41,992] {dag_processing.py:1062} INFO - Finding 'running' jobs without a recent heartbeat
[2023-01-13 19:40:42,007] {dag_processing.py:1066} INFO - Failing jobs without heartbeat after 2023-01-13 19:35:42.004594+00:00
[2023-01-13 19:40:52,190] {dag_processing.py:1062} INFO - Finding 'running' jobs without a recent heartbeat
[2023-01-13 19:40:52,216] {dag_processing.py:1066} INFO - Failing jobs without heartbeat after 2023-01-13 19:35:52.216283+00:00
[2023-01-13 19:41:02,411] {dag_processing.py:1062} INFO - Finding 'running' jobs without a recent heartbeat
[2023-01-13 19:41:02,443] {dag_processing.py:1066} INFO - Failing jobs without heartbeat after 2023-01-13 19:36:02.443243+00:00
[2023-01-13 19:41:12,640] {dag_processing.py:1062} INFO - Finding 'running' jobs without a recent heartbeat
[2023-01-13 19:41:12,666] {dag_processing.py:1066} INFO - Failing jobs without heartbeat after 2023-01-13 19:36:12.665332+00:00
[2023-01-13 19:41:22,878] {dag_processing.py:1062} INFO - Finding 'running' jobs without a recent heartbeat
[2023-01-13 19:41:22,914] {dag_processing.py:1066} INFO - Failing jobs without heartbeat after 2023-01-13 19:36:22.913863+00:00
[2023-01-13 19:41:33,075] {dag_processing.py:1062} INFO - Finding 'running' jobs without a recent heartbeat
[2023-01-13 19:41:33,107] {dag_processing.py:1066} INFO - Failing jobs without heartbeat after 2023-01-13 19:36:33.106606+00:00
[2023-01-13 19:41:43,284] {dag_processing.py:1062} INFO - Finding 'running' jobs without a recent heartbeat
[2023-01-13 19:41:43,319] {dag_processing.py:1066} INFO - Failing jobs without heartbeat after 2023-01-13 19:36:43.318607+00:00
[2023-01-13 19:41:53,508] {dag_processing.py:1062} INFO - Finding 'running' jobs without a recent heartbeat
[2023-01-13 19:41:53,541] {dag_processing.py:1066} INFO - Failing jobs without heartbeat after 2023-01-13 19:36:53.541061+00:00
[2023-01-13 19:42:03,709] {dag_processing.py:1062} INFO - Finding 'running' jobs without a recent heartbeat
[2023-01-13 19:42:03,737] {dag_processing.py:1066} INFO - Failing jobs without heartbeat after 2023-01-13 19:37:03.736979+00:00
[2023-01-13 19:42:10,842] {dag_processing.py:726} INFO - Searching for files in /opt/airflow/dags
[2023-01-13 19:42:10,887] {dag_processing.py:729} INFO - There are 0 files in /opt/airflow/dags
[2023-01-13 19:42:13,967] {dag_processing.py:1062} INFO - Finding 'running' jobs without a recent heartbeat
[2023-01-13 19:42:13,978] {dag_processing.py:1066} INFO - Failing jobs without heartbeat after 2023-01-13 19:37:13.977477+00:00
[2023-01-13 19:42:24,236] {dag_processing.py:1062} INFO - Finding 'running' jobs without a recent heartbeat
[2023-01-13 19:42:24,249] {dag_processing.py:1066} INFO - Failing jobs without heartbeat after 2023-01-13 19:37:24.249315+00:00
[2023-01-13 19:42:34,413] {dag_processing.py:1062} INFO - Finding 'running' jobs without a recent heartbeat
[2023-01-13 19:42:34,450] {dag_processing.py:1066} INFO - Failing jobs without heartbeat after 2023-01-13 19:37:34.449470+00:00
[2023-01-13 19:42:44,681] {dag_processing.py:1062} INFO - Finding 'running' jobs without a recent heartbeat
[2023-01-13 19:42:44,716] {dag_processing.py:1066} INFO - Failing jobs without heartbeat after 2023-01-13 19:37:44.716229+00:00
[2023-01-13 19:42:54,988] {dag_processing.py:1062} INFO - Finding 'running' jobs without a recent heartbeat
[2023-01-13 19:42:55,017] {dag_processing.py:1066} INFO - Failing jobs without heartbeat after 2023-01-13 19:37:55.016943+00:00
[2023-01-13 19:43:05,194] {dag_processing.py:1062} INFO - Finding 'running' jobs without a recent heartbeat
[2023-01-13 19:43:05,236] {dag_processing.py:1066} INFO - Failing jobs without heartbeat after 2023-01-13 19:38:05.236306+00:00
[2023-01-13 19:43:15,417] {dag_processing.py:1062} INFO - Finding 'running' jobs without a recent heartbeat
[2023-01-13 19:43:15,448] {dag_processing.py:1066} INFO - Failing jobs without heartbeat after 2023-01-13 19:38:15.447911+00:00
[2023-01-13 19:43:25,637] {dag_processing.py:1062} INFO - Finding 'running' jobs without a recent heartbeat
[2023-01-13 19:43:25,667] {dag_processing.py:1066} INFO - Failing jobs without heartbeat after 2023-01-13 19:38:25.666913+00:00
[2023-01-13 19:43:35,828] {dag_processing.py:1062} INFO - Finding 'running' jobs without a recent heartbeat
[2023-01-13 19:43:35,860] {dag_processing.py:1066} INFO - Failing jobs without heartbeat after 2023-01-13 19:38:35.860230+00:00
[2023-01-13 19:43:46,041] {dag_processing.py:1062} INFO - Finding 'running' jobs without a recent heartbeat
[2023-01-13 19:43:46,068] {dag_processing.py:1066} INFO - Failing jobs without heartbeat after 2023-01-13 19:38:46.068050+00:00
[2023-01-13 19:43:56,235] {dag_processing.py:1062} INFO - Finding 'running' jobs without a recent heartbeat
[2023-01-13 19:43:56,259] {dag_processing.py:1066} INFO - Failing jobs without heartbeat after 2023-01-13 19:38:56.258635+00:00
[2023-01-13 19:44:06,458] {dag_processing.py:1062} INFO - Finding 'running' jobs without a recent heartbeat
[2023-01-13 19:44:06,487] {dag_processing.py:1066} INFO - Failing jobs without heartbeat after 2023-01-13 19:39:06.486503+00:00
[2023-01-13 19:44:16,670] {dag_processing.py:1062} INFO - Finding 'running' jobs without a recent heartbeat
[2023-01-13 19:44:16,686] {dag_processing.py:1066} INFO - Failing jobs without heartbeat after 2023-01-13 19:39:16.685357+00:00
[2023-01-13 19:44:27,064] {dag_processing.py:1062} INFO - Finding 'running' jobs without a recent heartbeat
[2023-01-13 19:44:27,110] {dag_processing.py:1066} INFO - Failing jobs without heartbeat after 2023-01-13 19:39:27.109565+00:00
[2023-01-13 19:44:37,351] {dag_processing.py:1062} INFO - Finding 'running' jobs without a recent heartbeat
[2023-01-13 19:44:37,391] {dag_processing.py:1066} INFO - Failing jobs without heartbeat after 2023-01-13 19:39:37.390795+00:00
[2023-01-13 19:44:47,556] {dag_processing.py:1062} INFO - Finding 'running' jobs without a recent heartbeat
[2023-01-13 19:44:47,593] {dag_processing.py:1066} INFO - Failing jobs without heartbeat after 2023-01-13 19:39:47.592793+00:00
[2023-01-13 19:44:57,748] {dag_processing.py:1062} INFO - Finding 'running' jobs without a recent heartbeat
[2023-01-13 19:44:57,789] {dag_processing.py:1066} INFO - Failing jobs without heartbeat after 2023-01-13 19:39:57.788706+00:00
[2023-01-13 19:45:07,932] {dag_processing.py:1062} INFO - Finding 'running' jobs without a recent heartbeat
[2023-01-13 19:45:07,969] {dag_processing.py:1066} INFO - Failing jobs without heartbeat after 2023-01-13 19:40:07.968280+00:00
[2023-01-13 19:45:18,142] {dag_processing.py:1062} INFO - Finding 'running' jobs without a recent heartbeat
[2023-01-13 19:45:18,172] {dag_processing.py:1066} INFO - Failing jobs without heartbeat after 2023-01-13 19:40:18.169792+00:00
[2023-01-13 19:45:28,339] {dag_processing.py:1062} INFO - Finding 'running' jobs without a recent heartbeat
[2023-01-13 19:45:28,364] {dag_processing.py:1066} INFO - Failing jobs without heartbeat after 2023-01-13 19:40:28.363854+00:00
[2023-01-13 19:45:38,515] {dag_processing.py:1062} INFO - Finding 'running' jobs without a recent heartbeat
[2023-01-13 19:45:38,529] {dag_processing.py:1066} INFO - Failing jobs without heartbeat after 2023-01-13 19:40:38.529455+00:00
[2023-01-13 19:45:48,689] {dag_processing.py:1062} INFO - Finding 'running' jobs without a recent heartbeat
[2023-01-13 19:45:48,710] {dag_processing.py:1066} INFO - Failing jobs without heartbeat after 2023-01-13 19:40:48.710610+00:00
[2023-01-13 19:45:58,858] {dag_processing.py:1062} INFO - Finding 'running' jobs without a recent heartbeat
[2023-01-13 19:45:58,877] {dag_processing.py:1066} INFO - Failing jobs without heartbeat after 2023-01-13 19:40:58.876967+00:00
[2023-01-13 19:46:09,052] {dag_processing.py:1062} INFO - Finding 'running' jobs without a recent heartbeat
[2023-01-13 19:46:09,095] {dag_processing.py:1066} INFO - Failing jobs without heartbeat after 2023-01-13 19:41:09.094792+00:00
[2023-01-13 19:46:19,256] {dag_processing.py:1062} INFO - Finding 'running' jobs without a recent heartbeat
[2023-01-13 19:46:19,278] {dag_processing.py:1066} INFO - Failing jobs without heartbeat after 2023-01-13 19:41:19.278472+00:00
[2023-01-13 19:46:29,453] {dag_processing.py:1062} INFO - Finding 'running' jobs without a recent heartbeat
[2023-01-13 19:46:29,482] {dag_processing.py:1066} INFO - Failing jobs without heartbeat after 2023-01-13 19:41:29.481288+00:00
[2023-01-13 19:46:39,660] {dag_processing.py:1062} INFO - Finding 'running' jobs without a recent heartbeat
[2023-01-13 19:46:39,687] {dag_processing.py:1066} INFO - Failing jobs without heartbeat after 2023-01-13 19:41:39.686542+00:00
[2023-01-13 19:46:49,875] {dag_processing.py:1062} INFO - Finding 'running' jobs without a recent heartbeat
[2023-01-13 19:46:49,920] {dag_processing.py:1066} INFO - Failing jobs without heartbeat after 2023-01-13 19:41:49.919237+00:00
[2023-01-13 19:47:00,225] {dag_processing.py:1062} INFO - Finding 'running' jobs without a recent heartbeat
[2023-01-13 19:47:00,251] {dag_processing.py:1066} INFO - Failing jobs without heartbeat after 2023-01-13 19:42:00.249564+00:00
[2023-01-13 19:47:10,430] {dag_processing.py:1062} INFO - Finding 'running' jobs without a recent heartbeat
[2023-01-13 19:47:10,457] {dag_processing.py:1066} INFO - Failing jobs without heartbeat after 2023-01-13 19:42:10.456392+00:00
[2023-01-13 19:47:11,506] {dag_processing.py:726} INFO - Searching for files in /opt/airflow/dags
[2023-01-13 19:47:11,530] {dag_processing.py:729} INFO - There are 0 files in /opt/airflow/dags
[2023-01-13 19:47:20,687] {dag_processing.py:1062} INFO - Finding 'running' jobs without a recent heartbeat
[2023-01-13 19:47:20,734] {dag_processing.py:1066} INFO - Failing jobs without heartbeat after 2023-01-13 19:42:20.733841+00:00
[2023-01-13 19:47:30,915] {dag_processing.py:1062} INFO - Finding 'running' jobs without a recent heartbeat
[2023-01-13 19:47:30,949] {dag_processing.py:1066} INFO - Failing jobs without heartbeat after 2023-01-13 19:42:30.949062+00:00
[2023-01-13 19:47:41,141] {dag_processing.py:1062} INFO - Finding 'running' jobs without a recent heartbeat
[2023-01-13 19:47:41,175] {dag_processing.py:1066} INFO - Failing jobs without heartbeat after 2023-01-13 19:42:41.170877+00:00
[2023-01-13 19:47:51,354] {dag_processing.py:1062} INFO - Finding 'running' jobs without a recent heartbeat
[2023-01-13 19:47:51,381] {dag_processing.py:1066} INFO - Failing jobs without heartbeat after 2023-01-13 19:42:51.380645+00:00
[2023-01-13 19:48:01,570] {dag_processing.py:1062} INFO - Finding 'running' jobs without a recent heartbeat
[2023-01-13 19:48:01,590] {dag_processing.py:1066} INFO - Failing jobs without heartbeat after 2023-01-13 19:43:01.589410+00:00
[2023-01-13 19:48:11,776] {dag_processing.py:1062} INFO - Finding 'running' jobs without a recent heartbeat
[2023-01-13 19:48:11,793] {dag_processing.py:1066} INFO - Failing jobs without heartbeat after 2023-01-13 19:43:11.793406+00:00
[2023-01-13 19:48:21,981] {dag_processing.py:1062} INFO - Finding 'running' jobs without a recent heartbeat
[2023-01-13 19:48:22,067] {dag_processing.py:1066} INFO - Failing jobs without heartbeat after 2023-01-13 19:43:22.067247+00:00
[2023-01-13 19:48:32,432] {dag_processing.py:1062} INFO - Finding 'running' jobs without a recent heartbeat
[2023-01-13 19:48:32,468] {dag_processing.py:1066} INFO - Failing jobs without heartbeat after 2023-01-13 19:43:32.468068+00:00
[2023-01-13 19:48:42,644] {dag_processing.py:1062} INFO - Finding 'running' jobs without a recent heartbeat
[2023-01-13 19:48:42,662] {dag_processing.py:1066} INFO - Failing jobs without heartbeat after 2023-01-13 19:43:42.662118+00:00
[2023-01-13 19:48:52,824] {dag_processing.py:1062} INFO - Finding 'running' jobs without a recent heartbeat
[2023-01-13 19:48:52,846] {dag_processing.py:1066} INFO - Failing jobs without heartbeat after 2023-01-13 19:43:52.846236+00:00
[2023-01-13 19:49:03,013] {dag_processing.py:1062} INFO - Finding 'running' jobs without a recent heartbeat
[2023-01-13 19:49:03,058] {dag_processing.py:1066} INFO - Failing jobs without heartbeat after 2023-01-13 19:44:03.057653+00:00
[2023-01-13 19:49:13,235] {dag_processing.py:1062} INFO - Finding 'running' jobs without a recent heartbeat
[2023-01-13 19:49:13,263] {dag_processing.py:1066} INFO - Failing jobs without heartbeat after 2023-01-13 19:44:13.263048+00:00
[2023-01-13 19:49:23,434] {dag_processing.py:1062} INFO - Finding 'running' jobs without a recent heartbeat
[2023-01-13 19:49:23,465] {dag_processing.py:1066} INFO - Failing jobs without heartbeat after 2023-01-13 19:44:23.465013+00:00
[2023-01-13 19:49:33,621] {dag_processing.py:1062} INFO - Finding 'running' jobs without a recent heartbeat
[2023-01-13 19:49:33,650] {dag_processing.py:1066} INFO - Failing jobs without heartbeat after 2023-01-13 19:44:33.650098+00:00
[2023-01-13 19:49:43,817] {dag_processing.py:1062} INFO - Finding 'running' jobs without a recent heartbeat
[2023-01-13 19:49:43,843] {dag_processing.py:1066} INFO - Failing jobs without heartbeat after 2023-01-13 19:44:43.842780+00:00
[2023-01-13 19:49:54,026] {dag_processing.py:1062} INFO - Finding 'running' jobs without a recent heartbeat
[2023-01-13 19:49:54,046] {dag_processing.py:1066} INFO - Failing jobs without heartbeat after 2023-01-13 19:44:54.046403+00:00
[2023-01-13 19:50:04,208] {dag_processing.py:1062} INFO - Finding 'running' jobs without a recent heartbeat
[2023-01-13 19:50:04,236] {dag_processing.py:1066} INFO - Failing jobs without heartbeat after 2023-01-13 19:45:04.235251+00:00
[2023-01-13 19:50:14,374] {dag_processing.py:1062} INFO - Finding 'running' jobs without a recent heartbeat
[2023-01-13 19:50:14,421] {dag_processing.py:1066} INFO - Failing jobs without heartbeat after 2023-01-13 19:45:14.421047+00:00
[2023-01-13 19:50:24,614] {dag_processing.py:1062} INFO - Finding 'running' jobs without a recent heartbeat
[2023-01-13 19:50:24,636] {dag_processing.py:1066} INFO - Failing jobs without heartbeat after 2023-01-13 19:45:24.635768+00:00
[2023-01-13 19:50:34,822] {dag_processing.py:1062} INFO - Finding 'running' jobs without a recent heartbeat
[2023-01-13 19:50:34,850] {dag_processing.py:1066} INFO - Failing jobs without heartbeat after 2023-01-13 19:45:34.849498+00:00
[2023-01-13 19:50:45,060] {dag_processing.py:1062} INFO - Finding 'running' jobs without a recent heartbeat
[2023-01-13 19:50:45,090] {dag_processing.py:1066} INFO - Failing jobs without heartbeat after 2023-01-13 19:45:45.089549+00:00
[2023-01-13 19:50:55,358] {dag_processing.py:1062} INFO - Finding 'running' jobs without a recent heartbeat
[2023-01-13 19:50:55,383] {dag_processing.py:1066} INFO - Failing jobs without heartbeat after 2023-01-13 19:45:55.383011+00:00
[2023-01-13 19:51:05,590] {dag_processing.py:1062} INFO - Finding 'running' jobs without a recent heartbeat
[2023-01-13 19:51:05,635] {dag_processing.py:1066} INFO - Failing jobs without heartbeat after 2023-01-13 19:46:05.634474+00:00
[2023-01-13 19:51:15,845] {dag_processing.py:1062} INFO - Finding 'running' jobs without a recent heartbeat
[2023-01-13 19:51:15,890] {dag_processing.py:1066} INFO - Failing jobs without heartbeat after 2023-01-13 19:46:15.890050+00:00
[2023-01-13 19:51:26,046] {dag_processing.py:1062} INFO - Finding 'running' jobs without a recent heartbeat
[2023-01-13 19:51:26,110] {dag_processing.py:1066} INFO - Failing jobs without heartbeat after 2023-01-13 19:46:26.108815+00:00
[2023-01-13 19:51:36,266] {dag_processing.py:1062} INFO - Finding 'running' jobs without a recent heartbeat
[2023-01-13 19:51:36,298] {dag_processing.py:1066} INFO - Failing jobs without heartbeat after 2023-01-13 19:46:36.297739+00:00
[2023-01-13 19:51:46,457] {dag_processing.py:1062} INFO - Finding 'running' jobs without a recent heartbeat
[2023-01-13 19:51:46,491] {dag_processing.py:1066} INFO - Failing jobs without heartbeat after 2023-01-13 19:46:46.490692+00:00
[2023-01-13 19:51:56,711] {dag_processing.py:1062} INFO - Finding 'running' jobs without a recent heartbeat
[2023-01-13 19:51:56,741] {dag_processing.py:1066} INFO - Failing jobs without heartbeat after 2023-01-13 19:46:56.740765+00:00
[2023-01-13 19:52:06,909] {dag_processing.py:1062} INFO - Finding 'running' jobs without a recent heartbeat
[2023-01-13 19:52:06,938] {dag_processing.py:1066} INFO - Failing jobs without heartbeat after 2023-01-13 19:47:06.937765+00:00
[2023-01-13 19:52:12,041] {dag_processing.py:726} INFO - Searching for files in /opt/airflow/dags
[2023-01-13 19:52:12,063] {dag_processing.py:729} INFO - There are 0 files in /opt/airflow/dags
[2023-01-13 19:52:17,169] {dag_processing.py:1062} INFO - Finding 'running' jobs without a recent heartbeat
[2023-01-13 19:52:17,204] {dag_processing.py:1066} INFO - Failing jobs without heartbeat after 2023-01-13 19:47:17.203684+00:00
[2023-01-13 19:52:27,335] {dag_processing.py:1062} INFO - Finding 'running' jobs without a recent heartbeat
[2023-01-13 19:52:27,376] {dag_processing.py:1066} INFO - Failing jobs without heartbeat after 2023-01-13 19:47:27.375268+00:00
[2023-01-13 19:52:37,547] {dag_processing.py:1062} INFO - Finding 'running' jobs without a recent heartbeat
[2023-01-13 19:52:37,594] {dag_processing.py:1066} INFO - Failing jobs without heartbeat after 2023-01-13 19:47:37.594046+00:00
[2023-01-13 19:52:47,806] {dag_processing.py:1062} INFO - Finding 'running' jobs without a recent heartbeat
[2023-01-13 19:52:47,836] {dag_processing.py:1066} INFO - Failing jobs without heartbeat after 2023-01-13 19:47:47.835860+00:00
[2023-01-13 19:52:58,037] {dag_processing.py:1062} INFO - Finding 'running' jobs without a recent heartbeat
[2023-01-13 19:52:58,057] {dag_processing.py:1066} INFO - Failing jobs without heartbeat after 2023-01-13 19:47:58.056844+00:00
[2023-01-13 19:53:08,262] {dag_processing.py:1062} INFO - Finding 'running' jobs without a recent heartbeat
[2023-01-13 19:53:08,297] {dag_processing.py:1066} INFO - Failing jobs without heartbeat after 2023-01-13 19:48:08.292047+00:00
[2023-01-13 19:53:18,495] {dag_processing.py:1062} INFO - Finding 'running' jobs without a recent heartbeat
[2023-01-13 19:53:18,530] {dag_processing.py:1066} INFO - Failing jobs without heartbeat after 2023-01-13 19:48:18.529811+00:00
[2023-01-13 19:53:28,746] {dag_processing.py:1062} INFO - Finding 'running' jobs without a recent heartbeat
[2023-01-13 19:53:28,768] {dag_processing.py:1066} INFO - Failing jobs without heartbeat after 2023-01-13 19:48:28.767743+00:00
[2023-01-13 19:53:38,935] {dag_processing.py:1062} INFO - Finding 'running' jobs without a recent heartbeat
[2023-01-13 19:53:38,976] {dag_processing.py:1066} INFO - Failing jobs without heartbeat after 2023-01-13 19:48:38.975388+00:00
[2023-01-13 19:53:49,136] {dag_processing.py:1062} INFO - Finding 'running' jobs without a recent heartbeat
[2023-01-13 19:53:49,178] {dag_processing.py:1066} INFO - Failing jobs without heartbeat after 2023-01-13 19:48:49.177503+00:00
[2023-01-13 19:53:59,331] {dag_processing.py:1062} INFO - Finding 'running' jobs without a recent heartbeat
[2023-01-13 19:53:59,359] {dag_processing.py:1066} INFO - Failing jobs without heartbeat after 2023-01-13 19:48:59.358100+00:00
[2023-01-13 19:54:09,516] {dag_processing.py:1062} INFO - Finding 'running' jobs without a recent heartbeat
[2023-01-13 19:54:09,544] {dag_processing.py:1066} INFO - Failing jobs without heartbeat after 2023-01-13 19:49:09.543431+00:00
[2023-01-13 19:54:19,696] {dag_processing.py:1062} INFO - Finding 'running' jobs without a recent heartbeat
[2023-01-13 19:54:19,713] {dag_processing.py:1066} INFO - Failing jobs without heartbeat after 2023-01-13 19:49:19.712748+00:00
[2023-01-13 19:54:29,916] {dag_processing.py:1062} INFO - Finding 'running' jobs without a recent heartbeat
[2023-01-13 19:54:29,936] {dag_processing.py:1066} INFO - Failing jobs without heartbeat after 2023-01-13 19:49:29.935933+00:00
[2023-01-13 19:54:40,107] {dag_processing.py:1062} INFO - Finding 'running' jobs without a recent heartbeat
[2023-01-13 19:54:40,193] {dag_processing.py:1066} INFO - Failing jobs without heartbeat after 2023-01-13 19:49:40.192941+00:00
[2023-01-13 19:54:50,407] {dag_processing.py:1062} INFO - Finding 'running' jobs without a recent heartbeat
[2023-01-13 19:54:50,435] {dag_processing.py:1066} INFO - Failing jobs without heartbeat after 2023-01-13 19:49:50.435134+00:00
[2023-01-13 19:55:00,643] {dag_processing.py:1062} INFO - Finding 'running' jobs without a recent heartbeat
[2023-01-13 19:55:00,676] {dag_processing.py:1066} INFO - Failing jobs without heartbeat after 2023-01-13 19:50:00.675180+00:00
[2023-01-13 19:55:10,883] {dag_processing.py:1062} INFO - Finding 'running' jobs without a recent heartbeat
[2023-01-13 19:55:10,914] {dag_processing.py:1066} INFO - Failing jobs without heartbeat after 2023-01-13 19:50:10.914377+00:00
[2023-01-13 19:55:21,094] {dag_processing.py:1062} INFO - Finding 'running' jobs without a recent heartbeat
[2023-01-13 19:55:21,119] {dag_processing.py:1066} INFO - Failing jobs without heartbeat after 2023-01-13 19:50:21.118938+00:00
[2023-01-13 19:55:31,313] {dag_processing.py:1062} INFO - Finding 'running' jobs without a recent heartbeat
[2023-01-13 19:55:31,349] {dag_processing.py:1066} INFO - Failing jobs without heartbeat after 2023-01-13 19:50:31.348968+00:00
[2023-01-13 19:55:41,560] {dag_processing.py:1062} INFO - Finding 'running' jobs without a recent heartbeat
[2023-01-13 19:55:41,638] {dag_processing.py:1066} INFO - Failing jobs without heartbeat after 2023-01-13 19:50:41.637765+00:00
[2023-01-13 19:55:51,906] {dag_processing.py:1062} INFO - Finding 'running' jobs without a recent heartbeat
[2023-01-13 19:55:51,933] {dag_processing.py:1066} INFO - Failing jobs without heartbeat after 2023-01-13 19:50:51.932895+00:00
[2023-01-13 19:56:02,119] {dag_processing.py:1062} INFO - Finding 'running' jobs without a recent heartbeat
[2023-01-13 19:56:02,161] {dag_processing.py:1066} INFO - Failing jobs without heartbeat after 2023-01-13 19:51:02.160328+00:00
[2023-01-13 19:56:12,367] {dag_processing.py:1062} INFO - Finding 'running' jobs without a recent heartbeat
[2023-01-13 19:56:12,394] {dag_processing.py:1066} INFO - Failing jobs without heartbeat after 2023-01-13 19:51:12.394576+00:00
[2023-01-13 19:56:22,615] {dag_processing.py:1062} INFO - Finding 'running' jobs without a recent heartbeat
[2023-01-13 19:56:22,654] {dag_processing.py:1066} INFO - Failing jobs without heartbeat after 2023-01-13 19:51:22.653876+00:00
[2023-01-13 19:56:32,819] {dag_processing.py:1062} INFO - Finding 'running' jobs without a recent heartbeat
[2023-01-13 19:56:32,844] {dag_processing.py:1066} INFO - Failing jobs without heartbeat after 2023-01-13 19:51:32.843960+00:00
[2023-01-13 19:56:43,018] {dag_processing.py:1062} INFO - Finding 'running' jobs without a recent heartbeat
[2023-01-13 19:56:43,047] {dag_processing.py:1066} INFO - Failing jobs without heartbeat after 2023-01-13 19:51:43.044272+00:00
[2023-01-13 19:56:53,225] {dag_processing.py:1062} INFO - Finding 'running' jobs without a recent heartbeat
[2023-01-13 19:56:53,239] {dag_processing.py:1066} INFO - Failing jobs without heartbeat after 2023-01-13 19:51:53.238679+00:00
[2023-01-13 19:57:03,377] {dag_processing.py:1062} INFO - Finding 'running' jobs without a recent heartbeat
[2023-01-13 19:57:03,418] {dag_processing.py:1066} INFO - Failing jobs without heartbeat after 2023-01-13 19:52:03.417539+00:00
[2023-01-13 19:57:12,554] {dag_processing.py:726} INFO - Searching for files in /opt/airflow/dags
[2023-01-13 19:57:12,597] {dag_processing.py:729} INFO - There are 0 files in /opt/airflow/dags
[2023-01-13 19:57:13,658] {dag_processing.py:1062} INFO - Finding 'running' jobs without a recent heartbeat
[2023-01-13 19:57:13,665] {dag_processing.py:1066} INFO - Failing jobs without heartbeat after 2023-01-13 19:52:13.665417+00:00
[2023-01-13 19:57:23,803] {dag_processing.py:1062} INFO - Finding 'running' jobs without a recent heartbeat
[2023-01-13 19:57:23,842] {dag_processing.py:1066} INFO - Failing jobs without heartbeat after 2023-01-13 19:52:23.842018+00:00
[2023-01-13 19:57:33,981] {dag_processing.py:1062} INFO - Finding 'running' jobs without a recent heartbeat
[2023-01-13 19:57:34,007] {dag_processing.py:1066} INFO - Failing jobs without heartbeat after 2023-01-13 19:52:34.007588+00:00
[2023-01-13 19:57:44,169] {dag_processing.py:1062} INFO - Finding 'running' jobs without a recent heartbeat
[2023-01-13 19:57:44,197] {dag_processing.py:1066} INFO - Failing jobs without heartbeat after 2023-01-13 19:52:44.197244+00:00
[2023-01-13 19:57:54,385] {dag_processing.py:1062} INFO - Finding 'running' jobs without a recent heartbeat
[2023-01-13 19:57:54,429] {dag_processing.py:1066} INFO - Failing jobs without heartbeat after 2023-01-13 19:52:54.429226+00:00
[2023-01-13 19:58:04,606] {dag_processing.py:1062} INFO - Finding 'running' jobs without a recent heartbeat
[2023-01-13 19:58:04,637] {dag_processing.py:1066} INFO - Failing jobs without heartbeat after 2023-01-13 19:53:04.636889+00:00
[2023-01-13 19:58:14,841] {dag_processing.py:1062} INFO - Finding 'running' jobs without a recent heartbeat
[2023-01-13 19:58:14,891] {dag_processing.py:1066} INFO - Failing jobs without heartbeat after 2023-01-13 19:53:14.890522+00:00
[2023-01-13 19:58:25,067] {dag_processing.py:1062} INFO - Finding 'running' jobs without a recent heartbeat
[2023-01-13 19:58:25,090] {dag_processing.py:1066} INFO - Failing jobs without heartbeat after 2023-01-13 19:53:25.089910+00:00
[2023-01-13 19:58:35,263] {dag_processing.py:1062} INFO - Finding 'running' jobs without a recent heartbeat
[2023-01-13 19:58:35,295] {dag_processing.py:1066} INFO - Failing jobs without heartbeat after 2023-01-13 19:53:35.294793+00:00
[2023-01-13 19:58:45,455] {dag_processing.py:1062} INFO - Finding 'running' jobs without a recent heartbeat
[2023-01-13 19:58:45,474] {dag_processing.py:1066} INFO - Failing jobs without heartbeat after 2023-01-13 19:53:45.474149+00:00
[2023-01-13 19:58:55,635] {dag_processing.py:1062} INFO - Finding 'running' jobs without a recent heartbeat
[2023-01-13 19:58:55,659] {dag_processing.py:1066} INFO - Failing jobs without heartbeat after 2023-01-13 19:53:55.659022+00:00
[2023-01-13 19:59:05,842] {dag_processing.py:1062} INFO - Finding 'running' jobs without a recent heartbeat
[2023-01-13 19:59:05,885] {dag_processing.py:1066} INFO - Failing jobs without heartbeat after 2023-01-13 19:54:05.885138+00:00
[2023-01-13 19:59:16,087] {dag_processing.py:1062} INFO - Finding 'running' jobs without a recent heartbeat
[2023-01-13 19:59:16,136] {dag_processing.py:1066} INFO - Failing jobs without heartbeat after 2023-01-13 19:54:16.135185+00:00
[2023-01-13 19:59:26,293] {dag_processing.py:1062} INFO - Finding 'running' jobs without a recent heartbeat
[2023-01-13 19:59:26,311] {dag_processing.py:1066} INFO - Failing jobs without heartbeat after 2023-01-13 19:54:26.311547+00:00
[2023-01-13 19:59:36,448] {dag_processing.py:1062} INFO - Finding 'running' jobs without a recent heartbeat
[2023-01-13 19:59:36,470] {dag_processing.py:1066} INFO - Failing jobs without heartbeat after 2023-01-13 19:54:36.470626+00:00
[2023-01-13 19:59:46,596] {dag_processing.py:1062} INFO - Finding 'running' jobs without a recent heartbeat
[2023-01-13 19:59:46,629] {dag_processing.py:1066} INFO - Failing jobs without heartbeat after 2023-01-13 19:54:46.629185+00:00
[2023-01-13 19:59:56,757] {dag_processing.py:1062} INFO - Finding 'running' jobs without a recent heartbeat
[2023-01-13 19:59:56,797] {dag_processing.py:1066} INFO - Failing jobs without heartbeat after 2023-01-13 19:54:56.796988+00:00
[2023-01-13 20:00:06,984] {dag_processing.py:1062} INFO - Finding 'running' jobs without a recent heartbeat
[2023-01-13 20:00:07,026] {dag_processing.py:1066} INFO - Failing jobs without heartbeat after 2023-01-13 19:55:07.018087+00:00
[2023-01-13 20:00:17,167] {dag_processing.py:1062} INFO - Finding 'running' jobs without a recent heartbeat
[2023-01-13 20:00:17,210] {dag_processing.py:1066} INFO - Failing jobs without heartbeat after 2023-01-13 19:55:17.210234+00:00
[2023-01-13 20:00:27,461] {dag_processing.py:1062} INFO - Finding 'running' jobs without a recent heartbeat
[2023-01-13 20:00:27,504] {dag_processing.py:1066} INFO - Failing jobs without heartbeat after 2023-01-13 19:55:27.503735+00:00
[2023-01-13 20:00:37,666] {dag_processing.py:1062} INFO - Finding 'running' jobs without a recent heartbeat
[2023-01-13 20:00:37,705] {dag_processing.py:1066} INFO - Failing jobs without heartbeat after 2023-01-13 19:55:37.703950+00:00
[2023-01-13 20:00:47,870] {dag_processing.py:1062} INFO - Finding 'running' jobs without a recent heartbeat
[2023-01-13 20:00:47,894] {dag_processing.py:1066} INFO - Failing jobs without heartbeat after 2023-01-13 19:55:47.893552+00:00
[2023-01-13 20:00:58,111] {dag_processing.py:1062} INFO - Finding 'running' jobs without a recent heartbeat
[2023-01-13 20:00:58,149] {dag_processing.py:1066} INFO - Failing jobs without heartbeat after 2023-01-13 19:55:58.148404+00:00
[2023-01-13 20:01:08,322] {dag_processing.py:1062} INFO - Finding 'running' jobs without a recent heartbeat
[2023-01-13 20:01:08,363] {dag_processing.py:1066} INFO - Failing jobs without heartbeat after 2023-01-13 19:56:08.362669+00:00
[2023-01-13 20:01:18,558] {dag_processing.py:1062} INFO - Finding 'running' jobs without a recent heartbeat
[2023-01-13 20:01:18,599] {dag_processing.py:1066} INFO - Failing jobs without heartbeat after 2023-01-13 19:56:18.598782+00:00
[2023-01-13 20:01:28,722] {dag_processing.py:1062} INFO - Finding 'running' jobs without a recent heartbeat
[2023-01-13 20:01:28,750] {dag_processing.py:1066} INFO - Failing jobs without heartbeat after 2023-01-13 19:56:28.748810+00:00
[2023-01-13 20:01:38,927] {dag_processing.py:1062} INFO - Finding 'running' jobs without a recent heartbeat
[2023-01-13 20:01:38,961] {dag_processing.py:1066} INFO - Failing jobs without heartbeat after 2023-01-13 19:56:38.960725+00:00
[2023-01-13 20:01:49,125] {dag_processing.py:1062} INFO - Finding 'running' jobs without a recent heartbeat
[2023-01-13 20:01:49,153] {dag_processing.py:1066} INFO - Failing jobs without heartbeat after 2023-01-13 19:56:49.151591+00:00
[2023-01-13 20:01:59,346] {dag_processing.py:1062} INFO - Finding 'running' jobs without a recent heartbeat
[2023-01-13 20:01:59,383] {dag_processing.py:1066} INFO - Failing jobs without heartbeat after 2023-01-13 19:56:59.382838+00:00
[2023-01-13 20:02:09,512] {dag_processing.py:1062} INFO - Finding 'running' jobs without a recent heartbeat
[2023-01-13 20:02:09,532] {dag_processing.py:1066} INFO - Failing jobs without heartbeat after 2023-01-13 19:57:09.532525+00:00
[2023-01-13 20:02:12,582] {dag_processing.py:726} INFO - Searching for files in /opt/airflow/dags
[2023-01-13 20:02:12,596] {dag_processing.py:729} INFO - There are 0 files in /opt/airflow/dags
[2023-01-13 20:02:19,747] {dag_processing.py:1062} INFO - Finding 'running' jobs without a recent heartbeat
[2023-01-13 20:02:19,760] {dag_processing.py:1066} INFO - Failing jobs without heartbeat after 2023-01-13 19:57:19.760335+00:00
[2023-01-13 20:02:29,928] {dag_processing.py:1062} INFO - Finding 'running' jobs without a recent heartbeat
[2023-01-13 20:02:29,957] {dag_processing.py:1066} INFO - Failing jobs without heartbeat after 2023-01-13 19:57:29.957128+00:00
[2023-01-13 20:02:40,107] {dag_processing.py:1062} INFO - Finding 'running' jobs without a recent heartbeat
[2023-01-13 20:02:40,137] {dag_processing.py:1066} INFO - Failing jobs without heartbeat after 2023-01-13 19:57:40.136788+00:00
[2023-01-13 20:02:50,276] {dag_processing.py:1062} INFO - Finding 'running' jobs without a recent heartbeat
[2023-01-13 20:02:50,311] {dag_processing.py:1066} INFO - Failing jobs without heartbeat after 2023-01-13 19:57:50.310534+00:00
[2023-01-13 20:03:00,469] {dag_processing.py:1062} INFO - Finding 'running' jobs without a recent heartbeat
[2023-01-13 20:03:00,503] {dag_processing.py:1066} INFO - Failing jobs without heartbeat after 2023-01-13 19:58:00.502803+00:00
[2023-01-13 20:03:10,725] {dag_processing.py:1062} INFO - Finding 'running' jobs without a recent heartbeat
[2023-01-13 20:03:10,754] {dag_processing.py:1066} INFO - Failing jobs without heartbeat after 2023-01-13 19:58:10.753426+00:00
[2023-01-13 20:03:20,935] {dag_processing.py:1062} INFO - Finding 'running' jobs without a recent heartbeat
[2023-01-13 20:03:21,105] {dag_processing.py:1066} INFO - Failing jobs without heartbeat after 2023-01-13 19:58:21.103807+00:00
[2023-01-13 20:03:31,551] {dag_processing.py:1062} INFO - Finding 'running' jobs without a recent heartbeat
[2023-01-13 20:03:31,606] {dag_processing.py:1066} INFO - Failing jobs without heartbeat after 2023-01-13 19:58:31.605992+00:00
[2023-01-13 20:03:41,834] {dag_processing.py:1062} INFO - Finding 'running' jobs without a recent heartbeat
[2023-01-13 20:03:41,928] {dag_processing.py:1066} INFO - Failing jobs without heartbeat after 2023-01-13 19:58:41.926445+00:00
[2023-01-13 20:03:52,234] {dag_processing.py:1062} INFO - Finding 'running' jobs without a recent heartbeat
[2023-01-13 20:03:52,259] {dag_processing.py:1066} INFO - Failing jobs without heartbeat after 2023-01-13 19:58:52.259345+00:00
[2023-01-13 20:04:02,435] {dag_processing.py:1062} INFO - Finding 'running' jobs without a recent heartbeat
[2023-01-13 20:04:02,469] {dag_processing.py:1066} INFO - Failing jobs without heartbeat after 2023-01-13 19:59:02.469368+00:00
[2023-01-13 20:04:12,653] {dag_processing.py:1062} INFO - Finding 'running' jobs without a recent heartbeat
[2023-01-13 20:04:12,689] {dag_processing.py:1066} INFO - Failing jobs without heartbeat after 2023-01-13 19:59:12.688538+00:00
[2023-01-13 20:04:22,887] {dag_processing.py:1062} INFO - Finding 'running' jobs without a recent heartbeat
[2023-01-13 20:04:22,926] {dag_processing.py:1066} INFO - Failing jobs without heartbeat after 2023-01-13 19:59:22.925695+00:00
[2023-01-13 20:04:33,122] {dag_processing.py:1062} INFO - Finding 'running' jobs without a recent heartbeat
[2023-01-13 20:04:33,157] {dag_processing.py:1066} INFO - Failing jobs without heartbeat after 2023-01-13 19:59:33.156649+00:00
[2023-01-13 20:04:43,350] {dag_processing.py:1062} INFO - Finding 'running' jobs without a recent heartbeat
[2023-01-13 20:04:43,384] {dag_processing.py:1066} INFO - Failing jobs without heartbeat after 2023-01-13 19:59:43.383883+00:00
[2023-01-13 20:04:53,539] {dag_processing.py:1062} INFO - Finding 'running' jobs without a recent heartbeat
[2023-01-13 20:04:53,565] {dag_processing.py:1066} INFO - Failing jobs without heartbeat after 2023-01-13 19:59:53.564765+00:00
[2023-01-13 20:05:03,767] {dag_processing.py:1062} INFO - Finding 'running' jobs without a recent heartbeat
[2023-01-13 20:05:03,789] {dag_processing.py:1066} INFO - Failing jobs without heartbeat after 2023-01-13 20:00:03.789374+00:00
[2023-01-13 20:05:13,950] {dag_processing.py:1062} INFO - Finding 'running' jobs without a recent heartbeat
[2023-01-13 20:05:13,966] {dag_processing.py:1066} INFO - Failing jobs without heartbeat after 2023-01-13 20:00:13.966377+00:00
[2023-01-13 20:05:24,107] {dag_processing.py:1062} INFO - Finding 'running' jobs without a recent heartbeat
[2023-01-13 20:05:24,138] {dag_processing.py:1066} INFO - Failing jobs without heartbeat after 2023-01-13 20:00:24.137283+00:00
[2023-01-13 20:05:34,419] {dag_processing.py:1062} INFO - Finding 'running' jobs without a recent heartbeat
[2023-01-13 20:05:34,450] {dag_processing.py:1066} INFO - Failing jobs without heartbeat after 2023-01-13 20:00:34.450238+00:00
[2023-01-13 20:05:44,667] {dag_processing.py:1062} INFO - Finding 'running' jobs without a recent heartbeat
[2023-01-13 20:05:44,697] {dag_processing.py:1066} INFO - Failing jobs without heartbeat after 2023-01-13 20:00:44.697095+00:00
[2023-01-13 20:05:54,871] {dag_processing.py:1062} INFO - Finding 'running' jobs without a recent heartbeat
[2023-01-13 20:05:54,905] {dag_processing.py:1066} INFO - Failing jobs without heartbeat after 2023-01-13 20:00:54.904981+00:00
[2023-01-13 20:06:05,114] {dag_processing.py:1062} INFO - Finding 'running' jobs without a recent heartbeat
[2023-01-13 20:06:05,147] {dag_processing.py:1066} INFO - Failing jobs without heartbeat after 2023-01-13 20:01:05.147278+00:00
[2023-01-13 20:06:15,331] {dag_processing.py:1062} INFO - Finding 'running' jobs without a recent heartbeat
[2023-01-13 20:06:15,352] {dag_processing.py:1066} INFO - Failing jobs without heartbeat after 2023-01-13 20:01:15.351953+00:00
[2023-01-13 20:06:25,530] {dag_processing.py:1062} INFO - Finding 'running' jobs without a recent heartbeat
[2023-01-13 20:06:25,673] {dag_processing.py:1066} INFO - Failing jobs without heartbeat after 2023-01-13 20:01:25.670261+00:00
[2023-01-13 20:06:36,029] {dag_processing.py:1062} INFO - Finding 'running' jobs without a recent heartbeat
[2023-01-13 20:06:36,067] {dag_processing.py:1066} INFO - Failing jobs without heartbeat after 2023-01-13 20:01:36.065588+00:00
[2023-01-13 20:06:46,333] {dag_processing.py:1062} INFO - Finding 'running' jobs without a recent heartbeat
[2023-01-13 20:06:46,364] {dag_processing.py:1066} INFO - Failing jobs without heartbeat after 2023-01-13 20:01:46.364364+00:00
[2023-01-13 20:06:56,515] {dag_processing.py:1062} INFO - Finding 'running' jobs without a recent heartbeat
[2023-01-13 20:06:56,534] {dag_processing.py:1066} INFO - Failing jobs without heartbeat after 2023-01-13 20:01:56.533666+00:00
[2023-01-13 20:07:06,698] {dag_processing.py:1062} INFO - Finding 'running' jobs without a recent heartbeat
[2023-01-13 20:07:06,727] {dag_processing.py:1066} INFO - Failing jobs without heartbeat after 2023-01-13 20:02:06.726861+00:00
[2023-01-13 20:07:12,842] {dag_processing.py:726} INFO - Searching for files in /opt/airflow/dags
[2023-01-13 20:07:12,889] {dag_processing.py:729} INFO - There are 0 files in /opt/airflow/dags
[2023-01-13 20:07:17,024] {dag_processing.py:1062} INFO - Finding 'running' jobs without a recent heartbeat
[2023-01-13 20:07:17,040] {dag_processing.py:1066} INFO - Failing jobs without heartbeat after 2023-01-13 20:02:17.038298+00:00
[2023-01-13 20:07:27,188] {dag_processing.py:1062} INFO - Finding 'running' jobs without a recent heartbeat
[2023-01-13 20:07:27,210] {dag_processing.py:1066} INFO - Failing jobs without heartbeat after 2023-01-13 20:02:27.209335+00:00
[2023-01-13 20:07:37,379] {dag_processing.py:1062} INFO - Finding 'running' jobs without a recent heartbeat
[2023-01-13 20:07:37,415] {dag_processing.py:1066} INFO - Failing jobs without heartbeat after 2023-01-13 20:02:37.414808+00:00
[2023-01-13 20:07:47,609] {dag_processing.py:1062} INFO - Finding 'running' jobs without a recent heartbeat
[2023-01-13 20:07:47,646] {dag_processing.py:1066} INFO - Failing jobs without heartbeat after 2023-01-13 20:02:47.646363+00:00
[2023-01-13 20:07:57,809] {dag_processing.py:1062} INFO - Finding 'running' jobs without a recent heartbeat
[2023-01-13 20:07:57,835] {dag_processing.py:1066} INFO - Failing jobs without heartbeat after 2023-01-13 20:02:57.834950+00:00
[2023-01-13 20:08:07,996] {dag_processing.py:1062} INFO - Finding 'running' jobs without a recent heartbeat
[2023-01-13 20:08:08,027] {dag_processing.py:1066} INFO - Failing jobs without heartbeat after 2023-01-13 20:03:08.020474+00:00
[2023-01-13 20:08:18,196] {dag_processing.py:1062} INFO - Finding 'running' jobs without a recent heartbeat
[2023-01-13 20:08:18,224] {dag_processing.py:1066} INFO - Failing jobs without heartbeat after 2023-01-13 20:03:18.223117+00:00
[2023-01-13 20:08:28,386] {dag_processing.py:1062} INFO - Finding 'running' jobs without a recent heartbeat
[2023-01-13 20:08:28,406] {dag_processing.py:1066} INFO - Failing jobs without heartbeat after 2023-01-13 20:03:28.406593+00:00
[2023-01-13 20:08:38,549] {dag_processing.py:1062} INFO - Finding 'running' jobs without a recent heartbeat
[2023-01-13 20:08:38,569] {dag_processing.py:1066} INFO - Failing jobs without heartbeat after 2023-01-13 20:03:38.569156+00:00
[2023-01-13 20:08:48,767] {dag_processing.py:1062} INFO - Finding 'running' jobs without a recent heartbeat
[2023-01-13 20:08:48,803] {dag_processing.py:1066} INFO - Failing jobs without heartbeat after 2023-01-13 20:03:48.802711+00:00
[2023-01-13 20:08:58,963] {dag_processing.py:1062} INFO - Finding 'running' jobs without a recent heartbeat
[2023-01-13 20:08:58,989] {dag_processing.py:1066} INFO - Failing jobs without heartbeat after 2023-01-13 20:03:58.988638+00:00
[2023-01-13 20:09:09,178] {dag_processing.py:1062} INFO - Finding 'running' jobs without a recent heartbeat
[2023-01-13 20:09:09,209] {dag_processing.py:1066} INFO - Failing jobs without heartbeat after 2023-01-13 20:04:09.208901+00:00
[2023-01-13 20:09:19,369] {dag_processing.py:1062} INFO - Finding 'running' jobs without a recent heartbeat
[2023-01-13 20:09:19,402] {dag_processing.py:1066} INFO - Failing jobs without heartbeat after 2023-01-13 20:04:19.401580+00:00
[2023-01-13 20:09:29,666] {dag_processing.py:1062} INFO - Finding 'running' jobs without a recent heartbeat
[2023-01-13 20:09:29,690] {dag_processing.py:1066} INFO - Failing jobs without heartbeat after 2023-01-13 20:04:29.689799+00:00
[2023-01-13 20:09:39,893] {dag_processing.py:1062} INFO - Finding 'running' jobs without a recent heartbeat
[2023-01-13 20:09:39,932] {dag_processing.py:1066} INFO - Failing jobs without heartbeat after 2023-01-13 20:04:39.928540+00:00
[2023-01-13 20:09:50,117] {dag_processing.py:1062} INFO - Finding 'running' jobs without a recent heartbeat
[2023-01-13 20:09:50,146] {dag_processing.py:1066} INFO - Failing jobs without heartbeat after 2023-01-13 20:04:50.146158+00:00
[2023-01-13 20:10:00,308] {dag_processing.py:1062} INFO - Finding 'running' jobs without a recent heartbeat
[2023-01-13 20:10:00,352] {dag_processing.py:1066} INFO - Failing jobs without heartbeat after 2023-01-13 20:05:00.352189+00:00
[2023-01-13 20:10:10,520] {dag_processing.py:1062} INFO - Finding 'running' jobs without a recent heartbeat
[2023-01-13 20:10:10,528] {dag_processing.py:1066} INFO - Failing jobs without heartbeat after 2023-01-13 20:05:10.527850+00:00
[2023-01-13 20:10:20,690] {dag_processing.py:1062} INFO - Finding 'running' jobs without a recent heartbeat
[2023-01-13 20:10:20,710] {dag_processing.py:1066} INFO - Failing jobs without heartbeat after 2023-01-13 20:05:20.709729+00:00
[2023-01-13 20:10:30,871] {dag_processing.py:1062} INFO - Finding 'running' jobs without a recent heartbeat
[2023-01-13 20:10:30,910] {dag_processing.py:1066} INFO - Failing jobs without heartbeat after 2023-01-13 20:05:30.910241+00:00
[2023-01-13 20:10:41,100] {dag_processing.py:1062} INFO - Finding 'running' jobs without a recent heartbeat
[2023-01-13 20:10:41,134] {dag_processing.py:1066} INFO - Failing jobs without heartbeat after 2023-01-13 20:05:41.133213+00:00
[2023-01-13 20:10:51,323] {dag_processing.py:1062} INFO - Finding 'running' jobs without a recent heartbeat
[2023-01-13 20:10:51,358] {dag_processing.py:1066} INFO - Failing jobs without heartbeat after 2023-01-13 20:05:51.357921+00:00
[2023-01-13 20:11:01,512] {dag_processing.py:1062} INFO - Finding 'running' jobs without a recent heartbeat
[2023-01-13 20:11:01,559] {dag_processing.py:1066} INFO - Failing jobs without heartbeat after 2023-01-13 20:06:01.557584+00:00
[2023-01-13 20:11:11,758] {dag_processing.py:1062} INFO - Finding 'running' jobs without a recent heartbeat
[2023-01-13 20:11:11,803] {dag_processing.py:1066} INFO - Failing jobs without heartbeat after 2023-01-13 20:06:11.803002+00:00
[2023-01-13 20:11:21,971] {dag_processing.py:1062} INFO - Finding 'running' jobs without a recent heartbeat
[2023-01-13 20:11:21,989] {dag_processing.py:1066} INFO - Failing jobs without heartbeat after 2023-01-13 20:06:21.989331+00:00
[2023-01-13 20:11:32,163] {dag_processing.py:1062} INFO - Finding 'running' jobs without a recent heartbeat
[2023-01-13 20:11:32,193] {dag_processing.py:1066} INFO - Failing jobs without heartbeat after 2023-01-13 20:06:32.193279+00:00
[2023-01-13 20:11:42,383] {dag_processing.py:1062} INFO - Finding 'running' jobs without a recent heartbeat
[2023-01-13 20:11:42,412] {dag_processing.py:1066} INFO - Failing jobs without heartbeat after 2023-01-13 20:06:42.411466+00:00
[2023-01-13 20:11:52,630] {dag_processing.py:1062} INFO - Finding 'running' jobs without a recent heartbeat
[2023-01-13 20:11:52,672] {dag_processing.py:1066} INFO - Failing jobs without heartbeat after 2023-01-13 20:06:52.671180+00:00
[2023-01-13 20:12:02,887] {dag_processing.py:1062} INFO - Finding 'running' jobs without a recent heartbeat
[2023-01-13 20:12:02,922] {dag_processing.py:1066} INFO - Failing jobs without heartbeat after 2023-01-13 20:07:02.921997+00:00
[2023-01-13 20:12:13,098] {dag_processing.py:726} INFO - Searching for files in /opt/airflow/dags
[2023-01-13 20:12:13,142] {dag_processing.py:729} INFO - There are 0 files in /opt/airflow/dags
[2023-01-13 20:12:13,197] {dag_processing.py:1062} INFO - Finding 'running' jobs without a recent heartbeat
[2023-01-13 20:12:13,200] {dag_processing.py:1066} INFO - Failing jobs without heartbeat after 2023-01-13 20:07:13.200187+00:00
[2023-01-13 20:12:23,375] {dag_processing.py:1062} INFO - Finding 'running' jobs without a recent heartbeat
[2023-01-13 20:12:23,397] {dag_processing.py:1066} INFO - Failing jobs without heartbeat after 2023-01-13 20:07:23.397292+00:00
[2023-01-13 20:12:33,642] {dag_processing.py:1062} INFO - Finding 'running' jobs without a recent heartbeat
[2023-01-13 20:12:33,672] {dag_processing.py:1066} INFO - Failing jobs without heartbeat after 2023-01-13 20:07:33.671462+00:00
[2023-01-13 20:12:43,983] {dag_processing.py:1062} INFO - Finding 'running' jobs without a recent heartbeat
[2023-01-13 20:12:44,006] {dag_processing.py:1066} INFO - Failing jobs without heartbeat after 2023-01-13 20:07:44.006380+00:00
[2023-01-13 20:12:54,327] {dag_processing.py:1062} INFO - Finding 'running' jobs without a recent heartbeat
[2023-01-13 20:12:54,355] {dag_processing.py:1066} INFO - Failing jobs without heartbeat after 2023-01-13 20:07:54.354528+00:00
[2023-01-13 20:13:04,595] {dag_processing.py:1062} INFO - Finding 'running' jobs without a recent heartbeat
[2023-01-13 20:13:04,636] {dag_processing.py:1066} INFO - Failing jobs without heartbeat after 2023-01-13 20:08:04.635486+00:00
[2023-01-13 20:13:14,821] {dag_processing.py:1062} INFO - Finding 'running' jobs without a recent heartbeat
[2023-01-13 20:13:14,845] {dag_processing.py:1066} INFO - Failing jobs without heartbeat after 2023-01-13 20:08:14.845166+00:00
[2023-01-13 20:13:24,990] {dag_processing.py:1062} INFO - Finding 'running' jobs without a recent heartbeat
[2023-01-13 20:13:25,010] {dag_processing.py:1066} INFO - Failing jobs without heartbeat after 2023-01-13 20:08:25.010078+00:00
[2023-01-13 20:13:35,191] {dag_processing.py:1062} INFO - Finding 'running' jobs without a recent heartbeat
[2023-01-13 20:13:35,207] {dag_processing.py:1066} INFO - Failing jobs without heartbeat after 2023-01-13 20:08:35.207676+00:00
[2023-01-13 20:13:45,311] {dag_processing.py:1062} INFO - Finding 'running' jobs without a recent heartbeat
[2023-01-13 20:13:45,341] {dag_processing.py:1066} INFO - Failing jobs without heartbeat after 2023-01-13 20:08:45.341560+00:00
[2023-01-13 20:13:55,552] {dag_processing.py:1062} INFO - Finding 'running' jobs without a recent heartbeat
[2023-01-13 20:13:55,594] {dag_processing.py:1066} INFO - Failing jobs without heartbeat after 2023-01-13 20:08:55.593613+00:00
[2023-01-13 20:14:05,761] {dag_processing.py:1062} INFO - Finding 'running' jobs without a recent heartbeat
[2023-01-13 20:14:05,791] {dag_processing.py:1066} INFO - Failing jobs without heartbeat after 2023-01-13 20:09:05.791442+00:00
[2023-01-13 20:14:15,986] {dag_processing.py:1062} INFO - Finding 'running' jobs without a recent heartbeat
[2023-01-13 20:14:15,998] {dag_processing.py:1066} INFO - Failing jobs without heartbeat after 2023-01-13 20:09:15.997951+00:00
[2023-01-13 20:14:26,145] {dag_processing.py:1062} INFO - Finding 'running' jobs without a recent heartbeat
[2023-01-13 20:14:26,176] {dag_processing.py:1066} INFO - Failing jobs without heartbeat after 2023-01-13 20:09:26.175272+00:00
[2023-01-13 20:14:36,324] {dag_processing.py:1062} INFO - Finding 'running' jobs without a recent heartbeat
[2023-01-13 20:14:36,358] {dag_processing.py:1066} INFO - Failing jobs without heartbeat after 2023-01-13 20:09:36.355885+00:00
[2023-01-13 20:14:46,537] {dag_processing.py:1062} INFO - Finding 'running' jobs without a recent heartbeat
[2023-01-13 20:14:46,552] {dag_processing.py:1066} INFO - Failing jobs without heartbeat after 2023-01-13 20:09:46.552499+00:00
[2023-01-13 20:14:54,726] {dag_processing.py:571} INFO - Exiting gracefully upon receiving signal 15
