[2023-01-13T18:48:22.093+0000] {processor.py:153} INFO - Started process (PID=323) to work on /home/airflow/.local/lib/python3.7/site-packages/airflow/example_dags/example_skip_dag.py
[2023-01-13T18:48:22.098+0000] {processor.py:743} INFO - Processing file /home/airflow/.local/lib/python3.7/site-packages/airflow/example_dags/example_skip_dag.py for tasks to queue
[2023-01-13T18:48:22.101+0000] {logging_mixin.py:137} INFO - [2023-01-13T18:48:22.101+0000] {dagbag.py:538} INFO - Filling up the DagBag from /home/airflow/.local/lib/python3.7/site-packages/airflow/example_dags/example_skip_dag.py
[2023-01-13T18:48:22.218+0000] {processor.py:753} INFO - DAG(s) dict_keys(['example_skip_dag']) retrieved from /home/airflow/.local/lib/python3.7/site-packages/airflow/example_dags/example_skip_dag.py
[2023-01-13T18:48:22.341+0000] {logging_mixin.py:137} INFO - [2023-01-13T18:48:22.341+0000] {dag.py:2676} INFO - Sync 1 DAGs
[2023-01-13T18:48:22.392+0000] {logging_mixin.py:137} INFO - [2023-01-13T18:48:22.392+0000] {dag.py:3427} INFO - Setting next_dagrun for example_skip_dag to 2023-01-12T18:48:22.391827+00:00, run_after=2023-01-13T18:48:22.391827+00:00
[2023-01-13T18:48:22.458+0000] {processor.py:175} INFO - Processing /home/airflow/.local/lib/python3.7/site-packages/airflow/example_dags/example_skip_dag.py took 0.378 seconds
[2023-01-13T18:48:53.365+0000] {processor.py:153} INFO - Started process (PID=536) to work on /home/airflow/.local/lib/python3.7/site-packages/airflow/example_dags/example_skip_dag.py
[2023-01-13T18:48:53.368+0000] {processor.py:743} INFO - Processing file /home/airflow/.local/lib/python3.7/site-packages/airflow/example_dags/example_skip_dag.py for tasks to queue
[2023-01-13T18:48:53.370+0000] {logging_mixin.py:137} INFO - [2023-01-13T18:48:53.370+0000] {dagbag.py:538} INFO - Filling up the DagBag from /home/airflow/.local/lib/python3.7/site-packages/airflow/example_dags/example_skip_dag.py
[2023-01-13T18:48:53.394+0000] {processor.py:753} INFO - DAG(s) dict_keys(['example_skip_dag']) retrieved from /home/airflow/.local/lib/python3.7/site-packages/airflow/example_dags/example_skip_dag.py
[2023-01-13T18:48:53.448+0000] {logging_mixin.py:137} INFO - [2023-01-13T18:48:53.448+0000] {dag.py:2676} INFO - Sync 1 DAGs
[2023-01-13T18:48:53.470+0000] {logging_mixin.py:137} INFO - [2023-01-13T18:48:53.470+0000] {dag.py:3427} INFO - Setting next_dagrun for example_skip_dag to 2023-01-12T18:48:53.469899+00:00, run_after=2023-01-13T18:48:53.469899+00:00
[2023-01-13T18:48:53.493+0000] {processor.py:175} INFO - Processing /home/airflow/.local/lib/python3.7/site-packages/airflow/example_dags/example_skip_dag.py took 0.137 seconds
[2023-01-13T18:49:23.865+0000] {processor.py:153} INFO - Started process (PID=749) to work on /home/airflow/.local/lib/python3.7/site-packages/airflow/example_dags/example_skip_dag.py
[2023-01-13T18:49:23.867+0000] {processor.py:743} INFO - Processing file /home/airflow/.local/lib/python3.7/site-packages/airflow/example_dags/example_skip_dag.py for tasks to queue
[2023-01-13T18:49:23.869+0000] {logging_mixin.py:137} INFO - [2023-01-13T18:49:23.869+0000] {dagbag.py:538} INFO - Filling up the DagBag from /home/airflow/.local/lib/python3.7/site-packages/airflow/example_dags/example_skip_dag.py
[2023-01-13T18:49:23.889+0000] {processor.py:753} INFO - DAG(s) dict_keys(['example_skip_dag']) retrieved from /home/airflow/.local/lib/python3.7/site-packages/airflow/example_dags/example_skip_dag.py
[2023-01-13T18:49:23.942+0000] {logging_mixin.py:137} INFO - [2023-01-13T18:49:23.941+0000] {dag.py:2676} INFO - Sync 1 DAGs
[2023-01-13T18:49:24.015+0000] {logging_mixin.py:137} INFO - [2023-01-13T18:49:24.014+0000] {dag.py:3427} INFO - Setting next_dagrun for example_skip_dag to 2023-01-12T18:49:24.014394+00:00, run_after=2023-01-13T18:49:24.014394+00:00
[2023-01-13T18:49:24.049+0000] {processor.py:175} INFO - Processing /home/airflow/.local/lib/python3.7/site-packages/airflow/example_dags/example_skip_dag.py took 0.186 seconds
[2023-01-13T18:49:55.303+0000] {processor.py:153} INFO - Started process (PID=977) to work on /home/airflow/.local/lib/python3.7/site-packages/airflow/example_dags/example_skip_dag.py
[2023-01-13T18:49:55.310+0000] {processor.py:743} INFO - Processing file /home/airflow/.local/lib/python3.7/site-packages/airflow/example_dags/example_skip_dag.py for tasks to queue
[2023-01-13T18:49:55.316+0000] {logging_mixin.py:137} INFO - [2023-01-13T18:49:55.315+0000] {dagbag.py:538} INFO - Filling up the DagBag from /home/airflow/.local/lib/python3.7/site-packages/airflow/example_dags/example_skip_dag.py
[2023-01-13T18:49:55.341+0000] {processor.py:753} INFO - DAG(s) dict_keys(['example_skip_dag']) retrieved from /home/airflow/.local/lib/python3.7/site-packages/airflow/example_dags/example_skip_dag.py
[2023-01-13T18:49:55.450+0000] {logging_mixin.py:137} INFO - [2023-01-13T18:49:55.450+0000] {dag.py:2676} INFO - Sync 1 DAGs
[2023-01-13T18:49:55.506+0000] {logging_mixin.py:137} INFO - [2023-01-13T18:49:55.506+0000] {dag.py:3427} INFO - Setting next_dagrun for example_skip_dag to 2023-01-12T18:49:55.506542+00:00, run_after=2023-01-13T18:49:55.506542+00:00
[2023-01-13T18:49:55.541+0000] {processor.py:175} INFO - Processing /home/airflow/.local/lib/python3.7/site-packages/airflow/example_dags/example_skip_dag.py took 0.243 seconds
[2023-01-13T18:56:49.930+0000] {processor.py:153} INFO - Started process (PID=103) to work on /home/airflow/.local/lib/python3.7/site-packages/airflow/example_dags/example_skip_dag.py
[2023-01-13T18:56:49.992+0000] {processor.py:743} INFO - Processing file /home/airflow/.local/lib/python3.7/site-packages/airflow/example_dags/example_skip_dag.py for tasks to queue
[2023-01-13T18:56:50.276+0000] {logging_mixin.py:137} INFO - [2023-01-13T18:56:50.187+0000] {dagbag.py:538} INFO - Filling up the DagBag from /home/airflow/.local/lib/python3.7/site-packages/airflow/example_dags/example_skip_dag.py
[2023-01-13T18:56:51.683+0000] {processor.py:753} INFO - DAG(s) dict_keys(['example_skip_dag']) retrieved from /home/airflow/.local/lib/python3.7/site-packages/airflow/example_dags/example_skip_dag.py
[2023-01-13T18:56:57.989+0000] {logging_mixin.py:137} INFO - [2023-01-13T18:56:57.952+0000] {dag.py:2676} INFO - Sync 1 DAGs
[2023-01-13T18:57:02.301+0000] {logging_mixin.py:137} INFO - [2023-01-13T18:57:02.079+0000] {dag.py:3427} INFO - Setting next_dagrun for example_skip_dag to 2023-01-12T18:57:00.827535+00:00, run_after=2023-01-13T18:57:00.827535+00:00
[2023-01-13T18:57:04.252+0000] {processor.py:175} INFO - Processing /home/airflow/.local/lib/python3.7/site-packages/airflow/example_dags/example_skip_dag.py took 14.518 seconds
