[2023-01-13T18:48:18.077+0000] {processor.py:153} INFO - Started process (PID=213) to work on /home/airflow/.local/lib/python3.7/site-packages/airflow/example_dags/example_xcomargs.py
[2023-01-13T18:48:18.115+0000] {processor.py:743} INFO - Processing file /home/airflow/.local/lib/python3.7/site-packages/airflow/example_dags/example_xcomargs.py for tasks to queue
[2023-01-13T18:48:18.119+0000] {logging_mixin.py:137} INFO - [2023-01-13T18:48:18.119+0000] {dagbag.py:538} INFO - Filling up the DagBag from /home/airflow/.local/lib/python3.7/site-packages/airflow/example_dags/example_xcomargs.py
[2023-01-13T18:48:18.428+0000] {processor.py:753} INFO - DAG(s) dict_keys(['example_xcom_args_with_operators', 'example_xcom_args']) retrieved from /home/airflow/.local/lib/python3.7/site-packages/airflow/example_dags/example_xcomargs.py
[2023-01-13T18:48:18.731+0000] {logging_mixin.py:137} INFO - [2023-01-13T18:48:18.731+0000] {dag.py:2676} INFO - Sync 2 DAGs
[2023-01-13T18:48:18.775+0000] {logging_mixin.py:137} INFO - [2023-01-13T18:48:18.774+0000] {dag.py:3427} INFO - Setting next_dagrun for example_xcom_args to None, run_after=None
[2023-01-13T18:48:18.786+0000] {logging_mixin.py:137} INFO - [2023-01-13T18:48:18.785+0000] {dag.py:3427} INFO - Setting next_dagrun for example_xcom_args_with_operators to None, run_after=None
[2023-01-13T18:48:18.876+0000] {processor.py:175} INFO - Processing /home/airflow/.local/lib/python3.7/site-packages/airflow/example_dags/example_xcomargs.py took 0.808 seconds
[2023-01-13T18:48:49.444+0000] {processor.py:153} INFO - Started process (PID=426) to work on /home/airflow/.local/lib/python3.7/site-packages/airflow/example_dags/example_xcomargs.py
[2023-01-13T18:48:49.447+0000] {processor.py:743} INFO - Processing file /home/airflow/.local/lib/python3.7/site-packages/airflow/example_dags/example_xcomargs.py for tasks to queue
[2023-01-13T18:48:49.450+0000] {logging_mixin.py:137} INFO - [2023-01-13T18:48:49.450+0000] {dagbag.py:538} INFO - Filling up the DagBag from /home/airflow/.local/lib/python3.7/site-packages/airflow/example_dags/example_xcomargs.py
[2023-01-13T18:48:49.508+0000] {processor.py:753} INFO - DAG(s) dict_keys(['example_xcom_args', 'example_xcom_args_with_operators']) retrieved from /home/airflow/.local/lib/python3.7/site-packages/airflow/example_dags/example_xcomargs.py
[2023-01-13T18:48:49.582+0000] {logging_mixin.py:137} INFO - [2023-01-13T18:48:49.582+0000] {dag.py:2676} INFO - Sync 2 DAGs
[2023-01-13T18:48:49.618+0000] {logging_mixin.py:137} INFO - [2023-01-13T18:48:49.618+0000] {dag.py:3427} INFO - Setting next_dagrun for example_xcom_args to None, run_after=None
[2023-01-13T18:48:49.622+0000] {logging_mixin.py:137} INFO - [2023-01-13T18:48:49.622+0000] {dag.py:3427} INFO - Setting next_dagrun for example_xcom_args_with_operators to None, run_after=None
[2023-01-13T18:48:49.638+0000] {processor.py:175} INFO - Processing /home/airflow/.local/lib/python3.7/site-packages/airflow/example_dags/example_xcomargs.py took 0.207 seconds
[2023-01-13T18:49:20.536+0000] {processor.py:153} INFO - Started process (PID=641) to work on /home/airflow/.local/lib/python3.7/site-packages/airflow/example_dags/example_xcomargs.py
[2023-01-13T18:49:20.544+0000] {processor.py:743} INFO - Processing file /home/airflow/.local/lib/python3.7/site-packages/airflow/example_dags/example_xcomargs.py for tasks to queue
[2023-01-13T18:49:20.552+0000] {logging_mixin.py:137} INFO - [2023-01-13T18:49:20.551+0000] {dagbag.py:538} INFO - Filling up the DagBag from /home/airflow/.local/lib/python3.7/site-packages/airflow/example_dags/example_xcomargs.py
[2023-01-13T18:49:20.641+0000] {processor.py:753} INFO - DAG(s) dict_keys(['example_xcom_args_with_operators', 'example_xcom_args']) retrieved from /home/airflow/.local/lib/python3.7/site-packages/airflow/example_dags/example_xcomargs.py
[2023-01-13T18:49:20.736+0000] {logging_mixin.py:137} INFO - [2023-01-13T18:49:20.736+0000] {dag.py:2676} INFO - Sync 2 DAGs
[2023-01-13T18:49:20.832+0000] {logging_mixin.py:137} INFO - [2023-01-13T18:49:20.832+0000] {dag.py:3427} INFO - Setting next_dagrun for example_xcom_args to None, run_after=None
[2023-01-13T18:49:20.841+0000] {logging_mixin.py:137} INFO - [2023-01-13T18:49:20.841+0000] {dag.py:3427} INFO - Setting next_dagrun for example_xcom_args_with_operators to None, run_after=None
[2023-01-13T18:49:20.899+0000] {processor.py:175} INFO - Processing /home/airflow/.local/lib/python3.7/site-packages/airflow/example_dags/example_xcomargs.py took 0.380 seconds
[2023-01-13T18:49:51.041+0000] {processor.py:153} INFO - Started process (PID=857) to work on /home/airflow/.local/lib/python3.7/site-packages/airflow/example_dags/example_xcomargs.py
[2023-01-13T18:49:51.043+0000] {processor.py:743} INFO - Processing file /home/airflow/.local/lib/python3.7/site-packages/airflow/example_dags/example_xcomargs.py for tasks to queue
[2023-01-13T18:49:51.044+0000] {logging_mixin.py:137} INFO - [2023-01-13T18:49:51.044+0000] {dagbag.py:538} INFO - Filling up the DagBag from /home/airflow/.local/lib/python3.7/site-packages/airflow/example_dags/example_xcomargs.py
[2023-01-13T18:49:51.065+0000] {processor.py:753} INFO - DAG(s) dict_keys(['example_xcom_args', 'example_xcom_args_with_operators']) retrieved from /home/airflow/.local/lib/python3.7/site-packages/airflow/example_dags/example_xcomargs.py
[2023-01-13T18:49:51.096+0000] {logging_mixin.py:137} INFO - [2023-01-13T18:49:51.096+0000] {dag.py:2676} INFO - Sync 2 DAGs
[2023-01-13T18:49:51.114+0000] {logging_mixin.py:137} INFO - [2023-01-13T18:49:51.114+0000] {dag.py:3427} INFO - Setting next_dagrun for example_xcom_args to None, run_after=None
[2023-01-13T18:49:51.118+0000] {logging_mixin.py:137} INFO - [2023-01-13T18:49:51.118+0000] {dag.py:3427} INFO - Setting next_dagrun for example_xcom_args_with_operators to None, run_after=None
[2023-01-13T18:49:51.131+0000] {processor.py:175} INFO - Processing /home/airflow/.local/lib/python3.7/site-packages/airflow/example_dags/example_xcomargs.py took 0.094 seconds
[2023-01-13T18:55:53.096+0000] {processor.py:153} INFO - Started process (PID=52) to work on /home/airflow/.local/lib/python3.7/site-packages/airflow/example_dags/example_xcomargs.py
[2023-01-13T18:55:53.111+0000] {processor.py:743} INFO - Processing file /home/airflow/.local/lib/python3.7/site-packages/airflow/example_dags/example_xcomargs.py for tasks to queue
[2023-01-13T18:55:53.114+0000] {logging_mixin.py:137} INFO - [2023-01-13T18:55:53.114+0000] {dagbag.py:538} INFO - Filling up the DagBag from /home/airflow/.local/lib/python3.7/site-packages/airflow/example_dags/example_xcomargs.py
[2023-01-13T18:55:53.202+0000] {processor.py:753} INFO - DAG(s) dict_keys(['example_xcom_args', 'example_xcom_args_with_operators']) retrieved from /home/airflow/.local/lib/python3.7/site-packages/airflow/example_dags/example_xcomargs.py
[2023-01-13T18:55:53.347+0000] {logging_mixin.py:137} INFO - [2023-01-13T18:55:53.347+0000] {dag.py:2676} INFO - Sync 2 DAGs
[2023-01-13T18:55:53.454+0000] {logging_mixin.py:137} INFO - [2023-01-13T18:55:53.453+0000] {dag.py:3427} INFO - Setting next_dagrun for example_xcom_args to None, run_after=None
[2023-01-13T18:55:53.487+0000] {logging_mixin.py:137} INFO - [2023-01-13T18:55:53.487+0000] {dag.py:3427} INFO - Setting next_dagrun for example_xcom_args_with_operators to None, run_after=None
[2023-01-13T18:55:53.539+0000] {processor.py:175} INFO - Processing /home/airflow/.local/lib/python3.7/site-packages/airflow/example_dags/example_xcomargs.py took 0.461 seconds
