[2023-01-13T18:48:20.378+0000] {processor.py:153} INFO - Started process (PID=286) to work on /home/airflow/.local/lib/python3.7/site-packages/airflow/example_dags/example_nested_branch_dag.py
[2023-01-13T18:48:20.380+0000] {processor.py:743} INFO - Processing file /home/airflow/.local/lib/python3.7/site-packages/airflow/example_dags/example_nested_branch_dag.py for tasks to queue
[2023-01-13T18:48:20.382+0000] {logging_mixin.py:137} INFO - [2023-01-13T18:48:20.382+0000] {dagbag.py:538} INFO - Filling up the DagBag from /home/airflow/.local/lib/python3.7/site-packages/airflow/example_dags/example_nested_branch_dag.py
[2023-01-13T18:48:20.413+0000] {processor.py:753} INFO - DAG(s) dict_keys(['example_nested_branch_dag']) retrieved from /home/airflow/.local/lib/python3.7/site-packages/airflow/example_dags/example_nested_branch_dag.py
[2023-01-13T18:48:20.450+0000] {logging_mixin.py:137} INFO - [2023-01-13T18:48:20.450+0000] {dag.py:2676} INFO - Sync 1 DAGs
[2023-01-13T18:48:20.482+0000] {logging_mixin.py:137} INFO - [2023-01-13T18:48:20.482+0000] {dag.py:3427} INFO - Setting next_dagrun for example_nested_branch_dag to 2023-01-12T00:00:00+00:00, run_after=2023-01-13T00:00:00+00:00
[2023-01-13T18:48:20.510+0000] {processor.py:175} INFO - Processing /home/airflow/.local/lib/python3.7/site-packages/airflow/example_dags/example_nested_branch_dag.py took 0.135 seconds
[2023-01-13T18:48:50.594+0000] {processor.py:153} INFO - Started process (PID=499) to work on /home/airflow/.local/lib/python3.7/site-packages/airflow/example_dags/example_nested_branch_dag.py
[2023-01-13T18:48:50.595+0000] {processor.py:743} INFO - Processing file /home/airflow/.local/lib/python3.7/site-packages/airflow/example_dags/example_nested_branch_dag.py for tasks to queue
[2023-01-13T18:48:50.597+0000] {logging_mixin.py:137} INFO - [2023-01-13T18:48:50.597+0000] {dagbag.py:538} INFO - Filling up the DagBag from /home/airflow/.local/lib/python3.7/site-packages/airflow/example_dags/example_nested_branch_dag.py
[2023-01-13T18:48:50.616+0000] {processor.py:753} INFO - DAG(s) dict_keys(['example_nested_branch_dag']) retrieved from /home/airflow/.local/lib/python3.7/site-packages/airflow/example_dags/example_nested_branch_dag.py
[2023-01-13T18:48:50.646+0000] {logging_mixin.py:137} INFO - [2023-01-13T18:48:50.645+0000] {dag.py:2676} INFO - Sync 1 DAGs
[2023-01-13T18:48:50.662+0000] {logging_mixin.py:137} INFO - [2023-01-13T18:48:50.662+0000] {dag.py:3427} INFO - Setting next_dagrun for example_nested_branch_dag to 2023-01-12T00:00:00+00:00, run_after=2023-01-13T00:00:00+00:00
[2023-01-13T18:48:50.674+0000] {processor.py:175} INFO - Processing /home/airflow/.local/lib/python3.7/site-packages/airflow/example_dags/example_nested_branch_dag.py took 0.083 seconds
[2023-01-13T18:49:23.270+0000] {processor.py:153} INFO - Started process (PID=714) to work on /home/airflow/.local/lib/python3.7/site-packages/airflow/example_dags/example_nested_branch_dag.py
[2023-01-13T18:49:23.276+0000] {processor.py:743} INFO - Processing file /home/airflow/.local/lib/python3.7/site-packages/airflow/example_dags/example_nested_branch_dag.py for tasks to queue
[2023-01-13T18:49:23.278+0000] {logging_mixin.py:137} INFO - [2023-01-13T18:49:23.278+0000] {dagbag.py:538} INFO - Filling up the DagBag from /home/airflow/.local/lib/python3.7/site-packages/airflow/example_dags/example_nested_branch_dag.py
[2023-01-13T18:49:23.301+0000] {processor.py:753} INFO - DAG(s) dict_keys(['example_nested_branch_dag']) retrieved from /home/airflow/.local/lib/python3.7/site-packages/airflow/example_dags/example_nested_branch_dag.py
[2023-01-13T18:49:23.323+0000] {logging_mixin.py:137} INFO - [2023-01-13T18:49:23.322+0000] {dag.py:2676} INFO - Sync 1 DAGs
[2023-01-13T18:49:23.353+0000] {logging_mixin.py:137} INFO - [2023-01-13T18:49:23.353+0000] {dag.py:3427} INFO - Setting next_dagrun for example_nested_branch_dag to 2023-01-12T00:00:00+00:00, run_after=2023-01-13T00:00:00+00:00
[2023-01-13T18:49:23.372+0000] {processor.py:175} INFO - Processing /home/airflow/.local/lib/python3.7/site-packages/airflow/example_dags/example_nested_branch_dag.py took 0.106 seconds
[2023-01-13T18:49:54.081+0000] {processor.py:153} INFO - Started process (PID=932) to work on /home/airflow/.local/lib/python3.7/site-packages/airflow/example_dags/example_nested_branch_dag.py
[2023-01-13T18:49:54.082+0000] {processor.py:743} INFO - Processing file /home/airflow/.local/lib/python3.7/site-packages/airflow/example_dags/example_nested_branch_dag.py for tasks to queue
[2023-01-13T18:49:54.083+0000] {logging_mixin.py:137} INFO - [2023-01-13T18:49:54.083+0000] {dagbag.py:538} INFO - Filling up the DagBag from /home/airflow/.local/lib/python3.7/site-packages/airflow/example_dags/example_nested_branch_dag.py
[2023-01-13T18:49:54.101+0000] {processor.py:753} INFO - DAG(s) dict_keys(['example_nested_branch_dag']) retrieved from /home/airflow/.local/lib/python3.7/site-packages/airflow/example_dags/example_nested_branch_dag.py
[2023-01-13T18:49:54.130+0000] {logging_mixin.py:137} INFO - [2023-01-13T18:49:54.130+0000] {dag.py:2676} INFO - Sync 1 DAGs
[2023-01-13T18:49:54.174+0000] {logging_mixin.py:137} INFO - [2023-01-13T18:49:54.174+0000] {dag.py:3427} INFO - Setting next_dagrun for example_nested_branch_dag to 2023-01-12T00:00:00+00:00, run_after=2023-01-13T00:00:00+00:00
[2023-01-13T18:49:54.214+0000] {processor.py:175} INFO - Processing /home/airflow/.local/lib/python3.7/site-packages/airflow/example_dags/example_nested_branch_dag.py took 0.136 seconds
[2023-01-13T18:56:07.778+0000] {processor.py:153} INFO - Started process (PID=75) to work on /home/airflow/.local/lib/python3.7/site-packages/airflow/example_dags/example_nested_branch_dag.py
[2023-01-13T18:56:07.808+0000] {processor.py:743} INFO - Processing file /home/airflow/.local/lib/python3.7/site-packages/airflow/example_dags/example_nested_branch_dag.py for tasks to queue
[2023-01-13T18:56:07.825+0000] {logging_mixin.py:137} INFO - [2023-01-13T18:56:07.824+0000] {dagbag.py:538} INFO - Filling up the DagBag from /home/airflow/.local/lib/python3.7/site-packages/airflow/example_dags/example_nested_branch_dag.py
[2023-01-13T18:56:08.018+0000] {processor.py:753} INFO - DAG(s) dict_keys(['example_nested_branch_dag']) retrieved from /home/airflow/.local/lib/python3.7/site-packages/airflow/example_dags/example_nested_branch_dag.py
[2023-01-13T18:56:09.742+0000] {logging_mixin.py:137} INFO - [2023-01-13T18:56:09.741+0000] {dag.py:2676} INFO - Sync 1 DAGs
[2023-01-13T18:56:11.540+0000] {logging_mixin.py:137} INFO - [2023-01-13T18:56:11.505+0000] {dag.py:3427} INFO - Setting next_dagrun for example_nested_branch_dag to 2023-01-12T00:00:00+00:00, run_after=2023-01-13T00:00:00+00:00
[2023-01-13T18:56:12.632+0000] {processor.py:175} INFO - Processing /home/airflow/.local/lib/python3.7/site-packages/airflow/example_dags/example_nested_branch_dag.py took 4.886 seconds
