[2023-01-13T18:48:21.419+0000] {processor.py:153} INFO - Started process (PID=311) to work on /home/airflow/.local/lib/python3.7/site-packages/airflow/example_dags/example_short_circuit_decorator.py
[2023-01-13T18:48:21.429+0000] {processor.py:743} INFO - Processing file /home/airflow/.local/lib/python3.7/site-packages/airflow/example_dags/example_short_circuit_decorator.py for tasks to queue
[2023-01-13T18:48:21.433+0000] {logging_mixin.py:137} INFO - [2023-01-13T18:48:21.433+0000] {dagbag.py:538} INFO - Filling up the DagBag from /home/airflow/.local/lib/python3.7/site-packages/airflow/example_dags/example_short_circuit_decorator.py
[2023-01-13T18:48:21.502+0000] {processor.py:753} INFO - DAG(s) dict_keys(['example_short_circuit_decorator']) retrieved from /home/airflow/.local/lib/python3.7/site-packages/airflow/example_dags/example_short_circuit_decorator.py
[2023-01-13T18:48:21.576+0000] {logging_mixin.py:137} INFO - [2023-01-13T18:48:21.576+0000] {dag.py:2676} INFO - Sync 1 DAGs
[2023-01-13T18:48:21.612+0000] {logging_mixin.py:137} INFO - [2023-01-13T18:48:21.611+0000] {dag.py:3427} INFO - Setting next_dagrun for example_short_circuit_decorator to 2023-01-12T18:48:21.611289+00:00, run_after=2023-01-13T18:48:21.611289+00:00
[2023-01-13T18:48:21.652+0000] {processor.py:175} INFO - Processing /home/airflow/.local/lib/python3.7/site-packages/airflow/example_dags/example_short_circuit_decorator.py took 0.245 seconds
[2023-01-13T18:48:52.107+0000] {processor.py:153} INFO - Started process (PID=524) to work on /home/airflow/.local/lib/python3.7/site-packages/airflow/example_dags/example_short_circuit_decorator.py
[2023-01-13T18:48:52.110+0000] {processor.py:743} INFO - Processing file /home/airflow/.local/lib/python3.7/site-packages/airflow/example_dags/example_short_circuit_decorator.py for tasks to queue
[2023-01-13T18:48:52.113+0000] {logging_mixin.py:137} INFO - [2023-01-13T18:48:52.112+0000] {dagbag.py:538} INFO - Filling up the DagBag from /home/airflow/.local/lib/python3.7/site-packages/airflow/example_dags/example_short_circuit_decorator.py
[2023-01-13T18:48:52.141+0000] {processor.py:753} INFO - DAG(s) dict_keys(['example_short_circuit_decorator']) retrieved from /home/airflow/.local/lib/python3.7/site-packages/airflow/example_dags/example_short_circuit_decorator.py
[2023-01-13T18:48:52.196+0000] {logging_mixin.py:137} INFO - [2023-01-13T18:48:52.196+0000] {dag.py:2676} INFO - Sync 1 DAGs
[2023-01-13T18:48:52.233+0000] {logging_mixin.py:137} INFO - [2023-01-13T18:48:52.233+0000] {dag.py:3427} INFO - Setting next_dagrun for example_short_circuit_decorator to 2023-01-12T18:48:52.232866+00:00, run_after=2023-01-13T18:48:52.232866+00:00
[2023-01-13T18:48:52.267+0000] {processor.py:175} INFO - Processing /home/airflow/.local/lib/python3.7/site-packages/airflow/example_dags/example_short_circuit_decorator.py took 0.165 seconds
[2023-01-13T18:49:23.691+0000] {processor.py:153} INFO - Started process (PID=739) to work on /home/airflow/.local/lib/python3.7/site-packages/airflow/example_dags/example_short_circuit_decorator.py
[2023-01-13T18:49:23.696+0000] {processor.py:743} INFO - Processing file /home/airflow/.local/lib/python3.7/site-packages/airflow/example_dags/example_short_circuit_decorator.py for tasks to queue
[2023-01-13T18:49:23.699+0000] {logging_mixin.py:137} INFO - [2023-01-13T18:49:23.699+0000] {dagbag.py:538} INFO - Filling up the DagBag from /home/airflow/.local/lib/python3.7/site-packages/airflow/example_dags/example_short_circuit_decorator.py
[2023-01-13T18:49:23.735+0000] {processor.py:753} INFO - DAG(s) dict_keys(['example_short_circuit_decorator']) retrieved from /home/airflow/.local/lib/python3.7/site-packages/airflow/example_dags/example_short_circuit_decorator.py
[2023-01-13T18:49:23.763+0000] {logging_mixin.py:137} INFO - [2023-01-13T18:49:23.763+0000] {dag.py:2676} INFO - Sync 1 DAGs
[2023-01-13T18:49:23.794+0000] {logging_mixin.py:137} INFO - [2023-01-13T18:49:23.794+0000] {dag.py:3427} INFO - Setting next_dagrun for example_short_circuit_decorator to 2023-01-12T18:49:23.793780+00:00, run_after=2023-01-13T18:49:23.793780+00:00
[2023-01-13T18:49:23.817+0000] {processor.py:175} INFO - Processing /home/airflow/.local/lib/python3.7/site-packages/airflow/example_dags/example_short_circuit_decorator.py took 0.130 seconds
[2023-01-13T18:49:54.585+0000] {processor.py:153} INFO - Started process (PID=965) to work on /home/airflow/.local/lib/python3.7/site-packages/airflow/example_dags/example_short_circuit_decorator.py
[2023-01-13T18:49:54.587+0000] {processor.py:743} INFO - Processing file /home/airflow/.local/lib/python3.7/site-packages/airflow/example_dags/example_short_circuit_decorator.py for tasks to queue
[2023-01-13T18:49:54.590+0000] {logging_mixin.py:137} INFO - [2023-01-13T18:49:54.589+0000] {dagbag.py:538} INFO - Filling up the DagBag from /home/airflow/.local/lib/python3.7/site-packages/airflow/example_dags/example_short_circuit_decorator.py
[2023-01-13T18:49:54.661+0000] {processor.py:753} INFO - DAG(s) dict_keys(['example_short_circuit_decorator']) retrieved from /home/airflow/.local/lib/python3.7/site-packages/airflow/example_dags/example_short_circuit_decorator.py
[2023-01-13T18:49:54.728+0000] {logging_mixin.py:137} INFO - [2023-01-13T18:49:54.728+0000] {dag.py:2676} INFO - Sync 1 DAGs
[2023-01-13T18:49:54.798+0000] {logging_mixin.py:137} INFO - [2023-01-13T18:49:54.798+0000] {dag.py:3427} INFO - Setting next_dagrun for example_short_circuit_decorator to 2023-01-12T18:49:54.797864+00:00, run_after=2023-01-13T18:49:54.797864+00:00
[2023-01-13T18:49:54.852+0000] {processor.py:175} INFO - Processing /home/airflow/.local/lib/python3.7/site-packages/airflow/example_dags/example_short_circuit_decorator.py took 0.270 seconds
[2023-01-13T18:56:24.007+0000] {processor.py:153} INFO - Started process (PID=90) to work on /home/airflow/.local/lib/python3.7/site-packages/airflow/example_dags/example_short_circuit_decorator.py
[2023-01-13T18:56:24.122+0000] {processor.py:743} INFO - Processing file /home/airflow/.local/lib/python3.7/site-packages/airflow/example_dags/example_short_circuit_decorator.py for tasks to queue
[2023-01-13T18:56:24.160+0000] {logging_mixin.py:137} INFO - [2023-01-13T18:56:24.157+0000] {dagbag.py:538} INFO - Filling up the DagBag from /home/airflow/.local/lib/python3.7/site-packages/airflow/example_dags/example_short_circuit_decorator.py
[2023-01-13T18:56:25.299+0000] {processor.py:753} INFO - DAG(s) dict_keys(['example_short_circuit_decorator']) retrieved from /home/airflow/.local/lib/python3.7/site-packages/airflow/example_dags/example_short_circuit_decorator.py
[2023-01-13T18:56:40.143+0000] {logging_mixin.py:137} INFO - [2023-01-13T18:56:39.056+0000] {dag.py:2676} INFO - Sync 1 DAGs
[2023-01-13T18:56:43.806+0000] {logging_mixin.py:137} INFO - [2023-01-13T18:56:43.804+0000] {dag.py:3427} INFO - Setting next_dagrun for example_short_circuit_decorator to 2023-01-12T18:56:43.787321+00:00, run_after=2023-01-13T18:56:43.787321+00:00
[2023-01-13T18:56:45.950+0000] {processor.py:175} INFO - Processing /home/airflow/.local/lib/python3.7/site-packages/airflow/example_dags/example_short_circuit_decorator.py took 22.475 seconds
