[2023-01-13T18:48:17.250+0000] {processor.py:153} INFO - Started process (PID=196) to work on /home/airflow/.local/lib/python3.7/site-packages/airflow/example_dags/example_external_task_marker_dag.py
[2023-01-13T18:48:17.256+0000] {processor.py:743} INFO - Processing file /home/airflow/.local/lib/python3.7/site-packages/airflow/example_dags/example_external_task_marker_dag.py for tasks to queue
[2023-01-13T18:48:17.264+0000] {logging_mixin.py:137} INFO - [2023-01-13T18:48:17.264+0000] {dagbag.py:538} INFO - Filling up the DagBag from /home/airflow/.local/lib/python3.7/site-packages/airflow/example_dags/example_external_task_marker_dag.py
[2023-01-13T18:48:17.299+0000] {processor.py:753} INFO - DAG(s) dict_keys(['example_external_task_marker_child', 'example_external_task_marker_parent']) retrieved from /home/airflow/.local/lib/python3.7/site-packages/airflow/example_dags/example_external_task_marker_dag.py
[2023-01-13T18:48:17.460+0000] {logging_mixin.py:137} INFO - [2023-01-13T18:48:17.459+0000] {dag.py:2676} INFO - Sync 2 DAGs
[2023-01-13T18:48:17.508+0000] {logging_mixin.py:137} INFO - [2023-01-13T18:48:17.508+0000] {dag.py:3427} INFO - Setting next_dagrun for example_external_task_marker_child to None, run_after=None
[2023-01-13T18:48:17.518+0000] {logging_mixin.py:137} INFO - [2023-01-13T18:48:17.517+0000] {dag.py:3427} INFO - Setting next_dagrun for example_external_task_marker_parent to None, run_after=None
[2023-01-13T18:48:17.556+0000] {processor.py:175} INFO - Processing /home/airflow/.local/lib/python3.7/site-packages/airflow/example_dags/example_external_task_marker_dag.py took 0.314 seconds
[2023-01-13T18:48:48.064+0000] {processor.py:153} INFO - Started process (PID=409) to work on /home/airflow/.local/lib/python3.7/site-packages/airflow/example_dags/example_external_task_marker_dag.py
[2023-01-13T18:48:48.067+0000] {processor.py:743} INFO - Processing file /home/airflow/.local/lib/python3.7/site-packages/airflow/example_dags/example_external_task_marker_dag.py for tasks to queue
[2023-01-13T18:48:48.080+0000] {logging_mixin.py:137} INFO - [2023-01-13T18:48:48.080+0000] {dagbag.py:538} INFO - Filling up the DagBag from /home/airflow/.local/lib/python3.7/site-packages/airflow/example_dags/example_external_task_marker_dag.py
[2023-01-13T18:48:48.106+0000] {processor.py:753} INFO - DAG(s) dict_keys(['example_external_task_marker_child', 'example_external_task_marker_parent']) retrieved from /home/airflow/.local/lib/python3.7/site-packages/airflow/example_dags/example_external_task_marker_dag.py
[2023-01-13T18:48:48.204+0000] {logging_mixin.py:137} INFO - [2023-01-13T18:48:48.204+0000] {dag.py:2676} INFO - Sync 2 DAGs
[2023-01-13T18:48:48.247+0000] {logging_mixin.py:137} INFO - [2023-01-13T18:48:48.246+0000] {dag.py:3427} INFO - Setting next_dagrun for example_external_task_marker_child to None, run_after=None
[2023-01-13T18:48:48.267+0000] {logging_mixin.py:137} INFO - [2023-01-13T18:48:48.266+0000] {dag.py:3427} INFO - Setting next_dagrun for example_external_task_marker_parent to None, run_after=None
[2023-01-13T18:48:48.340+0000] {processor.py:175} INFO - Processing /home/airflow/.local/lib/python3.7/site-packages/airflow/example_dags/example_external_task_marker_dag.py took 0.279 seconds
[2023-01-13T18:49:18.535+0000] {processor.py:153} INFO - Started process (PID=624) to work on /home/airflow/.local/lib/python3.7/site-packages/airflow/example_dags/example_external_task_marker_dag.py
[2023-01-13T18:49:18.537+0000] {processor.py:743} INFO - Processing file /home/airflow/.local/lib/python3.7/site-packages/airflow/example_dags/example_external_task_marker_dag.py for tasks to queue
[2023-01-13T18:49:18.539+0000] {logging_mixin.py:137} INFO - [2023-01-13T18:49:18.538+0000] {dagbag.py:538} INFO - Filling up the DagBag from /home/airflow/.local/lib/python3.7/site-packages/airflow/example_dags/example_external_task_marker_dag.py
[2023-01-13T18:49:18.550+0000] {processor.py:753} INFO - DAG(s) dict_keys(['example_external_task_marker_parent', 'example_external_task_marker_child']) retrieved from /home/airflow/.local/lib/python3.7/site-packages/airflow/example_dags/example_external_task_marker_dag.py
[2023-01-13T18:49:18.577+0000] {logging_mixin.py:137} INFO - [2023-01-13T18:49:18.576+0000] {dag.py:2676} INFO - Sync 2 DAGs
[2023-01-13T18:49:18.605+0000] {logging_mixin.py:137} INFO - [2023-01-13T18:49:18.605+0000] {dag.py:3427} INFO - Setting next_dagrun for example_external_task_marker_child to None, run_after=None
[2023-01-13T18:49:18.610+0000] {logging_mixin.py:137} INFO - [2023-01-13T18:49:18.610+0000] {dag.py:3427} INFO - Setting next_dagrun for example_external_task_marker_parent to None, run_after=None
[2023-01-13T18:49:18.628+0000] {processor.py:175} INFO - Processing /home/airflow/.local/lib/python3.7/site-packages/airflow/example_dags/example_external_task_marker_dag.py took 0.095 seconds
[2023-01-13T18:49:49.850+0000] {processor.py:153} INFO - Started process (PID=842) to work on /home/airflow/.local/lib/python3.7/site-packages/airflow/example_dags/example_external_task_marker_dag.py
[2023-01-13T18:49:49.853+0000] {processor.py:743} INFO - Processing file /home/airflow/.local/lib/python3.7/site-packages/airflow/example_dags/example_external_task_marker_dag.py for tasks to queue
[2023-01-13T18:49:49.854+0000] {logging_mixin.py:137} INFO - [2023-01-13T18:49:49.854+0000] {dagbag.py:538} INFO - Filling up the DagBag from /home/airflow/.local/lib/python3.7/site-packages/airflow/example_dags/example_external_task_marker_dag.py
[2023-01-13T18:49:49.875+0000] {processor.py:753} INFO - DAG(s) dict_keys(['example_external_task_marker_child', 'example_external_task_marker_parent']) retrieved from /home/airflow/.local/lib/python3.7/site-packages/airflow/example_dags/example_external_task_marker_dag.py
[2023-01-13T18:49:49.931+0000] {logging_mixin.py:137} INFO - [2023-01-13T18:49:49.931+0000] {dag.py:2676} INFO - Sync 2 DAGs
[2023-01-13T18:49:49.957+0000] {logging_mixin.py:137} INFO - [2023-01-13T18:49:49.957+0000] {dag.py:3427} INFO - Setting next_dagrun for example_external_task_marker_child to None, run_after=None
[2023-01-13T18:49:49.961+0000] {logging_mixin.py:137} INFO - [2023-01-13T18:49:49.961+0000] {dag.py:3427} INFO - Setting next_dagrun for example_external_task_marker_parent to None, run_after=None
[2023-01-13T18:49:49.975+0000] {processor.py:175} INFO - Processing /home/airflow/.local/lib/python3.7/site-packages/airflow/example_dags/example_external_task_marker_dag.py took 0.127 seconds
[2023-01-13T18:55:52.325+0000] {processor.py:153} INFO - Started process (PID=49) to work on /home/airflow/.local/lib/python3.7/site-packages/airflow/example_dags/example_external_task_marker_dag.py
[2023-01-13T18:55:52.328+0000] {processor.py:743} INFO - Processing file /home/airflow/.local/lib/python3.7/site-packages/airflow/example_dags/example_external_task_marker_dag.py for tasks to queue
[2023-01-13T18:55:52.331+0000] {logging_mixin.py:137} INFO - [2023-01-13T18:55:52.331+0000] {dagbag.py:538} INFO - Filling up the DagBag from /home/airflow/.local/lib/python3.7/site-packages/airflow/example_dags/example_external_task_marker_dag.py
[2023-01-13T18:55:52.401+0000] {processor.py:753} INFO - DAG(s) dict_keys(['example_external_task_marker_child', 'example_external_task_marker_parent']) retrieved from /home/airflow/.local/lib/python3.7/site-packages/airflow/example_dags/example_external_task_marker_dag.py
[2023-01-13T18:55:52.522+0000] {logging_mixin.py:137} INFO - [2023-01-13T18:55:52.522+0000] {dag.py:2676} INFO - Sync 2 DAGs
[2023-01-13T18:55:52.571+0000] {logging_mixin.py:137} INFO - [2023-01-13T18:55:52.571+0000] {dag.py:3427} INFO - Setting next_dagrun for example_external_task_marker_child to None, run_after=None
[2023-01-13T18:55:52.578+0000] {logging_mixin.py:137} INFO - [2023-01-13T18:55:52.578+0000] {dag.py:3427} INFO - Setting next_dagrun for example_external_task_marker_parent to None, run_after=None
[2023-01-13T18:55:52.613+0000] {processor.py:175} INFO - Processing /home/airflow/.local/lib/python3.7/site-packages/airflow/example_dags/example_external_task_marker_dag.py took 0.291 seconds
