[2023-01-13T18:48:16.032+0000] {processor.py:153} INFO - Started process (PID=179) to work on /home/airflow/.local/lib/python3.7/site-packages/airflow/example_dags/example_branch_labels.py
[2023-01-13T18:48:16.035+0000] {processor.py:743} INFO - Processing file /home/airflow/.local/lib/python3.7/site-packages/airflow/example_dags/example_branch_labels.py for tasks to queue
[2023-01-13T18:48:16.039+0000] {logging_mixin.py:137} INFO - [2023-01-13T18:48:16.039+0000] {dagbag.py:538} INFO - Filling up the DagBag from /home/airflow/.local/lib/python3.7/site-packages/airflow/example_dags/example_branch_labels.py
[2023-01-13T18:48:16.180+0000] {processor.py:753} INFO - DAG(s) dict_keys(['example_branch_labels']) retrieved from /home/airflow/.local/lib/python3.7/site-packages/airflow/example_dags/example_branch_labels.py
[2023-01-13T18:48:16.274+0000] {logging_mixin.py:137} INFO - [2023-01-13T18:48:16.274+0000] {dag.py:2676} INFO - Sync 1 DAGs
[2023-01-13T18:48:16.347+0000] {logging_mixin.py:137} INFO - [2023-01-13T18:48:16.346+0000] {dag.py:3427} INFO - Setting next_dagrun for example_branch_labels to 2023-01-12T00:00:00+00:00, run_after=2023-01-13T00:00:00+00:00
[2023-01-13T18:48:16.448+0000] {processor.py:175} INFO - Processing /home/airflow/.local/lib/python3.7/site-packages/airflow/example_dags/example_branch_labels.py took 0.427 seconds
[2023-01-13T18:48:47.435+0000] {processor.py:153} INFO - Started process (PID=392) to work on /home/airflow/.local/lib/python3.7/site-packages/airflow/example_dags/example_branch_labels.py
[2023-01-13T18:48:47.441+0000] {processor.py:743} INFO - Processing file /home/airflow/.local/lib/python3.7/site-packages/airflow/example_dags/example_branch_labels.py for tasks to queue
[2023-01-13T18:48:47.444+0000] {logging_mixin.py:137} INFO - [2023-01-13T18:48:47.443+0000] {dagbag.py:538} INFO - Filling up the DagBag from /home/airflow/.local/lib/python3.7/site-packages/airflow/example_dags/example_branch_labels.py
[2023-01-13T18:48:47.518+0000] {processor.py:753} INFO - DAG(s) dict_keys(['example_branch_labels']) retrieved from /home/airflow/.local/lib/python3.7/site-packages/airflow/example_dags/example_branch_labels.py
[2023-01-13T18:48:47.660+0000] {logging_mixin.py:137} INFO - [2023-01-13T18:48:47.660+0000] {dag.py:2676} INFO - Sync 1 DAGs
[2023-01-13T18:48:47.712+0000] {logging_mixin.py:137} INFO - [2023-01-13T18:48:47.712+0000] {dag.py:3427} INFO - Setting next_dagrun for example_branch_labels to 2023-01-12T00:00:00+00:00, run_after=2023-01-13T00:00:00+00:00
[2023-01-13T18:48:47.746+0000] {processor.py:175} INFO - Processing /home/airflow/.local/lib/python3.7/site-packages/airflow/example_dags/example_branch_labels.py took 0.321 seconds
[2023-01-13T18:49:18.219+0000] {processor.py:153} INFO - Started process (PID=608) to work on /home/airflow/.local/lib/python3.7/site-packages/airflow/example_dags/example_branch_labels.py
[2023-01-13T18:49:18.223+0000] {processor.py:743} INFO - Processing file /home/airflow/.local/lib/python3.7/site-packages/airflow/example_dags/example_branch_labels.py for tasks to queue
[2023-01-13T18:49:18.225+0000] {logging_mixin.py:137} INFO - [2023-01-13T18:49:18.225+0000] {dagbag.py:538} INFO - Filling up the DagBag from /home/airflow/.local/lib/python3.7/site-packages/airflow/example_dags/example_branch_labels.py
[2023-01-13T18:49:18.254+0000] {processor.py:753} INFO - DAG(s) dict_keys(['example_branch_labels']) retrieved from /home/airflow/.local/lib/python3.7/site-packages/airflow/example_dags/example_branch_labels.py
[2023-01-13T18:49:18.307+0000] {logging_mixin.py:137} INFO - [2023-01-13T18:49:18.307+0000] {dag.py:2676} INFO - Sync 1 DAGs
[2023-01-13T18:49:18.342+0000] {logging_mixin.py:137} INFO - [2023-01-13T18:49:18.342+0000] {dag.py:3427} INFO - Setting next_dagrun for example_branch_labels to 2023-01-12T00:00:00+00:00, run_after=2023-01-13T00:00:00+00:00
[2023-01-13T18:49:18.360+0000] {processor.py:175} INFO - Processing /home/airflow/.local/lib/python3.7/site-packages/airflow/example_dags/example_branch_labels.py took 0.147 seconds
[2023-01-13T18:49:49.034+0000] {processor.py:153} INFO - Started process (PID=823) to work on /home/airflow/.local/lib/python3.7/site-packages/airflow/example_dags/example_branch_labels.py
[2023-01-13T18:49:49.040+0000] {processor.py:743} INFO - Processing file /home/airflow/.local/lib/python3.7/site-packages/airflow/example_dags/example_branch_labels.py for tasks to queue
[2023-01-13T18:49:49.046+0000] {logging_mixin.py:137} INFO - [2023-01-13T18:49:49.046+0000] {dagbag.py:538} INFO - Filling up the DagBag from /home/airflow/.local/lib/python3.7/site-packages/airflow/example_dags/example_branch_labels.py
[2023-01-13T18:49:49.122+0000] {processor.py:753} INFO - DAG(s) dict_keys(['example_branch_labels']) retrieved from /home/airflow/.local/lib/python3.7/site-packages/airflow/example_dags/example_branch_labels.py
[2023-01-13T18:49:49.424+0000] {logging_mixin.py:137} INFO - [2023-01-13T18:49:49.421+0000] {dag.py:2676} INFO - Sync 1 DAGs
[2023-01-13T18:49:49.505+0000] {logging_mixin.py:137} INFO - [2023-01-13T18:49:49.505+0000] {dag.py:3427} INFO - Setting next_dagrun for example_branch_labels to 2023-01-12T00:00:00+00:00, run_after=2023-01-13T00:00:00+00:00
[2023-01-13T18:49:49.535+0000] {processor.py:175} INFO - Processing /home/airflow/.local/lib/python3.7/site-packages/airflow/example_dags/example_branch_labels.py took 0.515 seconds
[2023-01-13T18:55:51.755+0000] {processor.py:153} INFO - Started process (PID=46) to work on /home/airflow/.local/lib/python3.7/site-packages/airflow/example_dags/example_branch_labels.py
[2023-01-13T18:55:51.760+0000] {processor.py:743} INFO - Processing file /home/airflow/.local/lib/python3.7/site-packages/airflow/example_dags/example_branch_labels.py for tasks to queue
[2023-01-13T18:55:51.762+0000] {logging_mixin.py:137} INFO - [2023-01-13T18:55:51.762+0000] {dagbag.py:538} INFO - Filling up the DagBag from /home/airflow/.local/lib/python3.7/site-packages/airflow/example_dags/example_branch_labels.py
[2023-01-13T18:55:51.820+0000] {processor.py:753} INFO - DAG(s) dict_keys(['example_branch_labels']) retrieved from /home/airflow/.local/lib/python3.7/site-packages/airflow/example_dags/example_branch_labels.py
[2023-01-13T18:55:51.889+0000] {logging_mixin.py:137} INFO - [2023-01-13T18:55:51.889+0000] {dag.py:2676} INFO - Sync 1 DAGs
[2023-01-13T18:55:51.952+0000] {logging_mixin.py:137} INFO - [2023-01-13T18:55:51.951+0000] {dag.py:3427} INFO - Setting next_dagrun for example_branch_labels to 2023-01-12T00:00:00+00:00, run_after=2023-01-13T00:00:00+00:00
[2023-01-13T18:55:51.990+0000] {processor.py:175} INFO - Processing /home/airflow/.local/lib/python3.7/site-packages/airflow/example_dags/example_branch_labels.py took 0.245 seconds
