[2023-01-13T18:48:22.586+0000] {processor.py:153} INFO - Started process (PID=333) to work on /home/airflow/.local/lib/python3.7/site-packages/airflow/example_dags/example_python_operator.py
[2023-01-13T18:48:22.592+0000] {processor.py:743} INFO - Processing file /home/airflow/.local/lib/python3.7/site-packages/airflow/example_dags/example_python_operator.py for tasks to queue
[2023-01-13T18:48:22.595+0000] {logging_mixin.py:137} INFO - [2023-01-13T18:48:22.595+0000] {dagbag.py:538} INFO - Filling up the DagBag from /home/airflow/.local/lib/python3.7/site-packages/airflow/example_dags/example_python_operator.py
[2023-01-13T18:48:22.628+0000] {logging_mixin.py:137} INFO - [2023-01-13T18:48:22.628+0000] {taskmixin.py:205} WARNING - Dependency <Task(_PythonDecoratedOperator): print_the_context>, log_sql_query already registered for DAG: example_python_operator
[2023-01-13T18:48:22.633+0000] {logging_mixin.py:137} INFO - [2023-01-13T18:48:22.632+0000] {taskmixin.py:205} WARNING - Dependency <Task(_PythonDecoratedOperator): log_sql_query>, print_the_context already registered for DAG: example_python_operator
[2023-01-13T18:48:22.635+0000] {logging_mixin.py:137} INFO - [2023-01-13T18:48:22.635+0000] {taskmixin.py:205} WARNING - Dependency <Task(_PythonDecoratedOperator): print_the_context>, log_sql_query already registered for DAG: example_python_operator
[2023-01-13T18:48:22.637+0000] {logging_mixin.py:137} INFO - [2023-01-13T18:48:22.636+0000] {taskmixin.py:205} WARNING - Dependency <Task(_PythonDecoratedOperator): log_sql_query>, print_the_context already registered for DAG: example_python_operator
[2023-01-13T18:48:22.638+0000] {logging_mixin.py:137} INFO - [2023-01-13T18:48:22.638+0000] {taskmixin.py:205} WARNING - Dependency <Task(_PythonDecoratedOperator): print_the_context>, log_sql_query already registered for DAG: example_python_operator
[2023-01-13T18:48:22.639+0000] {logging_mixin.py:137} INFO - [2023-01-13T18:48:22.639+0000] {taskmixin.py:205} WARNING - Dependency <Task(_PythonDecoratedOperator): log_sql_query>, print_the_context already registered for DAG: example_python_operator
[2023-01-13T18:48:22.642+0000] {logging_mixin.py:137} INFO - [2023-01-13T18:48:22.642+0000] {taskmixin.py:205} WARNING - Dependency <Task(_PythonDecoratedOperator): print_the_context>, log_sql_query already registered for DAG: example_python_operator
[2023-01-13T18:48:22.644+0000] {logging_mixin.py:137} INFO - [2023-01-13T18:48:22.643+0000] {taskmixin.py:205} WARNING - Dependency <Task(_PythonDecoratedOperator): log_sql_query>, print_the_context already registered for DAG: example_python_operator
[2023-01-13T18:48:22.655+0000] {processor.py:753} INFO - DAG(s) dict_keys(['example_python_operator']) retrieved from /home/airflow/.local/lib/python3.7/site-packages/airflow/example_dags/example_python_operator.py
[2023-01-13T18:48:22.749+0000] {logging_mixin.py:137} INFO - [2023-01-13T18:48:22.749+0000] {dag.py:2676} INFO - Sync 1 DAGs
[2023-01-13T18:48:22.774+0000] {logging_mixin.py:137} INFO - [2023-01-13T18:48:22.774+0000] {dag.py:3427} INFO - Setting next_dagrun for example_python_operator to None, run_after=None
[2023-01-13T18:48:22.797+0000] {processor.py:175} INFO - Processing /home/airflow/.local/lib/python3.7/site-packages/airflow/example_dags/example_python_operator.py took 0.216 seconds
[2023-01-13T18:48:53.529+0000] {processor.py:153} INFO - Started process (PID=546) to work on /home/airflow/.local/lib/python3.7/site-packages/airflow/example_dags/example_python_operator.py
[2023-01-13T18:48:53.531+0000] {processor.py:743} INFO - Processing file /home/airflow/.local/lib/python3.7/site-packages/airflow/example_dags/example_python_operator.py for tasks to queue
[2023-01-13T18:48:53.534+0000] {logging_mixin.py:137} INFO - [2023-01-13T18:48:53.533+0000] {dagbag.py:538} INFO - Filling up the DagBag from /home/airflow/.local/lib/python3.7/site-packages/airflow/example_dags/example_python_operator.py
[2023-01-13T18:48:53.558+0000] {logging_mixin.py:137} INFO - [2023-01-13T18:48:53.558+0000] {taskmixin.py:205} WARNING - Dependency <Task(_PythonDecoratedOperator): print_the_context>, log_sql_query already registered for DAG: example_python_operator
[2023-01-13T18:48:53.561+0000] {logging_mixin.py:137} INFO - [2023-01-13T18:48:53.561+0000] {taskmixin.py:205} WARNING - Dependency <Task(_PythonDecoratedOperator): log_sql_query>, print_the_context already registered for DAG: example_python_operator
[2023-01-13T18:48:53.563+0000] {logging_mixin.py:137} INFO - [2023-01-13T18:48:53.563+0000] {taskmixin.py:205} WARNING - Dependency <Task(_PythonDecoratedOperator): print_the_context>, log_sql_query already registered for DAG: example_python_operator
[2023-01-13T18:48:53.564+0000] {logging_mixin.py:137} INFO - [2023-01-13T18:48:53.564+0000] {taskmixin.py:205} WARNING - Dependency <Task(_PythonDecoratedOperator): log_sql_query>, print_the_context already registered for DAG: example_python_operator
[2023-01-13T18:48:53.565+0000] {logging_mixin.py:137} INFO - [2023-01-13T18:48:53.565+0000] {taskmixin.py:205} WARNING - Dependency <Task(_PythonDecoratedOperator): print_the_context>, log_sql_query already registered for DAG: example_python_operator
[2023-01-13T18:48:53.566+0000] {logging_mixin.py:137} INFO - [2023-01-13T18:48:53.566+0000] {taskmixin.py:205} WARNING - Dependency <Task(_PythonDecoratedOperator): log_sql_query>, print_the_context already registered for DAG: example_python_operator
[2023-01-13T18:48:53.567+0000] {logging_mixin.py:137} INFO - [2023-01-13T18:48:53.567+0000] {taskmixin.py:205} WARNING - Dependency <Task(_PythonDecoratedOperator): print_the_context>, log_sql_query already registered for DAG: example_python_operator
[2023-01-13T18:48:53.567+0000] {logging_mixin.py:137} INFO - [2023-01-13T18:48:53.567+0000] {taskmixin.py:205} WARNING - Dependency <Task(_PythonDecoratedOperator): log_sql_query>, print_the_context already registered for DAG: example_python_operator
[2023-01-13T18:48:53.573+0000] {processor.py:753} INFO - DAG(s) dict_keys(['example_python_operator']) retrieved from /home/airflow/.local/lib/python3.7/site-packages/airflow/example_dags/example_python_operator.py
[2023-01-13T18:48:53.612+0000] {logging_mixin.py:137} INFO - [2023-01-13T18:48:53.612+0000] {dag.py:2676} INFO - Sync 1 DAGs
[2023-01-13T18:48:53.631+0000] {logging_mixin.py:137} INFO - [2023-01-13T18:48:53.631+0000] {dag.py:3427} INFO - Setting next_dagrun for example_python_operator to None, run_after=None
[2023-01-13T18:48:53.646+0000] {processor.py:175} INFO - Processing /home/airflow/.local/lib/python3.7/site-packages/airflow/example_dags/example_python_operator.py took 0.119 seconds
[2023-01-13T18:49:24.128+0000] {processor.py:153} INFO - Started process (PID=759) to work on /home/airflow/.local/lib/python3.7/site-packages/airflow/example_dags/example_python_operator.py
[2023-01-13T18:49:24.132+0000] {processor.py:743} INFO - Processing file /home/airflow/.local/lib/python3.7/site-packages/airflow/example_dags/example_python_operator.py for tasks to queue
[2023-01-13T18:49:24.138+0000] {logging_mixin.py:137} INFO - [2023-01-13T18:49:24.138+0000] {dagbag.py:538} INFO - Filling up the DagBag from /home/airflow/.local/lib/python3.7/site-packages/airflow/example_dags/example_python_operator.py
[2023-01-13T18:49:24.178+0000] {logging_mixin.py:137} INFO - [2023-01-13T18:49:24.178+0000] {taskmixin.py:205} WARNING - Dependency <Task(_PythonDecoratedOperator): print_the_context>, log_sql_query already registered for DAG: example_python_operator
[2023-01-13T18:49:24.181+0000] {logging_mixin.py:137} INFO - [2023-01-13T18:49:24.180+0000] {taskmixin.py:205} WARNING - Dependency <Task(_PythonDecoratedOperator): log_sql_query>, print_the_context already registered for DAG: example_python_operator
[2023-01-13T18:49:24.186+0000] {logging_mixin.py:137} INFO - [2023-01-13T18:49:24.185+0000] {taskmixin.py:205} WARNING - Dependency <Task(_PythonDecoratedOperator): print_the_context>, log_sql_query already registered for DAG: example_python_operator
[2023-01-13T18:49:24.189+0000] {logging_mixin.py:137} INFO - [2023-01-13T18:49:24.188+0000] {taskmixin.py:205} WARNING - Dependency <Task(_PythonDecoratedOperator): log_sql_query>, print_the_context already registered for DAG: example_python_operator
[2023-01-13T18:49:24.198+0000] {logging_mixin.py:137} INFO - [2023-01-13T18:49:24.198+0000] {taskmixin.py:205} WARNING - Dependency <Task(_PythonDecoratedOperator): print_the_context>, log_sql_query already registered for DAG: example_python_operator
[2023-01-13T18:49:24.202+0000] {logging_mixin.py:137} INFO - [2023-01-13T18:49:24.201+0000] {taskmixin.py:205} WARNING - Dependency <Task(_PythonDecoratedOperator): log_sql_query>, print_the_context already registered for DAG: example_python_operator
[2023-01-13T18:49:24.205+0000] {logging_mixin.py:137} INFO - [2023-01-13T18:49:24.205+0000] {taskmixin.py:205} WARNING - Dependency <Task(_PythonDecoratedOperator): print_the_context>, log_sql_query already registered for DAG: example_python_operator
[2023-01-13T18:49:24.209+0000] {logging_mixin.py:137} INFO - [2023-01-13T18:49:24.209+0000] {taskmixin.py:205} WARNING - Dependency <Task(_PythonDecoratedOperator): log_sql_query>, print_the_context already registered for DAG: example_python_operator
[2023-01-13T18:49:24.226+0000] {processor.py:753} INFO - DAG(s) dict_keys(['example_python_operator']) retrieved from /home/airflow/.local/lib/python3.7/site-packages/airflow/example_dags/example_python_operator.py
[2023-01-13T18:49:24.287+0000] {logging_mixin.py:137} INFO - [2023-01-13T18:49:24.287+0000] {dag.py:2676} INFO - Sync 1 DAGs
[2023-01-13T18:49:24.328+0000] {logging_mixin.py:137} INFO - [2023-01-13T18:49:24.328+0000] {dag.py:3427} INFO - Setting next_dagrun for example_python_operator to None, run_after=None
[2023-01-13T18:49:24.358+0000] {processor.py:175} INFO - Processing /home/airflow/.local/lib/python3.7/site-packages/airflow/example_dags/example_python_operator.py took 0.235 seconds
[2023-01-13T18:49:55.615+0000] {processor.py:153} INFO - Started process (PID=987) to work on /home/airflow/.local/lib/python3.7/site-packages/airflow/example_dags/example_python_operator.py
[2023-01-13T18:49:55.620+0000] {processor.py:743} INFO - Processing file /home/airflow/.local/lib/python3.7/site-packages/airflow/example_dags/example_python_operator.py for tasks to queue
[2023-01-13T18:49:55.623+0000] {logging_mixin.py:137} INFO - [2023-01-13T18:49:55.623+0000] {dagbag.py:538} INFO - Filling up the DagBag from /home/airflow/.local/lib/python3.7/site-packages/airflow/example_dags/example_python_operator.py
[2023-01-13T18:49:55.663+0000] {logging_mixin.py:137} INFO - [2023-01-13T18:49:55.663+0000] {taskmixin.py:205} WARNING - Dependency <Task(_PythonDecoratedOperator): print_the_context>, log_sql_query already registered for DAG: example_python_operator
[2023-01-13T18:49:55.670+0000] {logging_mixin.py:137} INFO - [2023-01-13T18:49:55.670+0000] {taskmixin.py:205} WARNING - Dependency <Task(_PythonDecoratedOperator): log_sql_query>, print_the_context already registered for DAG: example_python_operator
[2023-01-13T18:49:55.675+0000] {logging_mixin.py:137} INFO - [2023-01-13T18:49:55.674+0000] {taskmixin.py:205} WARNING - Dependency <Task(_PythonDecoratedOperator): print_the_context>, log_sql_query already registered for DAG: example_python_operator
[2023-01-13T18:49:55.679+0000] {logging_mixin.py:137} INFO - [2023-01-13T18:49:55.676+0000] {taskmixin.py:205} WARNING - Dependency <Task(_PythonDecoratedOperator): log_sql_query>, print_the_context already registered for DAG: example_python_operator
[2023-01-13T18:49:55.684+0000] {logging_mixin.py:137} INFO - [2023-01-13T18:49:55.684+0000] {taskmixin.py:205} WARNING - Dependency <Task(_PythonDecoratedOperator): print_the_context>, log_sql_query already registered for DAG: example_python_operator
[2023-01-13T18:49:55.693+0000] {logging_mixin.py:137} INFO - [2023-01-13T18:49:55.692+0000] {taskmixin.py:205} WARNING - Dependency <Task(_PythonDecoratedOperator): log_sql_query>, print_the_context already registered for DAG: example_python_operator
[2023-01-13T18:49:55.697+0000] {logging_mixin.py:137} INFO - [2023-01-13T18:49:55.696+0000] {taskmixin.py:205} WARNING - Dependency <Task(_PythonDecoratedOperator): print_the_context>, log_sql_query already registered for DAG: example_python_operator
[2023-01-13T18:49:55.700+0000] {logging_mixin.py:137} INFO - [2023-01-13T18:49:55.700+0000] {taskmixin.py:205} WARNING - Dependency <Task(_PythonDecoratedOperator): log_sql_query>, print_the_context already registered for DAG: example_python_operator
[2023-01-13T18:49:55.714+0000] {processor.py:753} INFO - DAG(s) dict_keys(['example_python_operator']) retrieved from /home/airflow/.local/lib/python3.7/site-packages/airflow/example_dags/example_python_operator.py
[2023-01-13T18:49:55.820+0000] {logging_mixin.py:137} INFO - [2023-01-13T18:49:55.820+0000] {dag.py:2676} INFO - Sync 1 DAGs
[2023-01-13T18:49:55.858+0000] {logging_mixin.py:137} INFO - [2023-01-13T18:49:55.857+0000] {dag.py:3427} INFO - Setting next_dagrun for example_python_operator to None, run_after=None
[2023-01-13T18:49:55.904+0000] {processor.py:175} INFO - Processing /home/airflow/.local/lib/python3.7/site-packages/airflow/example_dags/example_python_operator.py took 0.294 seconds
[2023-01-13T18:57:05.959+0000] {processor.py:153} INFO - Started process (PID=112) to work on /home/airflow/.local/lib/python3.7/site-packages/airflow/example_dags/example_python_operator.py
[2023-01-13T18:57:05.985+0000] {processor.py:743} INFO - Processing file /home/airflow/.local/lib/python3.7/site-packages/airflow/example_dags/example_python_operator.py for tasks to queue
[2023-01-13T18:57:06.008+0000] {logging_mixin.py:137} INFO - [2023-01-13T18:57:06.006+0000] {dagbag.py:538} INFO - Filling up the DagBag from /home/airflow/.local/lib/python3.7/site-packages/airflow/example_dags/example_python_operator.py
[2023-01-13T18:57:08.227+0000] {logging_mixin.py:137} INFO - [2023-01-13T18:57:08.220+0000] {taskmixin.py:205} WARNING - Dependency <Task(_PythonDecoratedOperator): print_the_context>, log_sql_query already registered for DAG: example_python_operator
[2023-01-13T18:57:08.270+0000] {logging_mixin.py:137} INFO - [2023-01-13T18:57:08.269+0000] {taskmixin.py:205} WARNING - Dependency <Task(_PythonDecoratedOperator): log_sql_query>, print_the_context already registered for DAG: example_python_operator
[2023-01-13T18:57:08.284+0000] {logging_mixin.py:137} INFO - [2023-01-13T18:57:08.284+0000] {taskmixin.py:205} WARNING - Dependency <Task(_PythonDecoratedOperator): print_the_context>, log_sql_query already registered for DAG: example_python_operator
[2023-01-13T18:57:08.291+0000] {logging_mixin.py:137} INFO - [2023-01-13T18:57:08.289+0000] {taskmixin.py:205} WARNING - Dependency <Task(_PythonDecoratedOperator): log_sql_query>, print_the_context already registered for DAG: example_python_operator
[2023-01-13T18:57:08.312+0000] {logging_mixin.py:137} INFO - [2023-01-13T18:57:08.311+0000] {taskmixin.py:205} WARNING - Dependency <Task(_PythonDecoratedOperator): print_the_context>, log_sql_query already registered for DAG: example_python_operator
[2023-01-13T18:57:08.320+0000] {logging_mixin.py:137} INFO - [2023-01-13T18:57:08.320+0000] {taskmixin.py:205} WARNING - Dependency <Task(_PythonDecoratedOperator): log_sql_query>, print_the_context already registered for DAG: example_python_operator
[2023-01-13T18:57:08.331+0000] {logging_mixin.py:137} INFO - [2023-01-13T18:57:08.330+0000] {taskmixin.py:205} WARNING - Dependency <Task(_PythonDecoratedOperator): print_the_context>, log_sql_query already registered for DAG: example_python_operator
[2023-01-13T18:57:08.336+0000] {logging_mixin.py:137} INFO - [2023-01-13T18:57:08.334+0000] {taskmixin.py:205} WARNING - Dependency <Task(_PythonDecoratedOperator): log_sql_query>, print_the_context already registered for DAG: example_python_operator
[2023-01-13T18:57:09.476+0000] {processor.py:753} INFO - DAG(s) dict_keys(['example_python_operator']) retrieved from /home/airflow/.local/lib/python3.7/site-packages/airflow/example_dags/example_python_operator.py
[2023-01-13T18:58:04.355+0000] {logging_mixin.py:137} INFO - [2023-01-13T18:58:04.034+0000] {dag.py:2676} INFO - Sync 1 DAGs
[2023-01-13T18:58:08.022+0000] {logging_mixin.py:137} INFO - [2023-01-13T18:58:07.929+0000] {dag.py:3427} INFO - Setting next_dagrun for example_python_operator to None, run_after=None
