[2023-01-13T18:48:20.157+0000] {processor.py:153} INFO - Started process (PID=273) to work on /home/airflow/.local/lib/python3.7/site-packages/airflow/example_dags/example_branch_operator.py
[2023-01-13T18:48:20.160+0000] {processor.py:743} INFO - Processing file /home/airflow/.local/lib/python3.7/site-packages/airflow/example_dags/example_branch_operator.py for tasks to queue
[2023-01-13T18:48:20.162+0000] {logging_mixin.py:137} INFO - [2023-01-13T18:48:20.162+0000] {dagbag.py:538} INFO - Filling up the DagBag from /home/airflow/.local/lib/python3.7/site-packages/airflow/example_dags/example_branch_operator.py
[2023-01-13T18:48:20.185+0000] {processor.py:753} INFO - DAG(s) dict_keys(['example_branch_operator']) retrieved from /home/airflow/.local/lib/python3.7/site-packages/airflow/example_dags/example_branch_operator.py
[2023-01-13T18:48:20.243+0000] {logging_mixin.py:137} INFO - [2023-01-13T18:48:20.243+0000] {dag.py:2676} INFO - Sync 1 DAGs
[2023-01-13T18:48:20.281+0000] {logging_mixin.py:137} INFO - [2023-01-13T18:48:20.281+0000] {dag.py:3427} INFO - Setting next_dagrun for example_branch_operator to 2023-01-12T00:00:00+00:00, run_after=2023-01-13T00:00:00+00:00
[2023-01-13T18:48:20.299+0000] {processor.py:175} INFO - Processing /home/airflow/.local/lib/python3.7/site-packages/airflow/example_dags/example_branch_operator.py took 0.144 seconds
[2023-01-13T18:48:50.426+0000] {processor.py:153} INFO - Started process (PID=484) to work on /home/airflow/.local/lib/python3.7/site-packages/airflow/example_dags/example_branch_operator.py
[2023-01-13T18:48:50.428+0000] {processor.py:743} INFO - Processing file /home/airflow/.local/lib/python3.7/site-packages/airflow/example_dags/example_branch_operator.py for tasks to queue
[2023-01-13T18:48:50.429+0000] {logging_mixin.py:137} INFO - [2023-01-13T18:48:50.429+0000] {dagbag.py:538} INFO - Filling up the DagBag from /home/airflow/.local/lib/python3.7/site-packages/airflow/example_dags/example_branch_operator.py
[2023-01-13T18:48:50.443+0000] {processor.py:753} INFO - DAG(s) dict_keys(['example_branch_operator']) retrieved from /home/airflow/.local/lib/python3.7/site-packages/airflow/example_dags/example_branch_operator.py
[2023-01-13T18:48:50.478+0000] {logging_mixin.py:137} INFO - [2023-01-13T18:48:50.478+0000] {dag.py:2676} INFO - Sync 1 DAGs
[2023-01-13T18:48:50.497+0000] {logging_mixin.py:137} INFO - [2023-01-13T18:48:50.497+0000] {dag.py:3427} INFO - Setting next_dagrun for example_branch_operator to 2023-01-12T00:00:00+00:00, run_after=2023-01-13T00:00:00+00:00
[2023-01-13T18:48:50.511+0000] {processor.py:175} INFO - Processing /home/airflow/.local/lib/python3.7/site-packages/airflow/example_dags/example_branch_operator.py took 0.087 seconds
[2023-01-13T18:49:23.036+0000] {processor.py:153} INFO - Started process (PID=701) to work on /home/airflow/.local/lib/python3.7/site-packages/airflow/example_dags/example_branch_operator.py
[2023-01-13T18:49:23.039+0000] {processor.py:743} INFO - Processing file /home/airflow/.local/lib/python3.7/site-packages/airflow/example_dags/example_branch_operator.py for tasks to queue
[2023-01-13T18:49:23.041+0000] {logging_mixin.py:137} INFO - [2023-01-13T18:49:23.041+0000] {dagbag.py:538} INFO - Filling up the DagBag from /home/airflow/.local/lib/python3.7/site-packages/airflow/example_dags/example_branch_operator.py
[2023-01-13T18:49:23.071+0000] {processor.py:753} INFO - DAG(s) dict_keys(['example_branch_operator']) retrieved from /home/airflow/.local/lib/python3.7/site-packages/airflow/example_dags/example_branch_operator.py
[2023-01-13T18:49:23.119+0000] {logging_mixin.py:137} INFO - [2023-01-13T18:49:23.119+0000] {dag.py:2676} INFO - Sync 1 DAGs
[2023-01-13T18:49:23.162+0000] {logging_mixin.py:137} INFO - [2023-01-13T18:49:23.162+0000] {dag.py:3427} INFO - Setting next_dagrun for example_branch_operator to 2023-01-12T00:00:00+00:00, run_after=2023-01-13T00:00:00+00:00
[2023-01-13T18:49:23.180+0000] {processor.py:175} INFO - Processing /home/airflow/.local/lib/python3.7/site-packages/airflow/example_dags/example_branch_operator.py took 0.149 seconds
[2023-01-13T18:49:53.874+0000] {processor.py:153} INFO - Started process (PID=915) to work on /home/airflow/.local/lib/python3.7/site-packages/airflow/example_dags/example_branch_operator.py
[2023-01-13T18:49:53.876+0000] {processor.py:743} INFO - Processing file /home/airflow/.local/lib/python3.7/site-packages/airflow/example_dags/example_branch_operator.py for tasks to queue
[2023-01-13T18:49:53.877+0000] {logging_mixin.py:137} INFO - [2023-01-13T18:49:53.877+0000] {dagbag.py:538} INFO - Filling up the DagBag from /home/airflow/.local/lib/python3.7/site-packages/airflow/example_dags/example_branch_operator.py
[2023-01-13T18:49:53.890+0000] {processor.py:753} INFO - DAG(s) dict_keys(['example_branch_operator']) retrieved from /home/airflow/.local/lib/python3.7/site-packages/airflow/example_dags/example_branch_operator.py
[2023-01-13T18:49:53.917+0000] {logging_mixin.py:137} INFO - [2023-01-13T18:49:53.917+0000] {dag.py:2676} INFO - Sync 1 DAGs
[2023-01-13T18:49:53.934+0000] {logging_mixin.py:137} INFO - [2023-01-13T18:49:53.934+0000] {dag.py:3427} INFO - Setting next_dagrun for example_branch_operator to 2023-01-12T00:00:00+00:00, run_after=2023-01-13T00:00:00+00:00
[2023-01-13T18:49:53.948+0000] {processor.py:175} INFO - Processing /home/airflow/.local/lib/python3.7/site-packages/airflow/example_dags/example_branch_operator.py took 0.077 seconds
[2023-01-13T18:56:03.262+0000] {processor.py:153} INFO - Started process (PID=72) to work on /home/airflow/.local/lib/python3.7/site-packages/airflow/example_dags/example_branch_operator.py
[2023-01-13T18:56:03.273+0000] {processor.py:743} INFO - Processing file /home/airflow/.local/lib/python3.7/site-packages/airflow/example_dags/example_branch_operator.py for tasks to queue
[2023-01-13T18:56:03.278+0000] {logging_mixin.py:137} INFO - [2023-01-13T18:56:03.278+0000] {dagbag.py:538} INFO - Filling up the DagBag from /home/airflow/.local/lib/python3.7/site-packages/airflow/example_dags/example_branch_operator.py
[2023-01-13T18:56:03.473+0000] {processor.py:753} INFO - DAG(s) dict_keys(['example_branch_operator']) retrieved from /home/airflow/.local/lib/python3.7/site-packages/airflow/example_dags/example_branch_operator.py
[2023-01-13T18:56:04.450+0000] {logging_mixin.py:137} INFO - [2023-01-13T18:56:04.445+0000] {dag.py:2676} INFO - Sync 1 DAGs
[2023-01-13T18:56:04.626+0000] {logging_mixin.py:137} INFO - [2023-01-13T18:56:04.625+0000] {dag.py:3427} INFO - Setting next_dagrun for example_branch_operator to 2023-01-12T00:00:00+00:00, run_after=2023-01-13T00:00:00+00:00
[2023-01-13T18:56:04.747+0000] {processor.py:175} INFO - Processing /home/airflow/.local/lib/python3.7/site-packages/airflow/example_dags/example_branch_operator.py took 1.494 seconds
