[2023-01-13T18:48:19.218+0000] {processor.py:153} INFO - Started process (PID=233) to work on /home/airflow/.local/lib/python3.7/site-packages/airflow/example_dags/example_sensors.py
[2023-01-13T18:48:19.221+0000] {processor.py:743} INFO - Processing file /home/airflow/.local/lib/python3.7/site-packages/airflow/example_dags/example_sensors.py for tasks to queue
[2023-01-13T18:48:19.224+0000] {logging_mixin.py:137} INFO - [2023-01-13T18:48:19.224+0000] {dagbag.py:538} INFO - Filling up the DagBag from /home/airflow/.local/lib/python3.7/site-packages/airflow/example_dags/example_sensors.py
[2023-01-13T18:48:19.252+0000] {processor.py:753} INFO - DAG(s) dict_keys(['example_sensors']) retrieved from /home/airflow/.local/lib/python3.7/site-packages/airflow/example_dags/example_sensors.py
[2023-01-13T18:48:19.291+0000] {logging_mixin.py:137} INFO - [2023-01-13T18:48:19.290+0000] {dag.py:2676} INFO - Sync 1 DAGs
[2023-01-13T18:48:19.321+0000] {logging_mixin.py:137} INFO - [2023-01-13T18:48:19.321+0000] {dag.py:3427} INFO - Setting next_dagrun for example_sensors to None, run_after=None
[2023-01-13T18:48:19.341+0000] {processor.py:175} INFO - Processing /home/airflow/.local/lib/python3.7/site-packages/airflow/example_dags/example_sensors.py took 0.126 seconds
[2023-01-13T18:48:49.799+0000] {processor.py:153} INFO - Started process (PID=444) to work on /home/airflow/.local/lib/python3.7/site-packages/airflow/example_dags/example_sensors.py
[2023-01-13T18:48:49.802+0000] {processor.py:743} INFO - Processing file /home/airflow/.local/lib/python3.7/site-packages/airflow/example_dags/example_sensors.py for tasks to queue
[2023-01-13T18:48:49.803+0000] {logging_mixin.py:137} INFO - [2023-01-13T18:48:49.803+0000] {dagbag.py:538} INFO - Filling up the DagBag from /home/airflow/.local/lib/python3.7/site-packages/airflow/example_dags/example_sensors.py
[2023-01-13T18:48:49.821+0000] {processor.py:753} INFO - DAG(s) dict_keys(['example_sensors']) retrieved from /home/airflow/.local/lib/python3.7/site-packages/airflow/example_dags/example_sensors.py
[2023-01-13T18:48:49.865+0000] {logging_mixin.py:137} INFO - [2023-01-13T18:48:49.864+0000] {dag.py:2676} INFO - Sync 1 DAGs
[2023-01-13T18:48:49.896+0000] {logging_mixin.py:137} INFO - [2023-01-13T18:48:49.896+0000] {dag.py:3427} INFO - Setting next_dagrun for example_sensors to None, run_after=None
[2023-01-13T18:48:49.914+0000] {processor.py:175} INFO - Processing /home/airflow/.local/lib/python3.7/site-packages/airflow/example_dags/example_sensors.py took 0.118 seconds
[2023-01-13T18:49:21.666+0000] {processor.py:153} INFO - Started process (PID=659) to work on /home/airflow/.local/lib/python3.7/site-packages/airflow/example_dags/example_sensors.py
[2023-01-13T18:49:21.674+0000] {processor.py:743} INFO - Processing file /home/airflow/.local/lib/python3.7/site-packages/airflow/example_dags/example_sensors.py for tasks to queue
[2023-01-13T18:49:21.679+0000] {logging_mixin.py:137} INFO - [2023-01-13T18:49:21.677+0000] {dagbag.py:538} INFO - Filling up the DagBag from /home/airflow/.local/lib/python3.7/site-packages/airflow/example_dags/example_sensors.py
[2023-01-13T18:49:21.765+0000] {processor.py:753} INFO - DAG(s) dict_keys(['example_sensors']) retrieved from /home/airflow/.local/lib/python3.7/site-packages/airflow/example_dags/example_sensors.py
[2023-01-13T18:49:21.846+0000] {logging_mixin.py:137} INFO - [2023-01-13T18:49:21.846+0000] {dag.py:2676} INFO - Sync 1 DAGs
[2023-01-13T18:49:21.893+0000] {logging_mixin.py:137} INFO - [2023-01-13T18:49:21.893+0000] {dag.py:3427} INFO - Setting next_dagrun for example_sensors to None, run_after=None
[2023-01-13T18:49:21.955+0000] {processor.py:175} INFO - Processing /home/airflow/.local/lib/python3.7/site-packages/airflow/example_dags/example_sensors.py took 0.300 seconds
[2023-01-13T18:49:52.264+0000] {processor.py:153} INFO - Started process (PID=875) to work on /home/airflow/.local/lib/python3.7/site-packages/airflow/example_dags/example_sensors.py
[2023-01-13T18:49:52.266+0000] {processor.py:743} INFO - Processing file /home/airflow/.local/lib/python3.7/site-packages/airflow/example_dags/example_sensors.py for tasks to queue
[2023-01-13T18:49:52.273+0000] {logging_mixin.py:137} INFO - [2023-01-13T18:49:52.273+0000] {dagbag.py:538} INFO - Filling up the DagBag from /home/airflow/.local/lib/python3.7/site-packages/airflow/example_dags/example_sensors.py
[2023-01-13T18:49:52.292+0000] {processor.py:753} INFO - DAG(s) dict_keys(['example_sensors']) retrieved from /home/airflow/.local/lib/python3.7/site-packages/airflow/example_dags/example_sensors.py
[2023-01-13T18:49:52.339+0000] {logging_mixin.py:137} INFO - [2023-01-13T18:49:52.339+0000] {dag.py:2676} INFO - Sync 1 DAGs
[2023-01-13T18:49:52.360+0000] {logging_mixin.py:137} INFO - [2023-01-13T18:49:52.360+0000] {dag.py:3427} INFO - Setting next_dagrun for example_sensors to None, run_after=None
[2023-01-13T18:49:52.379+0000] {processor.py:175} INFO - Processing /home/airflow/.local/lib/python3.7/site-packages/airflow/example_dags/example_sensors.py took 0.117 seconds
[2023-01-13T18:55:55.451+0000] {processor.py:153} INFO - Started process (PID=56) to work on /home/airflow/.local/lib/python3.7/site-packages/airflow/example_dags/example_sensors.py
[2023-01-13T18:55:55.456+0000] {processor.py:743} INFO - Processing file /home/airflow/.local/lib/python3.7/site-packages/airflow/example_dags/example_sensors.py for tasks to queue
[2023-01-13T18:55:55.462+0000] {logging_mixin.py:137} INFO - [2023-01-13T18:55:55.461+0000] {dagbag.py:538} INFO - Filling up the DagBag from /home/airflow/.local/lib/python3.7/site-packages/airflow/example_dags/example_sensors.py
[2023-01-13T18:55:55.592+0000] {processor.py:753} INFO - DAG(s) dict_keys(['example_sensors']) retrieved from /home/airflow/.local/lib/python3.7/site-packages/airflow/example_dags/example_sensors.py
[2023-01-13T18:55:55.909+0000] {logging_mixin.py:137} INFO - [2023-01-13T18:55:55.908+0000] {dag.py:2676} INFO - Sync 1 DAGs
[2023-01-13T18:55:56.059+0000] {logging_mixin.py:137} INFO - [2023-01-13T18:55:56.054+0000] {dag.py:3427} INFO - Setting next_dagrun for example_sensors to None, run_after=None
[2023-01-13T18:55:56.505+0000] {processor.py:175} INFO - Processing /home/airflow/.local/lib/python3.7/site-packages/airflow/example_dags/example_sensors.py took 1.071 seconds
