[2023-01-13T18:48:19.404+0000] {processor.py:153} INFO - Started process (PID=243) to work on /home/airflow/.local/lib/python3.7/site-packages/airflow/example_dags/example_latest_only.py
[2023-01-13T18:48:19.407+0000] {processor.py:743} INFO - Processing file /home/airflow/.local/lib/python3.7/site-packages/airflow/example_dags/example_latest_only.py for tasks to queue
[2023-01-13T18:48:19.409+0000] {logging_mixin.py:137} INFO - [2023-01-13T18:48:19.409+0000] {dagbag.py:538} INFO - Filling up the DagBag from /home/airflow/.local/lib/python3.7/site-packages/airflow/example_dags/example_latest_only.py
[2023-01-13T18:48:19.426+0000] {processor.py:753} INFO - DAG(s) dict_keys(['latest_only']) retrieved from /home/airflow/.local/lib/python3.7/site-packages/airflow/example_dags/example_latest_only.py
[2023-01-13T18:48:19.463+0000] {logging_mixin.py:137} INFO - [2023-01-13T18:48:19.463+0000] {dag.py:2676} INFO - Sync 1 DAGs
[2023-01-13T18:48:19.495+0000] {logging_mixin.py:137} INFO - [2023-01-13T18:48:19.495+0000] {dag.py:3427} INFO - Setting next_dagrun for latest_only to 2023-01-13T14:48:19.494882+00:00, run_after=2023-01-13T18:48:19.494882+00:00
[2023-01-13T18:48:19.524+0000] {processor.py:175} INFO - Processing /home/airflow/.local/lib/python3.7/site-packages/airflow/example_dags/example_latest_only.py took 0.125 seconds
[2023-01-13T18:48:50.051+0000] {processor.py:153} INFO - Started process (PID=456) to work on /home/airflow/.local/lib/python3.7/site-packages/airflow/example_dags/example_latest_only.py
[2023-01-13T18:48:50.053+0000] {processor.py:743} INFO - Processing file /home/airflow/.local/lib/python3.7/site-packages/airflow/example_dags/example_latest_only.py for tasks to queue
[2023-01-13T18:48:50.055+0000] {logging_mixin.py:137} INFO - [2023-01-13T18:48:50.054+0000] {dagbag.py:538} INFO - Filling up the DagBag from /home/airflow/.local/lib/python3.7/site-packages/airflow/example_dags/example_latest_only.py
[2023-01-13T18:48:50.071+0000] {processor.py:753} INFO - DAG(s) dict_keys(['latest_only']) retrieved from /home/airflow/.local/lib/python3.7/site-packages/airflow/example_dags/example_latest_only.py
[2023-01-13T18:48:50.113+0000] {logging_mixin.py:137} INFO - [2023-01-13T18:48:50.113+0000] {dag.py:2676} INFO - Sync 1 DAGs
[2023-01-13T18:48:50.132+0000] {logging_mixin.py:137} INFO - [2023-01-13T18:48:50.132+0000] {dag.py:3427} INFO - Setting next_dagrun for latest_only to 2023-01-13T14:48:50.132393+00:00, run_after=2023-01-13T18:48:50.132393+00:00
[2023-01-13T18:48:50.148+0000] {processor.py:175} INFO - Processing /home/airflow/.local/lib/python3.7/site-packages/airflow/example_dags/example_latest_only.py took 0.100 seconds
[2023-01-13T18:49:22.091+0000] {processor.py:153} INFO - Started process (PID=669) to work on /home/airflow/.local/lib/python3.7/site-packages/airflow/example_dags/example_latest_only.py
[2023-01-13T18:49:22.099+0000] {processor.py:743} INFO - Processing file /home/airflow/.local/lib/python3.7/site-packages/airflow/example_dags/example_latest_only.py for tasks to queue
[2023-01-13T18:49:22.103+0000] {logging_mixin.py:137} INFO - [2023-01-13T18:49:22.103+0000] {dagbag.py:538} INFO - Filling up the DagBag from /home/airflow/.local/lib/python3.7/site-packages/airflow/example_dags/example_latest_only.py
[2023-01-13T18:49:22.132+0000] {processor.py:753} INFO - DAG(s) dict_keys(['latest_only']) retrieved from /home/airflow/.local/lib/python3.7/site-packages/airflow/example_dags/example_latest_only.py
[2023-01-13T18:49:22.190+0000] {logging_mixin.py:137} INFO - [2023-01-13T18:49:22.189+0000] {dag.py:2676} INFO - Sync 1 DAGs
[2023-01-13T18:49:22.236+0000] {logging_mixin.py:137} INFO - [2023-01-13T18:49:22.236+0000] {dag.py:3427} INFO - Setting next_dagrun for latest_only to 2023-01-13T14:49:22.236398+00:00, run_after=2023-01-13T18:49:22.236398+00:00
[2023-01-13T18:49:22.517+0000] {processor.py:175} INFO - Processing /home/airflow/.local/lib/python3.7/site-packages/airflow/example_dags/example_latest_only.py took 0.433 seconds
[2023-01-13T18:49:53.486+0000] {processor.py:153} INFO - Started process (PID=887) to work on /home/airflow/.local/lib/python3.7/site-packages/airflow/example_dags/example_latest_only.py
[2023-01-13T18:49:53.489+0000] {processor.py:743} INFO - Processing file /home/airflow/.local/lib/python3.7/site-packages/airflow/example_dags/example_latest_only.py for tasks to queue
[2023-01-13T18:49:53.491+0000] {logging_mixin.py:137} INFO - [2023-01-13T18:49:53.491+0000] {dagbag.py:538} INFO - Filling up the DagBag from /home/airflow/.local/lib/python3.7/site-packages/airflow/example_dags/example_latest_only.py
[2023-01-13T18:49:53.514+0000] {processor.py:753} INFO - DAG(s) dict_keys(['latest_only']) retrieved from /home/airflow/.local/lib/python3.7/site-packages/airflow/example_dags/example_latest_only.py
[2023-01-13T18:49:53.559+0000] {logging_mixin.py:137} INFO - [2023-01-13T18:49:53.559+0000] {dag.py:2676} INFO - Sync 1 DAGs
[2023-01-13T18:49:53.585+0000] {logging_mixin.py:137} INFO - [2023-01-13T18:49:53.585+0000] {dag.py:3427} INFO - Setting next_dagrun for latest_only to 2023-01-13T14:49:53.585410+00:00, run_after=2023-01-13T18:49:53.585410+00:00
[2023-01-13T18:49:53.603+0000] {processor.py:175} INFO - Processing /home/airflow/.local/lib/python3.7/site-packages/airflow/example_dags/example_latest_only.py took 0.124 seconds
[2023-01-13T18:55:57.055+0000] {processor.py:153} INFO - Started process (PID=58) to work on /home/airflow/.local/lib/python3.7/site-packages/airflow/example_dags/example_latest_only.py
[2023-01-13T18:55:57.081+0000] {processor.py:743} INFO - Processing file /home/airflow/.local/lib/python3.7/site-packages/airflow/example_dags/example_latest_only.py for tasks to queue
[2023-01-13T18:55:57.088+0000] {logging_mixin.py:137} INFO - [2023-01-13T18:55:57.086+0000] {dagbag.py:538} INFO - Filling up the DagBag from /home/airflow/.local/lib/python3.7/site-packages/airflow/example_dags/example_latest_only.py
[2023-01-13T18:55:57.192+0000] {processor.py:753} INFO - DAG(s) dict_keys(['latest_only']) retrieved from /home/airflow/.local/lib/python3.7/site-packages/airflow/example_dags/example_latest_only.py
[2023-01-13T18:55:57.677+0000] {logging_mixin.py:137} INFO - [2023-01-13T18:55:57.676+0000] {dag.py:2676} INFO - Sync 1 DAGs
[2023-01-13T18:55:57.794+0000] {logging_mixin.py:137} INFO - [2023-01-13T18:55:57.794+0000] {dag.py:3427} INFO - Setting next_dagrun for latest_only to 2023-01-13T14:55:57.788970+00:00, run_after=2023-01-13T18:55:57.788970+00:00
[2023-01-13T18:55:57.879+0000] {processor.py:175} INFO - Processing /home/airflow/.local/lib/python3.7/site-packages/airflow/example_dags/example_latest_only.py took 0.868 seconds
