[2023-01-13T18:48:22.851+0000] {processor.py:153} INFO - Started process (PID=338) to work on /home/airflow/.local/lib/python3.7/site-packages/airflow/example_dags/example_local_kubernetes_executor.py
[2023-01-13T18:48:22.878+0000] {processor.py:743} INFO - Processing file /home/airflow/.local/lib/python3.7/site-packages/airflow/example_dags/example_local_kubernetes_executor.py for tasks to queue
[2023-01-13T18:48:22.886+0000] {logging_mixin.py:137} INFO - [2023-01-13T18:48:22.886+0000] {dagbag.py:538} INFO - Filling up the DagBag from /home/airflow/.local/lib/python3.7/site-packages/airflow/example_dags/example_local_kubernetes_executor.py
[2023-01-13T18:48:22.978+0000] {processor.py:753} INFO - DAG(s) dict_keys(['example_local_kubernetes_executor']) retrieved from /home/airflow/.local/lib/python3.7/site-packages/airflow/example_dags/example_local_kubernetes_executor.py
[2023-01-13T18:48:23.057+0000] {logging_mixin.py:137} INFO - [2023-01-13T18:48:23.057+0000] {dag.py:2676} INFO - Sync 1 DAGs
[2023-01-13T18:48:23.102+0000] {logging_mixin.py:137} INFO - [2023-01-13T18:48:23.102+0000] {dag.py:3427} INFO - Setting next_dagrun for example_local_kubernetes_executor to None, run_after=None
[2023-01-13T18:48:23.137+0000] {processor.py:175} INFO - Processing /home/airflow/.local/lib/python3.7/site-packages/airflow/example_dags/example_local_kubernetes_executor.py took 0.297 seconds
[2023-01-13T18:48:53.684+0000] {processor.py:153} INFO - Started process (PID=551) to work on /home/airflow/.local/lib/python3.7/site-packages/airflow/example_dags/example_local_kubernetes_executor.py
[2023-01-13T18:48:53.686+0000] {processor.py:743} INFO - Processing file /home/airflow/.local/lib/python3.7/site-packages/airflow/example_dags/example_local_kubernetes_executor.py for tasks to queue
[2023-01-13T18:48:53.687+0000] {logging_mixin.py:137} INFO - [2023-01-13T18:48:53.687+0000] {dagbag.py:538} INFO - Filling up the DagBag from /home/airflow/.local/lib/python3.7/site-packages/airflow/example_dags/example_local_kubernetes_executor.py
[2023-01-13T18:48:53.705+0000] {processor.py:753} INFO - DAG(s) dict_keys(['example_local_kubernetes_executor']) retrieved from /home/airflow/.local/lib/python3.7/site-packages/airflow/example_dags/example_local_kubernetes_executor.py
[2023-01-13T18:48:53.741+0000] {logging_mixin.py:137} INFO - [2023-01-13T18:48:53.741+0000] {dag.py:2676} INFO - Sync 1 DAGs
[2023-01-13T18:48:53.784+0000] {logging_mixin.py:137} INFO - [2023-01-13T18:48:53.784+0000] {dag.py:3427} INFO - Setting next_dagrun for example_local_kubernetes_executor to None, run_after=None
[2023-01-13T18:48:53.813+0000] {processor.py:175} INFO - Processing /home/airflow/.local/lib/python3.7/site-packages/airflow/example_dags/example_local_kubernetes_executor.py took 0.132 seconds
[2023-01-13T18:49:24.205+0000] {processor.py:153} INFO - Started process (PID=764) to work on /home/airflow/.local/lib/python3.7/site-packages/airflow/example_dags/example_local_kubernetes_executor.py
[2023-01-13T18:49:24.210+0000] {processor.py:743} INFO - Processing file /home/airflow/.local/lib/python3.7/site-packages/airflow/example_dags/example_local_kubernetes_executor.py for tasks to queue
[2023-01-13T18:49:24.213+0000] {logging_mixin.py:137} INFO - [2023-01-13T18:49:24.213+0000] {dagbag.py:538} INFO - Filling up the DagBag from /home/airflow/.local/lib/python3.7/site-packages/airflow/example_dags/example_local_kubernetes_executor.py
[2023-01-13T18:49:24.255+0000] {processor.py:753} INFO - DAG(s) dict_keys(['example_local_kubernetes_executor']) retrieved from /home/airflow/.local/lib/python3.7/site-packages/airflow/example_dags/example_local_kubernetes_executor.py
[2023-01-13T18:49:24.302+0000] {logging_mixin.py:137} INFO - [2023-01-13T18:49:24.302+0000] {dag.py:2676} INFO - Sync 1 DAGs
[2023-01-13T18:49:24.343+0000] {logging_mixin.py:137} INFO - [2023-01-13T18:49:24.343+0000] {dag.py:3427} INFO - Setting next_dagrun for example_local_kubernetes_executor to None, run_after=None
[2023-01-13T18:49:24.374+0000] {processor.py:175} INFO - Processing /home/airflow/.local/lib/python3.7/site-packages/airflow/example_dags/example_local_kubernetes_executor.py took 0.176 seconds
[2023-01-13T18:49:55.975+0000] {processor.py:153} INFO - Started process (PID=995) to work on /home/airflow/.local/lib/python3.7/site-packages/airflow/example_dags/example_local_kubernetes_executor.py
[2023-01-13T18:49:55.981+0000] {processor.py:743} INFO - Processing file /home/airflow/.local/lib/python3.7/site-packages/airflow/example_dags/example_local_kubernetes_executor.py for tasks to queue
[2023-01-13T18:49:55.985+0000] {logging_mixin.py:137} INFO - [2023-01-13T18:49:55.984+0000] {dagbag.py:538} INFO - Filling up the DagBag from /home/airflow/.local/lib/python3.7/site-packages/airflow/example_dags/example_local_kubernetes_executor.py
[2023-01-13T18:49:56.070+0000] {processor.py:753} INFO - DAG(s) dict_keys(['example_local_kubernetes_executor']) retrieved from /home/airflow/.local/lib/python3.7/site-packages/airflow/example_dags/example_local_kubernetes_executor.py
[2023-01-13T18:49:56.227+0000] {logging_mixin.py:137} INFO - [2023-01-13T18:49:56.227+0000] {dag.py:2676} INFO - Sync 1 DAGs
[2023-01-13T18:49:56.582+0000] {logging_mixin.py:137} INFO - [2023-01-13T18:49:56.574+0000] {dag.py:3427} INFO - Setting next_dagrun for example_local_kubernetes_executor to None, run_after=None
[2023-01-13T18:49:56.740+0000] {processor.py:175} INFO - Processing /home/airflow/.local/lib/python3.7/site-packages/airflow/example_dags/example_local_kubernetes_executor.py took 0.776 seconds
[2023-01-13T18:58:57.848+0000] {processor.py:153} INFO - Started process (PID=156) to work on /home/airflow/.local/lib/python3.7/site-packages/airflow/example_dags/example_local_kubernetes_executor.py
[2023-01-13T18:58:58.086+0000] {processor.py:743} INFO - Processing file /home/airflow/.local/lib/python3.7/site-packages/airflow/example_dags/example_local_kubernetes_executor.py for tasks to queue
[2023-01-13T18:58:58.262+0000] {logging_mixin.py:137} INFO - [2023-01-13T18:58:58.222+0000] {dagbag.py:538} INFO - Filling up the DagBag from /home/airflow/.local/lib/python3.7/site-packages/airflow/example_dags/example_local_kubernetes_executor.py
