[2023-01-13T18:48:22.895+0000] {processor.py:153} INFO - Started process (PID=341) to work on /home/airflow/.local/lib/python3.7/site-packages/airflow/example_dags/example_datasets.py
[2023-01-13T18:48:22.914+0000] {processor.py:743} INFO - Processing file /home/airflow/.local/lib/python3.7/site-packages/airflow/example_dags/example_datasets.py for tasks to queue
[2023-01-13T18:48:22.919+0000] {logging_mixin.py:137} INFO - [2023-01-13T18:48:22.918+0000] {dagbag.py:538} INFO - Filling up the DagBag from /home/airflow/.local/lib/python3.7/site-packages/airflow/example_dags/example_datasets.py
[2023-01-13T18:48:22.956+0000] {processor.py:753} INFO - DAG(s) dict_keys(['dataset_consumes_unknown_never_scheduled', 'dataset_consumes_1_never_scheduled', 'dataset_consumes_1', 'dataset_produces_1', 'dataset_produces_2', 'dataset_consumes_1_and_2']) retrieved from /home/airflow/.local/lib/python3.7/site-packages/airflow/example_dags/example_datasets.py
[2023-01-13T18:48:23.147+0000] {logging_mixin.py:137} INFO - [2023-01-13T18:48:23.146+0000] {dag.py:2676} INFO - Sync 6 DAGs
[2023-01-13T18:48:23.192+0000] {logging_mixin.py:137} INFO - [2023-01-13T18:48:23.192+0000] {dag.py:3427} INFO - Setting next_dagrun for dataset_consumes_1 to None, run_after=None
[2023-01-13T18:48:23.200+0000] {logging_mixin.py:137} INFO - [2023-01-13T18:48:23.200+0000] {dag.py:3427} INFO - Setting next_dagrun for dataset_consumes_1_and_2 to None, run_after=None
[2023-01-13T18:48:23.210+0000] {logging_mixin.py:137} INFO - [2023-01-13T18:48:23.209+0000] {dag.py:3427} INFO - Setting next_dagrun for dataset_consumes_1_never_scheduled to None, run_after=None
[2023-01-13T18:48:23.233+0000] {logging_mixin.py:137} INFO - [2023-01-13T18:48:23.232+0000] {dag.py:3427} INFO - Setting next_dagrun for dataset_consumes_unknown_never_scheduled to None, run_after=None
[2023-01-13T18:48:23.242+0000] {logging_mixin.py:137} INFO - [2023-01-13T18:48:23.242+0000] {dag.py:3427} INFO - Setting next_dagrun for dataset_produces_1 to 2023-01-12T00:00:00+00:00, run_after=2023-01-13T00:00:00+00:00
[2023-01-13T18:48:23.247+0000] {logging_mixin.py:137} INFO - [2023-01-13T18:48:23.247+0000] {dag.py:3427} INFO - Setting next_dagrun for dataset_produces_2 to None, run_after=None
[2023-01-13T18:48:23.349+0000] {processor.py:175} INFO - Processing /home/airflow/.local/lib/python3.7/site-packages/airflow/example_dags/example_datasets.py took 0.476 seconds
[2023-01-13T18:48:53.864+0000] {processor.py:153} INFO - Started process (PID=556) to work on /home/airflow/.local/lib/python3.7/site-packages/airflow/example_dags/example_datasets.py
[2023-01-13T18:48:53.875+0000] {processor.py:743} INFO - Processing file /home/airflow/.local/lib/python3.7/site-packages/airflow/example_dags/example_datasets.py for tasks to queue
[2023-01-13T18:48:53.882+0000] {logging_mixin.py:137} INFO - [2023-01-13T18:48:53.882+0000] {dagbag.py:538} INFO - Filling up the DagBag from /home/airflow/.local/lib/python3.7/site-packages/airflow/example_dags/example_datasets.py
[2023-01-13T18:48:53.928+0000] {processor.py:753} INFO - DAG(s) dict_keys(['dataset_produces_1', 'dataset_consumes_unknown_never_scheduled', 'dataset_consumes_1_never_scheduled', 'dataset_consumes_1', 'dataset_produces_2', 'dataset_consumes_1_and_2']) retrieved from /home/airflow/.local/lib/python3.7/site-packages/airflow/example_dags/example_datasets.py
[2023-01-13T18:48:53.986+0000] {logging_mixin.py:137} INFO - [2023-01-13T18:48:53.985+0000] {dag.py:2676} INFO - Sync 6 DAGs
[2023-01-13T18:48:54.028+0000] {logging_mixin.py:137} INFO - [2023-01-13T18:48:54.027+0000] {dag.py:3427} INFO - Setting next_dagrun for dataset_consumes_1 to None, run_after=None
[2023-01-13T18:48:54.033+0000] {logging_mixin.py:137} INFO - [2023-01-13T18:48:54.033+0000] {dag.py:3427} INFO - Setting next_dagrun for dataset_consumes_1_and_2 to None, run_after=None
[2023-01-13T18:48:54.037+0000] {logging_mixin.py:137} INFO - [2023-01-13T18:48:54.037+0000] {dag.py:3427} INFO - Setting next_dagrun for dataset_consumes_1_never_scheduled to None, run_after=None
[2023-01-13T18:48:54.041+0000] {logging_mixin.py:137} INFO - [2023-01-13T18:48:54.041+0000] {dag.py:3427} INFO - Setting next_dagrun for dataset_consumes_unknown_never_scheduled to None, run_after=None
[2023-01-13T18:48:54.052+0000] {logging_mixin.py:137} INFO - [2023-01-13T18:48:54.051+0000] {dag.py:3427} INFO - Setting next_dagrun for dataset_produces_1 to 2023-01-12T00:00:00+00:00, run_after=2023-01-13T00:00:00+00:00
[2023-01-13T18:48:54.055+0000] {logging_mixin.py:137} INFO - [2023-01-13T18:48:54.055+0000] {dag.py:3427} INFO - Setting next_dagrun for dataset_produces_2 to None, run_after=None
[2023-01-13T18:48:54.099+0000] {processor.py:175} INFO - Processing /home/airflow/.local/lib/python3.7/site-packages/airflow/example_dags/example_datasets.py took 0.239 seconds
[2023-01-13T18:49:24.433+0000] {processor.py:153} INFO - Started process (PID=771) to work on /home/airflow/.local/lib/python3.7/site-packages/airflow/example_dags/example_datasets.py
[2023-01-13T18:49:24.436+0000] {processor.py:743} INFO - Processing file /home/airflow/.local/lib/python3.7/site-packages/airflow/example_dags/example_datasets.py for tasks to queue
[2023-01-13T18:49:24.438+0000] {logging_mixin.py:137} INFO - [2023-01-13T18:49:24.438+0000] {dagbag.py:538} INFO - Filling up the DagBag from /home/airflow/.local/lib/python3.7/site-packages/airflow/example_dags/example_datasets.py
[2023-01-13T18:49:24.463+0000] {processor.py:753} INFO - DAG(s) dict_keys(['dataset_consumes_1_and_2', 'dataset_consumes_1', 'dataset_produces_1', 'dataset_consumes_unknown_never_scheduled', 'dataset_consumes_1_never_scheduled', 'dataset_produces_2']) retrieved from /home/airflow/.local/lib/python3.7/site-packages/airflow/example_dags/example_datasets.py
[2023-01-13T18:49:24.495+0000] {logging_mixin.py:137} INFO - [2023-01-13T18:49:24.494+0000] {dag.py:2676} INFO - Sync 6 DAGs
[2023-01-13T18:49:24.523+0000] {logging_mixin.py:137} INFO - [2023-01-13T18:49:24.523+0000] {dag.py:3427} INFO - Setting next_dagrun for dataset_consumes_1 to None, run_after=None
[2023-01-13T18:49:24.529+0000] {logging_mixin.py:137} INFO - [2023-01-13T18:49:24.529+0000] {dag.py:3427} INFO - Setting next_dagrun for dataset_consumes_1_and_2 to None, run_after=None
[2023-01-13T18:49:24.534+0000] {logging_mixin.py:137} INFO - [2023-01-13T18:49:24.534+0000] {dag.py:3427} INFO - Setting next_dagrun for dataset_consumes_1_never_scheduled to None, run_after=None
[2023-01-13T18:49:24.537+0000] {logging_mixin.py:137} INFO - [2023-01-13T18:49:24.537+0000] {dag.py:3427} INFO - Setting next_dagrun for dataset_consumes_unknown_never_scheduled to None, run_after=None
[2023-01-13T18:49:24.542+0000] {logging_mixin.py:137} INFO - [2023-01-13T18:49:24.541+0000] {dag.py:3427} INFO - Setting next_dagrun for dataset_produces_1 to 2023-01-12T00:00:00+00:00, run_after=2023-01-13T00:00:00+00:00
[2023-01-13T18:49:24.545+0000] {logging_mixin.py:137} INFO - [2023-01-13T18:49:24.545+0000] {dag.py:3427} INFO - Setting next_dagrun for dataset_produces_2 to None, run_after=None
[2023-01-13T18:49:24.578+0000] {processor.py:175} INFO - Processing /home/airflow/.local/lib/python3.7/site-packages/airflow/example_dags/example_datasets.py took 0.150 seconds
[2023-01-13T18:49:55.977+0000] {processor.py:153} INFO - Started process (PID=998) to work on /home/airflow/.local/lib/python3.7/site-packages/airflow/example_dags/example_datasets.py
[2023-01-13T18:49:55.981+0000] {processor.py:743} INFO - Processing file /home/airflow/.local/lib/python3.7/site-packages/airflow/example_dags/example_datasets.py for tasks to queue
[2023-01-13T18:49:55.984+0000] {logging_mixin.py:137} INFO - [2023-01-13T18:49:55.984+0000] {dagbag.py:538} INFO - Filling up the DagBag from /home/airflow/.local/lib/python3.7/site-packages/airflow/example_dags/example_datasets.py
[2023-01-13T18:49:56.060+0000] {processor.py:753} INFO - DAG(s) dict_keys(['dataset_consumes_1', 'dataset_produces_2', 'dataset_consumes_1_and_2', 'dataset_consumes_1_never_scheduled', 'dataset_produces_1', 'dataset_consumes_unknown_never_scheduled']) retrieved from /home/airflow/.local/lib/python3.7/site-packages/airflow/example_dags/example_datasets.py
[2023-01-13T18:49:56.806+0000] {logging_mixin.py:137} INFO - [2023-01-13T18:49:56.804+0000] {dag.py:2676} INFO - Sync 6 DAGs
[2023-01-13T18:49:56.927+0000] {logging_mixin.py:137} INFO - [2023-01-13T18:49:56.927+0000] {dag.py:3427} INFO - Setting next_dagrun for dataset_consumes_1 to None, run_after=None
[2023-01-13T18:49:56.945+0000] {logging_mixin.py:137} INFO - [2023-01-13T18:49:56.944+0000] {dag.py:3427} INFO - Setting next_dagrun for dataset_consumes_1_and_2 to None, run_after=None
[2023-01-13T18:49:56.964+0000] {logging_mixin.py:137} INFO - [2023-01-13T18:49:56.964+0000] {dag.py:3427} INFO - Setting next_dagrun for dataset_consumes_1_never_scheduled to None, run_after=None
[2023-01-13T18:49:56.975+0000] {logging_mixin.py:137} INFO - [2023-01-13T18:49:56.973+0000] {dag.py:3427} INFO - Setting next_dagrun for dataset_consumes_unknown_never_scheduled to None, run_after=None
[2023-01-13T18:49:56.988+0000] {logging_mixin.py:137} INFO - [2023-01-13T18:49:56.987+0000] {dag.py:3427} INFO - Setting next_dagrun for dataset_produces_1 to 2023-01-12T00:00:00+00:00, run_after=2023-01-13T00:00:00+00:00
[2023-01-13T18:49:56.998+0000] {logging_mixin.py:137} INFO - [2023-01-13T18:49:56.998+0000] {dag.py:3427} INFO - Setting next_dagrun for dataset_produces_2 to None, run_after=None
[2023-01-13T18:49:57.110+0000] {processor.py:175} INFO - Processing /home/airflow/.local/lib/python3.7/site-packages/airflow/example_dags/example_datasets.py took 1.143 seconds
[2023-01-13T18:58:57.902+0000] {processor.py:153} INFO - Started process (PID=159) to work on /home/airflow/.local/lib/python3.7/site-packages/airflow/example_dags/example_datasets.py
[2023-01-13T18:58:58.058+0000] {processor.py:743} INFO - Processing file /home/airflow/.local/lib/python3.7/site-packages/airflow/example_dags/example_datasets.py for tasks to queue
[2023-01-13T18:58:58.264+0000] {logging_mixin.py:137} INFO - [2023-01-13T18:58:58.238+0000] {dagbag.py:538} INFO - Filling up the DagBag from /home/airflow/.local/lib/python3.7/site-packages/airflow/example_dags/example_datasets.py
