[2023-01-13T18:48:20.356+0000] {processor.py:153} INFO - Started process (PID=283) to work on /home/airflow/.local/lib/python3.7/site-packages/airflow/example_dags/example_branch_python_dop_operator_3.py
[2023-01-13T18:48:20.358+0000] {processor.py:743} INFO - Processing file /home/airflow/.local/lib/python3.7/site-packages/airflow/example_dags/example_branch_python_dop_operator_3.py for tasks to queue
[2023-01-13T18:48:20.360+0000] {logging_mixin.py:137} INFO - [2023-01-13T18:48:20.359+0000] {dagbag.py:538} INFO - Filling up the DagBag from /home/airflow/.local/lib/python3.7/site-packages/airflow/example_dags/example_branch_python_dop_operator_3.py
[2023-01-13T18:48:20.387+0000] {processor.py:753} INFO - DAG(s) dict_keys(['example_branch_dop_operator_v3']) retrieved from /home/airflow/.local/lib/python3.7/site-packages/airflow/example_dags/example_branch_python_dop_operator_3.py
[2023-01-13T18:48:20.438+0000] {logging_mixin.py:137} INFO - [2023-01-13T18:48:20.438+0000] {dag.py:2676} INFO - Sync 1 DAGs
[2023-01-13T18:48:20.465+0000] {logging_mixin.py:137} INFO - [2023-01-13T18:48:20.465+0000] {dag.py:3427} INFO - Setting next_dagrun for example_branch_dop_operator_v3 to 2023-01-13T18:47:00+00:00, run_after=2023-01-13T18:48:00+00:00
[2023-01-13T18:48:20.504+0000] {processor.py:175} INFO - Processing /home/airflow/.local/lib/python3.7/site-packages/airflow/example_dags/example_branch_python_dop_operator_3.py took 0.152 seconds
[2023-01-13T18:48:50.540+0000] {processor.py:153} INFO - Started process (PID=494) to work on /home/airflow/.local/lib/python3.7/site-packages/airflow/example_dags/example_branch_python_dop_operator_3.py
[2023-01-13T18:48:50.542+0000] {processor.py:743} INFO - Processing file /home/airflow/.local/lib/python3.7/site-packages/airflow/example_dags/example_branch_python_dop_operator_3.py for tasks to queue
[2023-01-13T18:48:50.543+0000] {logging_mixin.py:137} INFO - [2023-01-13T18:48:50.543+0000] {dagbag.py:538} INFO - Filling up the DagBag from /home/airflow/.local/lib/python3.7/site-packages/airflow/example_dags/example_branch_python_dop_operator_3.py
[2023-01-13T18:48:50.562+0000] {processor.py:753} INFO - DAG(s) dict_keys(['example_branch_dop_operator_v3']) retrieved from /home/airflow/.local/lib/python3.7/site-packages/airflow/example_dags/example_branch_python_dop_operator_3.py
[2023-01-13T18:48:50.594+0000] {logging_mixin.py:137} INFO - [2023-01-13T18:48:50.593+0000] {dag.py:2676} INFO - Sync 1 DAGs
[2023-01-13T18:48:50.614+0000] {logging_mixin.py:137} INFO - [2023-01-13T18:48:50.614+0000] {dag.py:3427} INFO - Setting next_dagrun for example_branch_dop_operator_v3 to 2023-01-13T18:47:00+00:00, run_after=2023-01-13T18:48:00+00:00
[2023-01-13T18:48:50.630+0000] {processor.py:175} INFO - Processing /home/airflow/.local/lib/python3.7/site-packages/airflow/example_dags/example_branch_python_dop_operator_3.py took 0.092 seconds
[2023-01-13T18:49:23.236+0000] {processor.py:153} INFO - Started process (PID=709) to work on /home/airflow/.local/lib/python3.7/site-packages/airflow/example_dags/example_branch_python_dop_operator_3.py
[2023-01-13T18:49:23.238+0000] {processor.py:743} INFO - Processing file /home/airflow/.local/lib/python3.7/site-packages/airflow/example_dags/example_branch_python_dop_operator_3.py for tasks to queue
[2023-01-13T18:49:23.240+0000] {logging_mixin.py:137} INFO - [2023-01-13T18:49:23.240+0000] {dagbag.py:538} INFO - Filling up the DagBag from /home/airflow/.local/lib/python3.7/site-packages/airflow/example_dags/example_branch_python_dop_operator_3.py
[2023-01-13T18:49:23.261+0000] {processor.py:753} INFO - DAG(s) dict_keys(['example_branch_dop_operator_v3']) retrieved from /home/airflow/.local/lib/python3.7/site-packages/airflow/example_dags/example_branch_python_dop_operator_3.py
[2023-01-13T18:49:23.291+0000] {logging_mixin.py:137} INFO - [2023-01-13T18:49:23.291+0000] {dag.py:2676} INFO - Sync 1 DAGs
[2023-01-13T18:49:23.315+0000] {logging_mixin.py:137} INFO - [2023-01-13T18:49:23.315+0000] {dag.py:3427} INFO - Setting next_dagrun for example_branch_dop_operator_v3 to 2023-01-13T18:48:00+00:00, run_after=2023-01-13T18:49:00+00:00
[2023-01-13T18:49:23.332+0000] {processor.py:175} INFO - Processing /home/airflow/.local/lib/python3.7/site-packages/airflow/example_dags/example_branch_python_dop_operator_3.py took 0.099 seconds
[2023-01-13T18:49:53.979+0000] {processor.py:153} INFO - Started process (PID=925) to work on /home/airflow/.local/lib/python3.7/site-packages/airflow/example_dags/example_branch_python_dop_operator_3.py
[2023-01-13T18:49:53.981+0000] {processor.py:743} INFO - Processing file /home/airflow/.local/lib/python3.7/site-packages/airflow/example_dags/example_branch_python_dop_operator_3.py for tasks to queue
[2023-01-13T18:49:53.982+0000] {logging_mixin.py:137} INFO - [2023-01-13T18:49:53.982+0000] {dagbag.py:538} INFO - Filling up the DagBag from /home/airflow/.local/lib/python3.7/site-packages/airflow/example_dags/example_branch_python_dop_operator_3.py
[2023-01-13T18:49:53.998+0000] {processor.py:753} INFO - DAG(s) dict_keys(['example_branch_dop_operator_v3']) retrieved from /home/airflow/.local/lib/python3.7/site-packages/airflow/example_dags/example_branch_python_dop_operator_3.py
[2023-01-13T18:49:54.026+0000] {logging_mixin.py:137} INFO - [2023-01-13T18:49:54.026+0000] {dag.py:2676} INFO - Sync 1 DAGs
[2023-01-13T18:49:54.045+0000] {logging_mixin.py:137} INFO - [2023-01-13T18:49:54.045+0000] {dag.py:3427} INFO - Setting next_dagrun for example_branch_dop_operator_v3 to 2023-01-13T18:48:00+00:00, run_after=2023-01-13T18:49:00+00:00
[2023-01-13T18:49:54.060+0000] {processor.py:175} INFO - Processing /home/airflow/.local/lib/python3.7/site-packages/airflow/example_dags/example_branch_python_dop_operator_3.py took 0.083 seconds
[2023-01-13T18:56:05.312+0000] {processor.py:153} INFO - Started process (PID=74) to work on /home/airflow/.local/lib/python3.7/site-packages/airflow/example_dags/example_branch_python_dop_operator_3.py
[2023-01-13T18:56:05.332+0000] {processor.py:743} INFO - Processing file /home/airflow/.local/lib/python3.7/site-packages/airflow/example_dags/example_branch_python_dop_operator_3.py for tasks to queue
[2023-01-13T18:56:05.368+0000] {logging_mixin.py:137} INFO - [2023-01-13T18:56:05.368+0000] {dagbag.py:538} INFO - Filling up the DagBag from /home/airflow/.local/lib/python3.7/site-packages/airflow/example_dags/example_branch_python_dop_operator_3.py
[2023-01-13T18:56:05.731+0000] {processor.py:753} INFO - DAG(s) dict_keys(['example_branch_dop_operator_v3']) retrieved from /home/airflow/.local/lib/python3.7/site-packages/airflow/example_dags/example_branch_python_dop_operator_3.py
[2023-01-13T18:56:06.112+0000] {logging_mixin.py:137} INFO - [2023-01-13T18:56:06.111+0000] {dag.py:2676} INFO - Sync 1 DAGs
[2023-01-13T18:56:06.420+0000] {logging_mixin.py:137} INFO - [2023-01-13T18:56:06.420+0000] {dag.py:3427} INFO - Setting next_dagrun for example_branch_dop_operator_v3 to 2023-01-13T18:55:00+00:00, run_after=2023-01-13T18:56:00+00:00
[2023-01-13T18:56:06.693+0000] {processor.py:175} INFO - Processing /home/airflow/.local/lib/python3.7/site-packages/airflow/example_dags/example_branch_python_dop_operator_3.py took 1.454 seconds
