[2023-01-13T18:48:17.189+0000] {processor.py:153} INFO - Started process (PID=193) to work on /home/airflow/.local/lib/python3.7/site-packages/airflow/example_dags/example_short_circuit_operator.py
[2023-01-13T18:48:17.193+0000] {processor.py:743} INFO - Processing file /home/airflow/.local/lib/python3.7/site-packages/airflow/example_dags/example_short_circuit_operator.py for tasks to queue
[2023-01-13T18:48:17.199+0000] {logging_mixin.py:137} INFO - [2023-01-13T18:48:17.199+0000] {dagbag.py:538} INFO - Filling up the DagBag from /home/airflow/.local/lib/python3.7/site-packages/airflow/example_dags/example_short_circuit_operator.py
[2023-01-13T18:48:17.262+0000] {processor.py:753} INFO - DAG(s) dict_keys(['example_short_circuit_operator']) retrieved from /home/airflow/.local/lib/python3.7/site-packages/airflow/example_dags/example_short_circuit_operator.py
[2023-01-13T18:48:17.374+0000] {logging_mixin.py:137} INFO - [2023-01-13T18:48:17.373+0000] {dag.py:2676} INFO - Sync 1 DAGs
[2023-01-13T18:48:17.441+0000] {logging_mixin.py:137} INFO - [2023-01-13T18:48:17.441+0000] {dag.py:3427} INFO - Setting next_dagrun for example_short_circuit_operator to 2023-01-12T18:48:17.440945+00:00, run_after=2023-01-13T18:48:17.440945+00:00
[2023-01-13T18:48:17.491+0000] {processor.py:175} INFO - Processing /home/airflow/.local/lib/python3.7/site-packages/airflow/example_dags/example_short_circuit_operator.py took 0.305 seconds
[2023-01-13T18:48:48.052+0000] {processor.py:153} INFO - Started process (PID=406) to work on /home/airflow/.local/lib/python3.7/site-packages/airflow/example_dags/example_short_circuit_operator.py
[2023-01-13T18:48:48.058+0000] {processor.py:743} INFO - Processing file /home/airflow/.local/lib/python3.7/site-packages/airflow/example_dags/example_short_circuit_operator.py for tasks to queue
[2023-01-13T18:48:48.065+0000] {logging_mixin.py:137} INFO - [2023-01-13T18:48:48.065+0000] {dagbag.py:538} INFO - Filling up the DagBag from /home/airflow/.local/lib/python3.7/site-packages/airflow/example_dags/example_short_circuit_operator.py
[2023-01-13T18:48:48.094+0000] {processor.py:753} INFO - DAG(s) dict_keys(['example_short_circuit_operator']) retrieved from /home/airflow/.local/lib/python3.7/site-packages/airflow/example_dags/example_short_circuit_operator.py
[2023-01-13T18:48:48.169+0000] {logging_mixin.py:137} INFO - [2023-01-13T18:48:48.169+0000] {dag.py:2676} INFO - Sync 1 DAGs
[2023-01-13T18:48:48.223+0000] {logging_mixin.py:137} INFO - [2023-01-13T18:48:48.222+0000] {dag.py:3427} INFO - Setting next_dagrun for example_short_circuit_operator to 2023-01-12T18:48:48.222545+00:00, run_after=2023-01-13T18:48:48.222545+00:00
[2023-01-13T18:48:48.281+0000] {processor.py:175} INFO - Processing /home/airflow/.local/lib/python3.7/site-packages/airflow/example_dags/example_short_circuit_operator.py took 0.233 seconds
[2023-01-13T18:49:18.528+0000] {processor.py:153} INFO - Started process (PID=621) to work on /home/airflow/.local/lib/python3.7/site-packages/airflow/example_dags/example_short_circuit_operator.py
[2023-01-13T18:49:18.531+0000] {processor.py:743} INFO - Processing file /home/airflow/.local/lib/python3.7/site-packages/airflow/example_dags/example_short_circuit_operator.py for tasks to queue
[2023-01-13T18:49:18.533+0000] {logging_mixin.py:137} INFO - [2023-01-13T18:49:18.532+0000] {dagbag.py:538} INFO - Filling up the DagBag from /home/airflow/.local/lib/python3.7/site-packages/airflow/example_dags/example_short_circuit_operator.py
[2023-01-13T18:49:18.548+0000] {processor.py:753} INFO - DAG(s) dict_keys(['example_short_circuit_operator']) retrieved from /home/airflow/.local/lib/python3.7/site-packages/airflow/example_dags/example_short_circuit_operator.py
[2023-01-13T18:49:18.574+0000] {logging_mixin.py:137} INFO - [2023-01-13T18:49:18.574+0000] {dag.py:2676} INFO - Sync 1 DAGs
[2023-01-13T18:49:18.599+0000] {logging_mixin.py:137} INFO - [2023-01-13T18:49:18.599+0000] {dag.py:3427} INFO - Setting next_dagrun for example_short_circuit_operator to 2023-01-12T18:49:18.598975+00:00, run_after=2023-01-13T18:49:18.598975+00:00
[2023-01-13T18:49:18.624+0000] {processor.py:175} INFO - Processing /home/airflow/.local/lib/python3.7/site-packages/airflow/example_dags/example_short_circuit_operator.py took 0.098 seconds
[2023-01-13T18:49:49.626+0000] {processor.py:153} INFO - Started process (PID=835) to work on /home/airflow/.local/lib/python3.7/site-packages/airflow/example_dags/example_short_circuit_operator.py
[2023-01-13T18:49:49.628+0000] {processor.py:743} INFO - Processing file /home/airflow/.local/lib/python3.7/site-packages/airflow/example_dags/example_short_circuit_operator.py for tasks to queue
[2023-01-13T18:49:49.630+0000] {logging_mixin.py:137} INFO - [2023-01-13T18:49:49.630+0000] {dagbag.py:538} INFO - Filling up the DagBag from /home/airflow/.local/lib/python3.7/site-packages/airflow/example_dags/example_short_circuit_operator.py
[2023-01-13T18:49:49.646+0000] {processor.py:753} INFO - DAG(s) dict_keys(['example_short_circuit_operator']) retrieved from /home/airflow/.local/lib/python3.7/site-packages/airflow/example_dags/example_short_circuit_operator.py
[2023-01-13T18:49:49.692+0000] {logging_mixin.py:137} INFO - [2023-01-13T18:49:49.692+0000] {dag.py:2676} INFO - Sync 1 DAGs
[2023-01-13T18:49:49.747+0000] {logging_mixin.py:137} INFO - [2023-01-13T18:49:49.747+0000] {dag.py:3427} INFO - Setting next_dagrun for example_short_circuit_operator to 2023-01-12T18:49:49.746538+00:00, run_after=2023-01-13T18:49:49.746538+00:00
[2023-01-13T18:49:49.788+0000] {processor.py:175} INFO - Processing /home/airflow/.local/lib/python3.7/site-packages/airflow/example_dags/example_short_circuit_operator.py took 0.166 seconds
[2023-01-13T18:55:52.324+0000] {processor.py:153} INFO - Started process (PID=48) to work on /home/airflow/.local/lib/python3.7/site-packages/airflow/example_dags/example_short_circuit_operator.py
[2023-01-13T18:55:52.328+0000] {processor.py:743} INFO - Processing file /home/airflow/.local/lib/python3.7/site-packages/airflow/example_dags/example_short_circuit_operator.py for tasks to queue
[2023-01-13T18:55:52.334+0000] {logging_mixin.py:137} INFO - [2023-01-13T18:55:52.334+0000] {dagbag.py:538} INFO - Filling up the DagBag from /home/airflow/.local/lib/python3.7/site-packages/airflow/example_dags/example_short_circuit_operator.py
[2023-01-13T18:55:52.400+0000] {processor.py:753} INFO - DAG(s) dict_keys(['example_short_circuit_operator']) retrieved from /home/airflow/.local/lib/python3.7/site-packages/airflow/example_dags/example_short_circuit_operator.py
[2023-01-13T18:55:52.503+0000] {logging_mixin.py:137} INFO - [2023-01-13T18:55:52.503+0000] {dag.py:2676} INFO - Sync 1 DAGs
[2023-01-13T18:55:52.550+0000] {logging_mixin.py:137} INFO - [2023-01-13T18:55:52.550+0000] {dag.py:3427} INFO - Setting next_dagrun for example_short_circuit_operator to 2023-01-12T18:55:52.549619+00:00, run_after=2023-01-13T18:55:52.549619+00:00
[2023-01-13T18:55:52.592+0000] {processor.py:175} INFO - Processing /home/airflow/.local/lib/python3.7/site-packages/airflow/example_dags/example_short_circuit_operator.py took 0.276 seconds
