[2023-01-13T18:48:18.152+0000] {processor.py:153} INFO - Started process (PID=216) to work on /home/airflow/.local/lib/python3.7/site-packages/airflow/example_dags/example_branch_datetime_operator.py
[2023-01-13T18:48:18.160+0000] {processor.py:743} INFO - Processing file /home/airflow/.local/lib/python3.7/site-packages/airflow/example_dags/example_branch_datetime_operator.py for tasks to queue
[2023-01-13T18:48:18.166+0000] {logging_mixin.py:137} INFO - [2023-01-13T18:48:18.166+0000] {dagbag.py:538} INFO - Filling up the DagBag from /home/airflow/.local/lib/python3.7/site-packages/airflow/example_dags/example_branch_datetime_operator.py
[2023-01-13T18:48:18.523+0000] {processor.py:753} INFO - DAG(s) dict_keys(['example_branch_datetime_operator_2', 'example_branch_datetime_operator', 'example_branch_datetime_operator_3']) retrieved from /home/airflow/.local/lib/python3.7/site-packages/airflow/example_dags/example_branch_datetime_operator.py
[2023-01-13T18:48:18.737+0000] {logging_mixin.py:137} INFO - [2023-01-13T18:48:18.736+0000] {dag.py:2676} INFO - Sync 3 DAGs
[2023-01-13T18:48:18.782+0000] {logging_mixin.py:137} INFO - [2023-01-13T18:48:18.782+0000] {dag.py:3427} INFO - Setting next_dagrun for example_branch_datetime_operator to 2023-01-12T00:00:00+00:00, run_after=2023-01-13T00:00:00+00:00
[2023-01-13T18:48:18.815+0000] {logging_mixin.py:137} INFO - [2023-01-13T18:48:18.815+0000] {dag.py:3427} INFO - Setting next_dagrun for example_branch_datetime_operator_2 to 2023-01-12T00:00:00+00:00, run_after=2023-01-13T00:00:00+00:00
[2023-01-13T18:48:18.832+0000] {logging_mixin.py:137} INFO - [2023-01-13T18:48:18.832+0000] {dag.py:3427} INFO - Setting next_dagrun for example_branch_datetime_operator_3 to 2023-01-12T00:00:00+00:00, run_after=2023-01-13T00:00:00+00:00
[2023-01-13T18:48:18.904+0000] {processor.py:175} INFO - Processing /home/airflow/.local/lib/python3.7/site-packages/airflow/example_dags/example_branch_datetime_operator.py took 0.762 seconds
[2023-01-13T18:48:49.444+0000] {processor.py:153} INFO - Started process (PID=428) to work on /home/airflow/.local/lib/python3.7/site-packages/airflow/example_dags/example_branch_datetime_operator.py
[2023-01-13T18:48:49.448+0000] {processor.py:743} INFO - Processing file /home/airflow/.local/lib/python3.7/site-packages/airflow/example_dags/example_branch_datetime_operator.py for tasks to queue
[2023-01-13T18:48:49.450+0000] {logging_mixin.py:137} INFO - [2023-01-13T18:48:49.450+0000] {dagbag.py:538} INFO - Filling up the DagBag from /home/airflow/.local/lib/python3.7/site-packages/airflow/example_dags/example_branch_datetime_operator.py
[2023-01-13T18:48:49.487+0000] {processor.py:753} INFO - DAG(s) dict_keys(['example_branch_datetime_operator_3', 'example_branch_datetime_operator', 'example_branch_datetime_operator_2']) retrieved from /home/airflow/.local/lib/python3.7/site-packages/airflow/example_dags/example_branch_datetime_operator.py
[2023-01-13T18:48:49.584+0000] {logging_mixin.py:137} INFO - [2023-01-13T18:48:49.584+0000] {dag.py:2676} INFO - Sync 3 DAGs
[2023-01-13T18:48:49.619+0000] {logging_mixin.py:137} INFO - [2023-01-13T18:48:49.619+0000] {dag.py:3427} INFO - Setting next_dagrun for example_branch_datetime_operator to 2023-01-12T00:00:00+00:00, run_after=2023-01-13T00:00:00+00:00
[2023-01-13T18:48:49.624+0000] {logging_mixin.py:137} INFO - [2023-01-13T18:48:49.624+0000] {dag.py:3427} INFO - Setting next_dagrun for example_branch_datetime_operator_2 to 2023-01-12T00:00:00+00:00, run_after=2023-01-13T00:00:00+00:00
[2023-01-13T18:48:49.627+0000] {logging_mixin.py:137} INFO - [2023-01-13T18:48:49.627+0000] {dag.py:3427} INFO - Setting next_dagrun for example_branch_datetime_operator_3 to 2023-01-12T00:00:00+00:00, run_after=2023-01-13T00:00:00+00:00
[2023-01-13T18:48:49.645+0000] {processor.py:175} INFO - Processing /home/airflow/.local/lib/python3.7/site-packages/airflow/example_dags/example_branch_datetime_operator.py took 0.210 seconds
[2023-01-13T18:49:20.840+0000] {processor.py:153} INFO - Started process (PID=644) to work on /home/airflow/.local/lib/python3.7/site-packages/airflow/example_dags/example_branch_datetime_operator.py
[2023-01-13T18:49:20.852+0000] {processor.py:743} INFO - Processing file /home/airflow/.local/lib/python3.7/site-packages/airflow/example_dags/example_branch_datetime_operator.py for tasks to queue
[2023-01-13T18:49:20.864+0000] {logging_mixin.py:137} INFO - [2023-01-13T18:49:20.864+0000] {dagbag.py:538} INFO - Filling up the DagBag from /home/airflow/.local/lib/python3.7/site-packages/airflow/example_dags/example_branch_datetime_operator.py
[2023-01-13T18:49:20.917+0000] {processor.py:753} INFO - DAG(s) dict_keys(['example_branch_datetime_operator_3', 'example_branch_datetime_operator', 'example_branch_datetime_operator_2']) retrieved from /home/airflow/.local/lib/python3.7/site-packages/airflow/example_dags/example_branch_datetime_operator.py
[2023-01-13T18:49:21.060+0000] {logging_mixin.py:137} INFO - [2023-01-13T18:49:21.059+0000] {dag.py:2676} INFO - Sync 3 DAGs
[2023-01-13T18:49:21.176+0000] {logging_mixin.py:137} INFO - [2023-01-13T18:49:21.176+0000] {dag.py:3427} INFO - Setting next_dagrun for example_branch_datetime_operator to 2023-01-12T00:00:00+00:00, run_after=2023-01-13T00:00:00+00:00
[2023-01-13T18:49:21.201+0000] {logging_mixin.py:137} INFO - [2023-01-13T18:49:21.200+0000] {dag.py:3427} INFO - Setting next_dagrun for example_branch_datetime_operator_2 to 2023-01-12T00:00:00+00:00, run_after=2023-01-13T00:00:00+00:00
[2023-01-13T18:49:21.218+0000] {logging_mixin.py:137} INFO - [2023-01-13T18:49:21.218+0000] {dag.py:3427} INFO - Setting next_dagrun for example_branch_datetime_operator_3 to 2023-01-12T00:00:00+00:00, run_after=2023-01-13T00:00:00+00:00
[2023-01-13T18:49:21.291+0000] {processor.py:175} INFO - Processing /home/airflow/.local/lib/python3.7/site-packages/airflow/example_dags/example_branch_datetime_operator.py took 0.458 seconds
[2023-01-13T18:49:52.074+0000] {processor.py:153} INFO - Started process (PID=862) to work on /home/airflow/.local/lib/python3.7/site-packages/airflow/example_dags/example_branch_datetime_operator.py
[2023-01-13T18:49:52.076+0000] {processor.py:743} INFO - Processing file /home/airflow/.local/lib/python3.7/site-packages/airflow/example_dags/example_branch_datetime_operator.py for tasks to queue
[2023-01-13T18:49:52.077+0000] {logging_mixin.py:137} INFO - [2023-01-13T18:49:52.077+0000] {dagbag.py:538} INFO - Filling up the DagBag from /home/airflow/.local/lib/python3.7/site-packages/airflow/example_dags/example_branch_datetime_operator.py
[2023-01-13T18:49:52.108+0000] {processor.py:753} INFO - DAG(s) dict_keys(['example_branch_datetime_operator_3', 'example_branch_datetime_operator', 'example_branch_datetime_operator_2']) retrieved from /home/airflow/.local/lib/python3.7/site-packages/airflow/example_dags/example_branch_datetime_operator.py
[2023-01-13T18:49:52.171+0000] {logging_mixin.py:137} INFO - [2023-01-13T18:49:52.170+0000] {dag.py:2676} INFO - Sync 3 DAGs
[2023-01-13T18:49:52.201+0000] {logging_mixin.py:137} INFO - [2023-01-13T18:49:52.201+0000] {dag.py:3427} INFO - Setting next_dagrun for example_branch_datetime_operator to 2023-01-12T00:00:00+00:00, run_after=2023-01-13T00:00:00+00:00
[2023-01-13T18:49:52.206+0000] {logging_mixin.py:137} INFO - [2023-01-13T18:49:52.206+0000] {dag.py:3427} INFO - Setting next_dagrun for example_branch_datetime_operator_2 to 2023-01-12T00:00:00+00:00, run_after=2023-01-13T00:00:00+00:00
[2023-01-13T18:49:52.211+0000] {logging_mixin.py:137} INFO - [2023-01-13T18:49:52.210+0000] {dag.py:3427} INFO - Setting next_dagrun for example_branch_datetime_operator_3 to 2023-01-12T00:00:00+00:00, run_after=2023-01-13T00:00:00+00:00
[2023-01-13T18:49:52.227+0000] {processor.py:175} INFO - Processing /home/airflow/.local/lib/python3.7/site-packages/airflow/example_dags/example_branch_datetime_operator.py took 0.158 seconds
[2023-01-13T18:55:53.665+0000] {processor.py:153} INFO - Started process (PID=53) to work on /home/airflow/.local/lib/python3.7/site-packages/airflow/example_dags/example_branch_datetime_operator.py
[2023-01-13T18:55:53.671+0000] {processor.py:743} INFO - Processing file /home/airflow/.local/lib/python3.7/site-packages/airflow/example_dags/example_branch_datetime_operator.py for tasks to queue
[2023-01-13T18:55:53.683+0000] {logging_mixin.py:137} INFO - [2023-01-13T18:55:53.681+0000] {dagbag.py:538} INFO - Filling up the DagBag from /home/airflow/.local/lib/python3.7/site-packages/airflow/example_dags/example_branch_datetime_operator.py
[2023-01-13T18:55:53.758+0000] {processor.py:753} INFO - DAG(s) dict_keys(['example_branch_datetime_operator_2', 'example_branch_datetime_operator', 'example_branch_datetime_operator_3']) retrieved from /home/airflow/.local/lib/python3.7/site-packages/airflow/example_dags/example_branch_datetime_operator.py
[2023-01-13T18:55:54.150+0000] {logging_mixin.py:137} INFO - [2023-01-13T18:55:54.079+0000] {dag.py:2676} INFO - Sync 3 DAGs
[2023-01-13T18:55:54.808+0000] {logging_mixin.py:137} INFO - [2023-01-13T18:55:54.806+0000] {dag.py:3427} INFO - Setting next_dagrun for example_branch_datetime_operator to 2023-01-12T00:00:00+00:00, run_after=2023-01-13T00:00:00+00:00
[2023-01-13T18:55:54.830+0000] {logging_mixin.py:137} INFO - [2023-01-13T18:55:54.830+0000] {dag.py:3427} INFO - Setting next_dagrun for example_branch_datetime_operator_2 to 2023-01-12T00:00:00+00:00, run_after=2023-01-13T00:00:00+00:00
[2023-01-13T18:55:54.843+0000] {logging_mixin.py:137} INFO - [2023-01-13T18:55:54.843+0000] {dag.py:3427} INFO - Setting next_dagrun for example_branch_datetime_operator_3 to 2023-01-12T00:00:00+00:00, run_after=2023-01-13T00:00:00+00:00
[2023-01-13T18:55:54.967+0000] {processor.py:175} INFO - Processing /home/airflow/.local/lib/python3.7/site-packages/airflow/example_dags/example_branch_datetime_operator.py took 1.316 seconds
