[2023-01-13T18:48:20.725+0000] {processor.py:153} INFO - Started process (PID=301) to work on /home/airflow/.local/lib/python3.7/site-packages/airflow/example_dags/example_dag_decorator.py
[2023-01-13T18:48:20.727+0000] {processor.py:743} INFO - Processing file /home/airflow/.local/lib/python3.7/site-packages/airflow/example_dags/example_dag_decorator.py for tasks to queue
[2023-01-13T18:48:20.729+0000] {logging_mixin.py:137} INFO - [2023-01-13T18:48:20.729+0000] {dagbag.py:538} INFO - Filling up the DagBag from /home/airflow/.local/lib/python3.7/site-packages/airflow/example_dags/example_dag_decorator.py
[2023-01-13T18:48:20.749+0000] {logging_mixin.py:137} INFO - [2023-01-13T18:48:20.749+0000] {taskmixin.py:205} WARNING - Dependency <Task(_PythonDecoratedOperator): prepare_email>, send_email already registered for DAG: example_dag_decorator
[2023-01-13T18:48:20.750+0000] {logging_mixin.py:137} INFO - [2023-01-13T18:48:20.750+0000] {taskmixin.py:205} WARNING - Dependency <Task(EmailOperator): send_email>, prepare_email already registered for DAG: example_dag_decorator
[2023-01-13T18:48:20.789+0000] {processor.py:753} INFO - DAG(s) dict_keys(['example_dag_decorator']) retrieved from /home/airflow/.local/lib/python3.7/site-packages/airflow/example_dags/example_dag_decorator.py
[2023-01-13T18:48:20.947+0000] {logging_mixin.py:137} INFO - [2023-01-13T18:48:20.946+0000] {dag.py:2676} INFO - Sync 1 DAGs
[2023-01-13T18:48:21.006+0000] {logging_mixin.py:137} INFO - [2023-01-13T18:48:21.006+0000] {dag.py:3427} INFO - Setting next_dagrun for example_dag_decorator to None, run_after=None
[2023-01-13T18:48:21.190+0000] {processor.py:175} INFO - Processing /home/airflow/.local/lib/python3.7/site-packages/airflow/example_dags/example_dag_decorator.py took 0.468 seconds
[2023-01-13T18:48:51.732+0000] {processor.py:153} INFO - Started process (PID=514) to work on /home/airflow/.local/lib/python3.7/site-packages/airflow/example_dags/example_dag_decorator.py
[2023-01-13T18:48:51.734+0000] {processor.py:743} INFO - Processing file /home/airflow/.local/lib/python3.7/site-packages/airflow/example_dags/example_dag_decorator.py for tasks to queue
[2023-01-13T18:48:51.736+0000] {logging_mixin.py:137} INFO - [2023-01-13T18:48:51.736+0000] {dagbag.py:538} INFO - Filling up the DagBag from /home/airflow/.local/lib/python3.7/site-packages/airflow/example_dags/example_dag_decorator.py
[2023-01-13T18:48:51.769+0000] {logging_mixin.py:137} INFO - [2023-01-13T18:48:51.769+0000] {taskmixin.py:205} WARNING - Dependency <Task(_PythonDecoratedOperator): prepare_email>, send_email already registered for DAG: example_dag_decorator
[2023-01-13T18:48:51.771+0000] {logging_mixin.py:137} INFO - [2023-01-13T18:48:51.771+0000] {taskmixin.py:205} WARNING - Dependency <Task(EmailOperator): send_email>, prepare_email already registered for DAG: example_dag_decorator
[2023-01-13T18:48:51.798+0000] {processor.py:753} INFO - DAG(s) dict_keys(['example_dag_decorator']) retrieved from /home/airflow/.local/lib/python3.7/site-packages/airflow/example_dags/example_dag_decorator.py
[2023-01-13T18:48:51.922+0000] {logging_mixin.py:137} INFO - [2023-01-13T18:48:51.922+0000] {dag.py:2676} INFO - Sync 1 DAGs
[2023-01-13T18:48:51.963+0000] {logging_mixin.py:137} INFO - [2023-01-13T18:48:51.963+0000] {dag.py:3427} INFO - Setting next_dagrun for example_dag_decorator to None, run_after=None
[2023-01-13T18:48:51.998+0000] {processor.py:175} INFO - Processing /home/airflow/.local/lib/python3.7/site-packages/airflow/example_dags/example_dag_decorator.py took 0.269 seconds
[2023-01-13T18:49:23.523+0000] {processor.py:153} INFO - Started process (PID=729) to work on /home/airflow/.local/lib/python3.7/site-packages/airflow/example_dags/example_dag_decorator.py
[2023-01-13T18:49:23.527+0000] {processor.py:743} INFO - Processing file /home/airflow/.local/lib/python3.7/site-packages/airflow/example_dags/example_dag_decorator.py for tasks to queue
[2023-01-13T18:49:23.532+0000] {logging_mixin.py:137} INFO - [2023-01-13T18:49:23.531+0000] {dagbag.py:538} INFO - Filling up the DagBag from /home/airflow/.local/lib/python3.7/site-packages/airflow/example_dags/example_dag_decorator.py
[2023-01-13T18:49:23.555+0000] {logging_mixin.py:137} INFO - [2023-01-13T18:49:23.555+0000] {taskmixin.py:205} WARNING - Dependency <Task(_PythonDecoratedOperator): prepare_email>, send_email already registered for DAG: example_dag_decorator
[2023-01-13T18:49:23.557+0000] {logging_mixin.py:137} INFO - [2023-01-13T18:49:23.557+0000] {taskmixin.py:205} WARNING - Dependency <Task(EmailOperator): send_email>, prepare_email already registered for DAG: example_dag_decorator
[2023-01-13T18:49:23.580+0000] {processor.py:753} INFO - DAG(s) dict_keys(['example_dag_decorator']) retrieved from /home/airflow/.local/lib/python3.7/site-packages/airflow/example_dags/example_dag_decorator.py
[2023-01-13T18:49:23.609+0000] {logging_mixin.py:137} INFO - [2023-01-13T18:49:23.609+0000] {dag.py:2676} INFO - Sync 1 DAGs
[2023-01-13T18:49:23.633+0000] {logging_mixin.py:137} INFO - [2023-01-13T18:49:23.633+0000] {dag.py:3427} INFO - Setting next_dagrun for example_dag_decorator to None, run_after=None
[2023-01-13T18:49:23.652+0000] {processor.py:175} INFO - Processing /home/airflow/.local/lib/python3.7/site-packages/airflow/example_dags/example_dag_decorator.py took 0.133 seconds
[2023-01-13T18:49:54.298+0000] {processor.py:153} INFO - Started process (PID=953) to work on /home/airflow/.local/lib/python3.7/site-packages/airflow/example_dags/example_dag_decorator.py
[2023-01-13T18:49:54.300+0000] {processor.py:743} INFO - Processing file /home/airflow/.local/lib/python3.7/site-packages/airflow/example_dags/example_dag_decorator.py for tasks to queue
[2023-01-13T18:49:54.301+0000] {logging_mixin.py:137} INFO - [2023-01-13T18:49:54.301+0000] {dagbag.py:538} INFO - Filling up the DagBag from /home/airflow/.local/lib/python3.7/site-packages/airflow/example_dags/example_dag_decorator.py
[2023-01-13T18:49:54.326+0000] {logging_mixin.py:137} INFO - [2023-01-13T18:49:54.326+0000] {taskmixin.py:205} WARNING - Dependency <Task(_PythonDecoratedOperator): prepare_email>, send_email already registered for DAG: example_dag_decorator
[2023-01-13T18:49:54.327+0000] {logging_mixin.py:137} INFO - [2023-01-13T18:49:54.327+0000] {taskmixin.py:205} WARNING - Dependency <Task(EmailOperator): send_email>, prepare_email already registered for DAG: example_dag_decorator
[2023-01-13T18:49:54.345+0000] {processor.py:753} INFO - DAG(s) dict_keys(['example_dag_decorator']) retrieved from /home/airflow/.local/lib/python3.7/site-packages/airflow/example_dags/example_dag_decorator.py
[2023-01-13T18:49:54.460+0000] {logging_mixin.py:137} INFO - [2023-01-13T18:49:54.459+0000] {dag.py:2676} INFO - Sync 1 DAGs
[2023-01-13T18:49:54.496+0000] {logging_mixin.py:137} INFO - [2023-01-13T18:49:54.496+0000] {dag.py:3427} INFO - Setting next_dagrun for example_dag_decorator to None, run_after=None
[2023-01-13T18:49:54.519+0000] {processor.py:175} INFO - Processing /home/airflow/.local/lib/python3.7/site-packages/airflow/example_dags/example_dag_decorator.py took 0.224 seconds
[2023-01-13T18:56:14.253+0000] {processor.py:153} INFO - Started process (PID=81) to work on /home/airflow/.local/lib/python3.7/site-packages/airflow/example_dags/example_dag_decorator.py
[2023-01-13T18:56:14.258+0000] {processor.py:743} INFO - Processing file /home/airflow/.local/lib/python3.7/site-packages/airflow/example_dags/example_dag_decorator.py for tasks to queue
[2023-01-13T18:56:14.272+0000] {logging_mixin.py:137} INFO - [2023-01-13T18:56:14.271+0000] {dagbag.py:538} INFO - Filling up the DagBag from /home/airflow/.local/lib/python3.7/site-packages/airflow/example_dags/example_dag_decorator.py
[2023-01-13T18:56:14.447+0000] {logging_mixin.py:137} INFO - [2023-01-13T18:56:14.429+0000] {taskmixin.py:205} WARNING - Dependency <Task(_PythonDecoratedOperator): prepare_email>, send_email already registered for DAG: example_dag_decorator
[2023-01-13T18:56:14.458+0000] {logging_mixin.py:137} INFO - [2023-01-13T18:56:14.458+0000] {taskmixin.py:205} WARNING - Dependency <Task(EmailOperator): send_email>, prepare_email already registered for DAG: example_dag_decorator
[2023-01-13T18:56:14.900+0000] {processor.py:753} INFO - DAG(s) dict_keys(['example_dag_decorator']) retrieved from /home/airflow/.local/lib/python3.7/site-packages/airflow/example_dags/example_dag_decorator.py
[2023-01-13T18:56:16.985+0000] {logging_mixin.py:137} INFO - [2023-01-13T18:56:16.965+0000] {dag.py:2676} INFO - Sync 1 DAGs
[2023-01-13T18:56:18.617+0000] {logging_mixin.py:137} INFO - [2023-01-13T18:56:18.613+0000] {dag.py:3427} INFO - Setting next_dagrun for example_dag_decorator to None, run_after=None
[2023-01-13T18:56:19.698+0000] {processor.py:175} INFO - Processing /home/airflow/.local/lib/python3.7/site-packages/airflow/example_dags/example_dag_decorator.py took 5.456 seconds
