[2023-01-13T18:48:22.093+0000] {processor.py:153} INFO - Started process (PID=326) to work on /home/airflow/.local/lib/python3.7/site-packages/airflow/example_dags/example_task_group.py
[2023-01-13T18:48:22.100+0000] {processor.py:743} INFO - Processing file /home/airflow/.local/lib/python3.7/site-packages/airflow/example_dags/example_task_group.py for tasks to queue
[2023-01-13T18:48:22.105+0000] {logging_mixin.py:137} INFO - [2023-01-13T18:48:22.105+0000] {dagbag.py:538} INFO - Filling up the DagBag from /home/airflow/.local/lib/python3.7/site-packages/airflow/example_dags/example_task_group.py
[2023-01-13T18:48:22.218+0000] {processor.py:753} INFO - DAG(s) dict_keys(['example_task_group']) retrieved from /home/airflow/.local/lib/python3.7/site-packages/airflow/example_dags/example_task_group.py
[2023-01-13T18:48:22.339+0000] {logging_mixin.py:137} INFO - [2023-01-13T18:48:22.339+0000] {dag.py:2676} INFO - Sync 1 DAGs
[2023-01-13T18:48:22.393+0000] {logging_mixin.py:137} INFO - [2023-01-13T18:48:22.392+0000] {dag.py:3427} INFO - Setting next_dagrun for example_task_group to 2023-01-12T18:48:22.392042+00:00, run_after=2023-01-13T18:48:22.392042+00:00
[2023-01-13T18:48:22.458+0000] {processor.py:175} INFO - Processing /home/airflow/.local/lib/python3.7/site-packages/airflow/example_dags/example_task_group.py took 0.371 seconds
[2023-01-13T18:48:53.367+0000] {processor.py:153} INFO - Started process (PID=539) to work on /home/airflow/.local/lib/python3.7/site-packages/airflow/example_dags/example_task_group.py
[2023-01-13T18:48:53.370+0000] {processor.py:743} INFO - Processing file /home/airflow/.local/lib/python3.7/site-packages/airflow/example_dags/example_task_group.py for tasks to queue
[2023-01-13T18:48:53.372+0000] {logging_mixin.py:137} INFO - [2023-01-13T18:48:53.372+0000] {dagbag.py:538} INFO - Filling up the DagBag from /home/airflow/.local/lib/python3.7/site-packages/airflow/example_dags/example_task_group.py
[2023-01-13T18:48:53.394+0000] {processor.py:753} INFO - DAG(s) dict_keys(['example_task_group']) retrieved from /home/airflow/.local/lib/python3.7/site-packages/airflow/example_dags/example_task_group.py
[2023-01-13T18:48:53.448+0000] {logging_mixin.py:137} INFO - [2023-01-13T18:48:53.448+0000] {dag.py:2676} INFO - Sync 1 DAGs
[2023-01-13T18:48:53.470+0000] {logging_mixin.py:137} INFO - [2023-01-13T18:48:53.470+0000] {dag.py:3427} INFO - Setting next_dagrun for example_task_group to 2023-01-12T18:48:53.469894+00:00, run_after=2023-01-13T18:48:53.469894+00:00
[2023-01-13T18:48:53.493+0000] {processor.py:175} INFO - Processing /home/airflow/.local/lib/python3.7/site-packages/airflow/example_dags/example_task_group.py took 0.132 seconds
[2023-01-13T18:49:23.953+0000] {processor.py:153} INFO - Started process (PID=754) to work on /home/airflow/.local/lib/python3.7/site-packages/airflow/example_dags/example_task_group.py
[2023-01-13T18:49:23.962+0000] {processor.py:743} INFO - Processing file /home/airflow/.local/lib/python3.7/site-packages/airflow/example_dags/example_task_group.py for tasks to queue
[2023-01-13T18:49:23.966+0000] {logging_mixin.py:137} INFO - [2023-01-13T18:49:23.966+0000] {dagbag.py:538} INFO - Filling up the DagBag from /home/airflow/.local/lib/python3.7/site-packages/airflow/example_dags/example_task_group.py
[2023-01-13T18:49:24.003+0000] {processor.py:753} INFO - DAG(s) dict_keys(['example_task_group']) retrieved from /home/airflow/.local/lib/python3.7/site-packages/airflow/example_dags/example_task_group.py
[2023-01-13T18:49:24.057+0000] {logging_mixin.py:137} INFO - [2023-01-13T18:49:24.057+0000] {dag.py:2676} INFO - Sync 1 DAGs
[2023-01-13T18:49:24.097+0000] {logging_mixin.py:137} INFO - [2023-01-13T18:49:24.097+0000] {dag.py:3427} INFO - Setting next_dagrun for example_task_group to 2023-01-12T18:49:24.097086+00:00, run_after=2023-01-13T18:49:24.097086+00:00
[2023-01-13T18:49:24.131+0000] {processor.py:175} INFO - Processing /home/airflow/.local/lib/python3.7/site-packages/airflow/example_dags/example_task_group.py took 0.182 seconds
[2023-01-13T18:49:55.315+0000] {processor.py:153} INFO - Started process (PID=980) to work on /home/airflow/.local/lib/python3.7/site-packages/airflow/example_dags/example_task_group.py
[2023-01-13T18:49:55.328+0000] {processor.py:743} INFO - Processing file /home/airflow/.local/lib/python3.7/site-packages/airflow/example_dags/example_task_group.py for tasks to queue
[2023-01-13T18:49:55.331+0000] {logging_mixin.py:137} INFO - [2023-01-13T18:49:55.331+0000] {dagbag.py:538} INFO - Filling up the DagBag from /home/airflow/.local/lib/python3.7/site-packages/airflow/example_dags/example_task_group.py
[2023-01-13T18:49:55.354+0000] {processor.py:753} INFO - DAG(s) dict_keys(['example_task_group']) retrieved from /home/airflow/.local/lib/python3.7/site-packages/airflow/example_dags/example_task_group.py
[2023-01-13T18:49:55.452+0000] {logging_mixin.py:137} INFO - [2023-01-13T18:49:55.452+0000] {dag.py:2676} INFO - Sync 1 DAGs
[2023-01-13T18:49:55.505+0000] {logging_mixin.py:137} INFO - [2023-01-13T18:49:55.505+0000] {dag.py:3427} INFO - Setting next_dagrun for example_task_group to 2023-01-12T18:49:55.504916+00:00, run_after=2023-01-13T18:49:55.504916+00:00
[2023-01-13T18:49:55.544+0000] {processor.py:175} INFO - Processing /home/airflow/.local/lib/python3.7/site-packages/airflow/example_dags/example_task_group.py took 0.233 seconds
[2023-01-13T18:57:05.759+0000] {processor.py:153} INFO - Started process (PID=111) to work on /home/airflow/.local/lib/python3.7/site-packages/airflow/example_dags/example_task_group.py
[2023-01-13T18:57:05.822+0000] {processor.py:743} INFO - Processing file /home/airflow/.local/lib/python3.7/site-packages/airflow/example_dags/example_task_group.py for tasks to queue
[2023-01-13T18:57:05.944+0000] {logging_mixin.py:137} INFO - [2023-01-13T18:57:05.931+0000] {dagbag.py:538} INFO - Filling up the DagBag from /home/airflow/.local/lib/python3.7/site-packages/airflow/example_dags/example_task_group.py
[2023-01-13T18:57:08.506+0000] {processor.py:753} INFO - DAG(s) dict_keys(['example_task_group']) retrieved from /home/airflow/.local/lib/python3.7/site-packages/airflow/example_dags/example_task_group.py
[2023-01-13T18:57:43.318+0000] {logging_mixin.py:137} INFO - [2023-01-13T18:57:43.281+0000] {dag.py:2676} INFO - Sync 1 DAGs
