[2023-01-13T18:48:16.002+0000] {processor.py:153} INFO - Started process (PID=177) to work on /home/airflow/.local/lib/python3.7/site-packages/airflow/example_dags/example_sla_dag.py
[2023-01-13T18:48:16.030+0000] {processor.py:743} INFO - Processing file /home/airflow/.local/lib/python3.7/site-packages/airflow/example_dags/example_sla_dag.py for tasks to queue
[2023-01-13T18:48:16.033+0000] {logging_mixin.py:137} INFO - [2023-01-13T18:48:16.033+0000] {dagbag.py:538} INFO - Filling up the DagBag from /home/airflow/.local/lib/python3.7/site-packages/airflow/example_dags/example_sla_dag.py
[2023-01-13T18:48:16.134+0000] {processor.py:753} INFO - DAG(s) dict_keys(['example_sla_dag']) retrieved from /home/airflow/.local/lib/python3.7/site-packages/airflow/example_dags/example_sla_dag.py
[2023-01-13T18:48:16.275+0000] {logging_mixin.py:137} INFO - [2023-01-13T18:48:16.275+0000] {dag.py:2676} INFO - Sync 1 DAGs
[2023-01-13T18:48:16.353+0000] {logging_mixin.py:137} INFO - [2023-01-13T18:48:16.353+0000] {dag.py:3427} INFO - Setting next_dagrun for example_sla_dag to 2023-01-13T18:46:00+00:00, run_after=2023-01-13T18:48:00+00:00
[2023-01-13T18:48:16.443+0000] {processor.py:175} INFO - Processing /home/airflow/.local/lib/python3.7/site-packages/airflow/example_dags/example_sla_dag.py took 0.461 seconds
[2023-01-13T18:48:47.435+0000] {processor.py:153} INFO - Started process (PID=391) to work on /home/airflow/.local/lib/python3.7/site-packages/airflow/example_dags/example_sla_dag.py
[2023-01-13T18:48:47.442+0000] {processor.py:743} INFO - Processing file /home/airflow/.local/lib/python3.7/site-packages/airflow/example_dags/example_sla_dag.py for tasks to queue
[2023-01-13T18:48:47.444+0000] {logging_mixin.py:137} INFO - [2023-01-13T18:48:47.443+0000] {dagbag.py:538} INFO - Filling up the DagBag from /home/airflow/.local/lib/python3.7/site-packages/airflow/example_dags/example_sla_dag.py
[2023-01-13T18:48:47.532+0000] {processor.py:753} INFO - DAG(s) dict_keys(['example_sla_dag']) retrieved from /home/airflow/.local/lib/python3.7/site-packages/airflow/example_dags/example_sla_dag.py
[2023-01-13T18:48:47.659+0000] {logging_mixin.py:137} INFO - [2023-01-13T18:48:47.659+0000] {dag.py:2676} INFO - Sync 1 DAGs
[2023-01-13T18:48:47.714+0000] {logging_mixin.py:137} INFO - [2023-01-13T18:48:47.714+0000] {dag.py:3427} INFO - Setting next_dagrun for example_sla_dag to 2023-01-13T18:46:00+00:00, run_after=2023-01-13T18:48:00+00:00
[2023-01-13T18:48:47.748+0000] {processor.py:175} INFO - Processing /home/airflow/.local/lib/python3.7/site-packages/airflow/example_dags/example_sla_dag.py took 0.322 seconds
[2023-01-13T18:49:18.219+0000] {processor.py:153} INFO - Started process (PID=606) to work on /home/airflow/.local/lib/python3.7/site-packages/airflow/example_dags/example_sla_dag.py
[2023-01-13T18:49:18.223+0000] {processor.py:743} INFO - Processing file /home/airflow/.local/lib/python3.7/site-packages/airflow/example_dags/example_sla_dag.py for tasks to queue
[2023-01-13T18:49:18.225+0000] {logging_mixin.py:137} INFO - [2023-01-13T18:49:18.225+0000] {dagbag.py:538} INFO - Filling up the DagBag from /home/airflow/.local/lib/python3.7/site-packages/airflow/example_dags/example_sla_dag.py
[2023-01-13T18:49:18.260+0000] {processor.py:753} INFO - DAG(s) dict_keys(['example_sla_dag']) retrieved from /home/airflow/.local/lib/python3.7/site-packages/airflow/example_dags/example_sla_dag.py
[2023-01-13T18:49:18.307+0000] {logging_mixin.py:137} INFO - [2023-01-13T18:49:18.306+0000] {dag.py:2676} INFO - Sync 1 DAGs
[2023-01-13T18:49:18.343+0000] {logging_mixin.py:137} INFO - [2023-01-13T18:49:18.343+0000] {dag.py:3427} INFO - Setting next_dagrun for example_sla_dag to 2023-01-13T18:46:00+00:00, run_after=2023-01-13T18:48:00+00:00
[2023-01-13T18:49:18.360+0000] {processor.py:175} INFO - Processing /home/airflow/.local/lib/python3.7/site-packages/airflow/example_dags/example_sla_dag.py took 0.146 seconds
[2023-01-13T18:49:49.034+0000] {processor.py:153} INFO - Started process (PID=822) to work on /home/airflow/.local/lib/python3.7/site-packages/airflow/example_dags/example_sla_dag.py
[2023-01-13T18:49:49.040+0000] {processor.py:743} INFO - Processing file /home/airflow/.local/lib/python3.7/site-packages/airflow/example_dags/example_sla_dag.py for tasks to queue
[2023-01-13T18:49:49.046+0000] {logging_mixin.py:137} INFO - [2023-01-13T18:49:49.046+0000] {dagbag.py:538} INFO - Filling up the DagBag from /home/airflow/.local/lib/python3.7/site-packages/airflow/example_dags/example_sla_dag.py
[2023-01-13T18:49:49.120+0000] {processor.py:753} INFO - DAG(s) dict_keys(['example_sla_dag']) retrieved from /home/airflow/.local/lib/python3.7/site-packages/airflow/example_dags/example_sla_dag.py
[2023-01-13T18:49:49.422+0000] {logging_mixin.py:137} INFO - [2023-01-13T18:49:49.421+0000] {dag.py:2676} INFO - Sync 1 DAGs
[2023-01-13T18:49:49.508+0000] {logging_mixin.py:137} INFO - [2023-01-13T18:49:49.508+0000] {dag.py:3427} INFO - Setting next_dagrun for example_sla_dag to 2023-01-13T18:46:00+00:00, run_after=2023-01-13T18:48:00+00:00
[2023-01-13T18:49:49.535+0000] {processor.py:175} INFO - Processing /home/airflow/.local/lib/python3.7/site-packages/airflow/example_dags/example_sla_dag.py took 0.515 seconds
[2023-01-13T18:55:51.759+0000] {processor.py:153} INFO - Started process (PID=45) to work on /home/airflow/.local/lib/python3.7/site-packages/airflow/example_dags/example_sla_dag.py
[2023-01-13T18:55:51.770+0000] {processor.py:743} INFO - Processing file /home/airflow/.local/lib/python3.7/site-packages/airflow/example_dags/example_sla_dag.py for tasks to queue
[2023-01-13T18:55:51.772+0000] {logging_mixin.py:137} INFO - [2023-01-13T18:55:51.772+0000] {dagbag.py:538} INFO - Filling up the DagBag from /home/airflow/.local/lib/python3.7/site-packages/airflow/example_dags/example_sla_dag.py
[2023-01-13T18:55:51.836+0000] {processor.py:753} INFO - DAG(s) dict_keys(['example_sla_dag']) retrieved from /home/airflow/.local/lib/python3.7/site-packages/airflow/example_dags/example_sla_dag.py
[2023-01-13T18:55:51.896+0000] {logging_mixin.py:137} INFO - [2023-01-13T18:55:51.896+0000] {dag.py:2676} INFO - Sync 1 DAGs
[2023-01-13T18:55:51.955+0000] {logging_mixin.py:137} INFO - [2023-01-13T18:55:51.955+0000] {dag.py:3427} INFO - Setting next_dagrun for example_sla_dag to 2023-01-13T18:52:00+00:00, run_after=2023-01-13T18:54:00+00:00
[2023-01-13T18:55:51.991+0000] {processor.py:175} INFO - Processing /home/airflow/.local/lib/python3.7/site-packages/airflow/example_dags/example_sla_dag.py took 0.236 seconds
