[2023-01-13T18:48:21.406+0000] {processor.py:153} INFO - Started process (PID=306) to work on /home/airflow/.local/lib/python3.7/site-packages/airflow/example_dags/example_subdag_operator.py
[2023-01-13T18:48:21.417+0000] {processor.py:743} INFO - Processing file /home/airflow/.local/lib/python3.7/site-packages/airflow/example_dags/example_subdag_operator.py for tasks to queue
[2023-01-13T18:48:21.426+0000] {logging_mixin.py:137} INFO - [2023-01-13T18:48:21.424+0000] {dagbag.py:538} INFO - Filling up the DagBag from /home/airflow/.local/lib/python3.7/site-packages/airflow/example_dags/example_subdag_operator.py
[2023-01-13T18:48:21.525+0000] {processor.py:753} INFO - DAG(s) dict_keys(['example_subdag_operator.section-1', 'example_subdag_operator.section-2', 'example_subdag_operator']) retrieved from /home/airflow/.local/lib/python3.7/site-packages/airflow/example_dags/example_subdag_operator.py
[2023-01-13T18:48:21.577+0000] {logging_mixin.py:137} INFO - [2023-01-13T18:48:21.576+0000] {dag.py:2676} INFO - Sync 3 DAGs
[2023-01-13T18:48:21.611+0000] {logging_mixin.py:137} INFO - [2023-01-13T18:48:21.611+0000] {dag.py:3427} INFO - Setting next_dagrun for example_subdag_operator to 2022-01-01T00:00:00+00:00, run_after=2022-01-01T00:00:00+00:00
[2023-01-13T18:48:21.626+0000] {logging_mixin.py:137} INFO - [2023-01-13T18:48:21.626+0000] {dag.py:3427} INFO - Setting next_dagrun for example_subdag_operator.section-1 to None, run_after=None
[2023-01-13T18:48:21.629+0000] {logging_mixin.py:137} INFO - [2023-01-13T18:48:21.629+0000] {dag.py:3427} INFO - Setting next_dagrun for example_subdag_operator.section-2 to None, run_after=None
[2023-01-13T18:48:21.640+0000] {logging_mixin.py:137} INFO - [2023-01-13T18:48:21.640+0000] {dag.py:2676} INFO - Sync 2 DAGs
[2023-01-13T18:48:21.647+0000] {logging_mixin.py:137} INFO - [2023-01-13T18:48:21.647+0000] {dag.py:3427} INFO - Setting next_dagrun for example_subdag_operator.section-1 to None, run_after=None
[2023-01-13T18:48:21.649+0000] {logging_mixin.py:137} INFO - [2023-01-13T18:48:21.649+0000] {dag.py:3427} INFO - Setting next_dagrun for example_subdag_operator.section-2 to None, run_after=None
[2023-01-13T18:48:21.666+0000] {processor.py:175} INFO - Processing /home/airflow/.local/lib/python3.7/site-packages/airflow/example_dags/example_subdag_operator.py took 0.279 seconds
[2023-01-13T18:48:52.001+0000] {processor.py:153} INFO - Started process (PID=519) to work on /home/airflow/.local/lib/python3.7/site-packages/airflow/example_dags/example_subdag_operator.py
[2023-01-13T18:48:52.011+0000] {processor.py:743} INFO - Processing file /home/airflow/.local/lib/python3.7/site-packages/airflow/example_dags/example_subdag_operator.py for tasks to queue
[2023-01-13T18:48:52.013+0000] {logging_mixin.py:137} INFO - [2023-01-13T18:48:52.013+0000] {dagbag.py:538} INFO - Filling up the DagBag from /home/airflow/.local/lib/python3.7/site-packages/airflow/example_dags/example_subdag_operator.py
[2023-01-13T18:48:52.103+0000] {processor.py:753} INFO - DAG(s) dict_keys(['example_subdag_operator.section-1', 'example_subdag_operator.section-2', 'example_subdag_operator']) retrieved from /home/airflow/.local/lib/python3.7/site-packages/airflow/example_dags/example_subdag_operator.py
[2023-01-13T18:48:52.135+0000] {logging_mixin.py:137} INFO - [2023-01-13T18:48:52.135+0000] {dag.py:2676} INFO - Sync 3 DAGs
[2023-01-13T18:48:52.170+0000] {logging_mixin.py:137} INFO - [2023-01-13T18:48:52.170+0000] {dag.py:3427} INFO - Setting next_dagrun for example_subdag_operator to 2022-01-01T00:00:00+00:00, run_after=2022-01-01T00:00:00+00:00
[2023-01-13T18:48:52.177+0000] {logging_mixin.py:137} INFO - [2023-01-13T18:48:52.177+0000] {dag.py:3427} INFO - Setting next_dagrun for example_subdag_operator.section-1 to None, run_after=None
[2023-01-13T18:48:52.193+0000] {logging_mixin.py:137} INFO - [2023-01-13T18:48:52.193+0000] {dag.py:3427} INFO - Setting next_dagrun for example_subdag_operator.section-2 to None, run_after=None
[2023-01-13T18:48:52.217+0000] {logging_mixin.py:137} INFO - [2023-01-13T18:48:52.217+0000] {dag.py:2676} INFO - Sync 2 DAGs
[2023-01-13T18:48:52.252+0000] {logging_mixin.py:137} INFO - [2023-01-13T18:48:52.252+0000] {dag.py:3427} INFO - Setting next_dagrun for example_subdag_operator.section-1 to None, run_after=None
[2023-01-13T18:48:52.254+0000] {logging_mixin.py:137} INFO - [2023-01-13T18:48:52.254+0000] {dag.py:3427} INFO - Setting next_dagrun for example_subdag_operator.section-2 to None, run_after=None
[2023-01-13T18:48:52.266+0000] {processor.py:175} INFO - Processing /home/airflow/.local/lib/python3.7/site-packages/airflow/example_dags/example_subdag_operator.py took 0.270 seconds
[2023-01-13T18:49:23.574+0000] {processor.py:153} INFO - Started process (PID=734) to work on /home/airflow/.local/lib/python3.7/site-packages/airflow/example_dags/example_subdag_operator.py
[2023-01-13T18:49:23.576+0000] {processor.py:743} INFO - Processing file /home/airflow/.local/lib/python3.7/site-packages/airflow/example_dags/example_subdag_operator.py for tasks to queue
[2023-01-13T18:49:23.582+0000] {logging_mixin.py:137} INFO - [2023-01-13T18:49:23.582+0000] {dagbag.py:538} INFO - Filling up the DagBag from /home/airflow/.local/lib/python3.7/site-packages/airflow/example_dags/example_subdag_operator.py
[2023-01-13T18:49:23.629+0000] {processor.py:753} INFO - DAG(s) dict_keys(['example_subdag_operator.section-1', 'example_subdag_operator.section-2', 'example_subdag_operator']) retrieved from /home/airflow/.local/lib/python3.7/site-packages/airflow/example_dags/example_subdag_operator.py
[2023-01-13T18:49:23.648+0000] {logging_mixin.py:137} INFO - [2023-01-13T18:49:23.648+0000] {dag.py:2676} INFO - Sync 3 DAGs
[2023-01-13T18:49:23.676+0000] {logging_mixin.py:137} INFO - [2023-01-13T18:49:23.676+0000] {dag.py:3427} INFO - Setting next_dagrun for example_subdag_operator to 2022-01-01T00:00:00+00:00, run_after=2022-01-01T00:00:00+00:00
[2023-01-13T18:49:23.681+0000] {logging_mixin.py:137} INFO - [2023-01-13T18:49:23.681+0000] {dag.py:3427} INFO - Setting next_dagrun for example_subdag_operator.section-1 to None, run_after=None
[2023-01-13T18:49:23.684+0000] {logging_mixin.py:137} INFO - [2023-01-13T18:49:23.684+0000] {dag.py:3427} INFO - Setting next_dagrun for example_subdag_operator.section-2 to None, run_after=None
[2023-01-13T18:49:23.694+0000] {logging_mixin.py:137} INFO - [2023-01-13T18:49:23.694+0000] {dag.py:2676} INFO - Sync 2 DAGs
[2023-01-13T18:49:23.708+0000] {logging_mixin.py:137} INFO - [2023-01-13T18:49:23.707+0000] {dag.py:3427} INFO - Setting next_dagrun for example_subdag_operator.section-1 to None, run_after=None
[2023-01-13T18:49:23.711+0000] {logging_mixin.py:137} INFO - [2023-01-13T18:49:23.711+0000] {dag.py:3427} INFO - Setting next_dagrun for example_subdag_operator.section-2 to None, run_after=None
[2023-01-13T18:49:23.728+0000] {processor.py:175} INFO - Processing /home/airflow/.local/lib/python3.7/site-packages/airflow/example_dags/example_subdag_operator.py took 0.158 seconds
[2023-01-13T18:49:54.559+0000] {processor.py:153} INFO - Started process (PID=962) to work on /home/airflow/.local/lib/python3.7/site-packages/airflow/example_dags/example_subdag_operator.py
[2023-01-13T18:49:54.563+0000] {processor.py:743} INFO - Processing file /home/airflow/.local/lib/python3.7/site-packages/airflow/example_dags/example_subdag_operator.py for tasks to queue
[2023-01-13T18:49:54.565+0000] {logging_mixin.py:137} INFO - [2023-01-13T18:49:54.565+0000] {dagbag.py:538} INFO - Filling up the DagBag from /home/airflow/.local/lib/python3.7/site-packages/airflow/example_dags/example_subdag_operator.py
[2023-01-13T18:49:54.656+0000] {processor.py:753} INFO - DAG(s) dict_keys(['example_subdag_operator.section-1', 'example_subdag_operator.section-2', 'example_subdag_operator']) retrieved from /home/airflow/.local/lib/python3.7/site-packages/airflow/example_dags/example_subdag_operator.py
[2023-01-13T18:49:54.712+0000] {logging_mixin.py:137} INFO - [2023-01-13T18:49:54.712+0000] {dag.py:2676} INFO - Sync 3 DAGs
[2023-01-13T18:49:54.757+0000] {logging_mixin.py:137} INFO - [2023-01-13T18:49:54.757+0000] {dag.py:3427} INFO - Setting next_dagrun for example_subdag_operator to 2022-01-01T00:00:00+00:00, run_after=2022-01-01T00:00:00+00:00
[2023-01-13T18:49:54.783+0000] {logging_mixin.py:137} INFO - [2023-01-13T18:49:54.783+0000] {dag.py:3427} INFO - Setting next_dagrun for example_subdag_operator.section-1 to None, run_after=None
[2023-01-13T18:49:54.789+0000] {logging_mixin.py:137} INFO - [2023-01-13T18:49:54.789+0000] {dag.py:3427} INFO - Setting next_dagrun for example_subdag_operator.section-2 to None, run_after=None
[2023-01-13T18:49:54.806+0000] {logging_mixin.py:137} INFO - [2023-01-13T18:49:54.806+0000] {dag.py:2676} INFO - Sync 2 DAGs
[2023-01-13T18:49:54.832+0000] {logging_mixin.py:137} INFO - [2023-01-13T18:49:54.832+0000] {dag.py:3427} INFO - Setting next_dagrun for example_subdag_operator.section-1 to None, run_after=None
[2023-01-13T18:49:54.834+0000] {logging_mixin.py:137} INFO - [2023-01-13T18:49:54.834+0000] {dag.py:3427} INFO - Setting next_dagrun for example_subdag_operator.section-2 to None, run_after=None
[2023-01-13T18:49:54.855+0000] {processor.py:175} INFO - Processing /home/airflow/.local/lib/python3.7/site-packages/airflow/example_dags/example_subdag_operator.py took 0.301 seconds
[2023-01-13T18:56:17.104+0000] {processor.py:153} INFO - Started process (PID=82) to work on /home/airflow/.local/lib/python3.7/site-packages/airflow/example_dags/example_subdag_operator.py
[2023-01-13T18:56:17.178+0000] {processor.py:743} INFO - Processing file /home/airflow/.local/lib/python3.7/site-packages/airflow/example_dags/example_subdag_operator.py for tasks to queue
[2023-01-13T18:56:17.262+0000] {logging_mixin.py:137} INFO - [2023-01-13T18:56:17.225+0000] {dagbag.py:538} INFO - Filling up the DagBag from /home/airflow/.local/lib/python3.7/site-packages/airflow/example_dags/example_subdag_operator.py
[2023-01-13T18:56:19.722+0000] {processor.py:753} INFO - DAG(s) dict_keys(['example_subdag_operator.section-1', 'example_subdag_operator.section-2', 'example_subdag_operator']) retrieved from /home/airflow/.local/lib/python3.7/site-packages/airflow/example_dags/example_subdag_operator.py
[2023-01-13T18:56:21.395+0000] {logging_mixin.py:137} INFO - [2023-01-13T18:56:21.381+0000] {dag.py:2676} INFO - Sync 3 DAGs
[2023-01-13T18:56:23.178+0000] {logging_mixin.py:137} INFO - [2023-01-13T18:56:23.123+0000] {dag.py:3427} INFO - Setting next_dagrun for example_subdag_operator to 2022-01-01T00:00:00+00:00, run_after=2022-01-01T00:00:00+00:00
[2023-01-13T18:56:23.347+0000] {logging_mixin.py:137} INFO - [2023-01-13T18:56:23.347+0000] {dag.py:3427} INFO - Setting next_dagrun for example_subdag_operator.section-1 to None, run_after=None
[2023-01-13T18:56:23.365+0000] {logging_mixin.py:137} INFO - [2023-01-13T18:56:23.365+0000] {dag.py:3427} INFO - Setting next_dagrun for example_subdag_operator.section-2 to None, run_after=None
[2023-01-13T18:56:24.178+0000] {logging_mixin.py:137} INFO - [2023-01-13T18:56:24.146+0000] {dag.py:2676} INFO - Sync 2 DAGs
[2023-01-13T18:56:24.583+0000] {logging_mixin.py:137} INFO - [2023-01-13T18:56:24.570+0000] {dag.py:3427} INFO - Setting next_dagrun for example_subdag_operator.section-1 to None, run_after=None
[2023-01-13T18:56:24.615+0000] {logging_mixin.py:137} INFO - [2023-01-13T18:56:24.614+0000] {dag.py:3427} INFO - Setting next_dagrun for example_subdag_operator.section-2 to None, run_after=None
[2023-01-13T18:56:25.006+0000] {processor.py:175} INFO - Processing /home/airflow/.local/lib/python3.7/site-packages/airflow/example_dags/example_subdag_operator.py took 8.066 seconds
