[2023-01-13T18:48:21.745+0000] {processor.py:153} INFO - Started process (PID=318) to work on /home/airflow/.local/lib/python3.7/site-packages/airflow/example_dags/example_bash_operator.py
[2023-01-13T18:48:21.749+0000] {processor.py:743} INFO - Processing file /home/airflow/.local/lib/python3.7/site-packages/airflow/example_dags/example_bash_operator.py for tasks to queue
[2023-01-13T18:48:21.757+0000] {logging_mixin.py:137} INFO - [2023-01-13T18:48:21.757+0000] {dagbag.py:538} INFO - Filling up the DagBag from /home/airflow/.local/lib/python3.7/site-packages/airflow/example_dags/example_bash_operator.py
[2023-01-13T18:48:21.803+0000] {processor.py:753} INFO - DAG(s) dict_keys(['example_bash_operator']) retrieved from /home/airflow/.local/lib/python3.7/site-packages/airflow/example_dags/example_bash_operator.py
[2023-01-13T18:48:21.864+0000] {logging_mixin.py:137} INFO - [2023-01-13T18:48:21.864+0000] {dag.py:2676} INFO - Sync 1 DAGs
[2023-01-13T18:48:21.911+0000] {logging_mixin.py:137} INFO - [2023-01-13T18:48:21.911+0000] {dag.py:3427} INFO - Setting next_dagrun for example_bash_operator to 2023-01-12T00:00:00+00:00, run_after=2023-01-13T00:00:00+00:00
[2023-01-13T18:48:21.939+0000] {processor.py:175} INFO - Processing /home/airflow/.local/lib/python3.7/site-packages/airflow/example_dags/example_bash_operator.py took 0.198 seconds
[2023-01-13T18:48:52.320+0000] {processor.py:153} INFO - Started process (PID=531) to work on /home/airflow/.local/lib/python3.7/site-packages/airflow/example_dags/example_bash_operator.py
[2023-01-13T18:48:52.322+0000] {processor.py:743} INFO - Processing file /home/airflow/.local/lib/python3.7/site-packages/airflow/example_dags/example_bash_operator.py for tasks to queue
[2023-01-13T18:48:52.323+0000] {logging_mixin.py:137} INFO - [2023-01-13T18:48:52.323+0000] {dagbag.py:538} INFO - Filling up the DagBag from /home/airflow/.local/lib/python3.7/site-packages/airflow/example_dags/example_bash_operator.py
[2023-01-13T18:48:52.341+0000] {processor.py:753} INFO - DAG(s) dict_keys(['example_bash_operator']) retrieved from /home/airflow/.local/lib/python3.7/site-packages/airflow/example_dags/example_bash_operator.py
[2023-01-13T18:48:52.391+0000] {logging_mixin.py:137} INFO - [2023-01-13T18:48:52.391+0000] {dag.py:2676} INFO - Sync 1 DAGs
[2023-01-13T18:48:52.408+0000] {logging_mixin.py:137} INFO - [2023-01-13T18:48:52.408+0000] {dag.py:3427} INFO - Setting next_dagrun for example_bash_operator to 2023-01-12T00:00:00+00:00, run_after=2023-01-13T00:00:00+00:00
[2023-01-13T18:48:52.419+0000] {processor.py:175} INFO - Processing /home/airflow/.local/lib/python3.7/site-packages/airflow/example_dags/example_bash_operator.py took 0.102 seconds
[2023-01-13T18:49:23.772+0000] {processor.py:153} INFO - Started process (PID=744) to work on /home/airflow/.local/lib/python3.7/site-packages/airflow/example_dags/example_bash_operator.py
[2023-01-13T18:49:23.774+0000] {processor.py:743} INFO - Processing file /home/airflow/.local/lib/python3.7/site-packages/airflow/example_dags/example_bash_operator.py for tasks to queue
[2023-01-13T18:49:23.775+0000] {logging_mixin.py:137} INFO - [2023-01-13T18:49:23.775+0000] {dagbag.py:538} INFO - Filling up the DagBag from /home/airflow/.local/lib/python3.7/site-packages/airflow/example_dags/example_bash_operator.py
[2023-01-13T18:49:23.797+0000] {processor.py:753} INFO - DAG(s) dict_keys(['example_bash_operator']) retrieved from /home/airflow/.local/lib/python3.7/site-packages/airflow/example_dags/example_bash_operator.py
[2023-01-13T18:49:23.829+0000] {logging_mixin.py:137} INFO - [2023-01-13T18:49:23.829+0000] {dag.py:2676} INFO - Sync 1 DAGs
[2023-01-13T18:49:23.865+0000] {logging_mixin.py:137} INFO - [2023-01-13T18:49:23.864+0000] {dag.py:3427} INFO - Setting next_dagrun for example_bash_operator to 2023-01-12T00:00:00+00:00, run_after=2023-01-13T00:00:00+00:00
[2023-01-13T18:49:23.888+0000] {processor.py:175} INFO - Processing /home/airflow/.local/lib/python3.7/site-packages/airflow/example_dags/example_bash_operator.py took 0.119 seconds
[2023-01-13T18:49:54.983+0000] {processor.py:153} INFO - Started process (PID=972) to work on /home/airflow/.local/lib/python3.7/site-packages/airflow/example_dags/example_bash_operator.py
[2023-01-13T18:49:55.005+0000] {processor.py:743} INFO - Processing file /home/airflow/.local/lib/python3.7/site-packages/airflow/example_dags/example_bash_operator.py for tasks to queue
[2023-01-13T18:49:55.009+0000] {logging_mixin.py:137} INFO - [2023-01-13T18:49:55.009+0000] {dagbag.py:538} INFO - Filling up the DagBag from /home/airflow/.local/lib/python3.7/site-packages/airflow/example_dags/example_bash_operator.py
[2023-01-13T18:49:55.066+0000] {processor.py:753} INFO - DAG(s) dict_keys(['example_bash_operator']) retrieved from /home/airflow/.local/lib/python3.7/site-packages/airflow/example_dags/example_bash_operator.py
[2023-01-13T18:49:55.180+0000] {logging_mixin.py:137} INFO - [2023-01-13T18:49:55.179+0000] {dag.py:2676} INFO - Sync 1 DAGs
[2023-01-13T18:49:55.216+0000] {logging_mixin.py:137} INFO - [2023-01-13T18:49:55.216+0000] {dag.py:3427} INFO - Setting next_dagrun for example_bash_operator to 2023-01-12T00:00:00+00:00, run_after=2023-01-13T00:00:00+00:00
[2023-01-13T18:49:55.238+0000] {processor.py:175} INFO - Processing /home/airflow/.local/lib/python3.7/site-packages/airflow/example_dags/example_bash_operator.py took 0.270 seconds
[2023-01-13T18:56:33.885+0000] {processor.py:153} INFO - Started process (PID=93) to work on /home/airflow/.local/lib/python3.7/site-packages/airflow/example_dags/example_bash_operator.py
[2023-01-13T18:56:36.805+0000] {processor.py:743} INFO - Processing file /home/airflow/.local/lib/python3.7/site-packages/airflow/example_dags/example_bash_operator.py for tasks to queue
[2023-01-13T18:56:37.469+0000] {logging_mixin.py:137} INFO - [2023-01-13T18:56:37.437+0000] {dagbag.py:538} INFO - Filling up the DagBag from /home/airflow/.local/lib/python3.7/site-packages/airflow/example_dags/example_bash_operator.py
[2023-01-13T18:56:46.696+0000] {processor.py:753} INFO - DAG(s) dict_keys(['example_bash_operator']) retrieved from /home/airflow/.local/lib/python3.7/site-packages/airflow/example_dags/example_bash_operator.py
[2023-01-13T18:56:52.505+0000] {logging_mixin.py:137} INFO - [2023-01-13T18:56:52.368+0000] {dag.py:2676} INFO - Sync 1 DAGs
[2023-01-13T18:56:55.018+0000] {logging_mixin.py:137} INFO - [2023-01-13T18:56:54.924+0000] {dag.py:3427} INFO - Setting next_dagrun for example_bash_operator to 2023-01-12T00:00:00+00:00, run_after=2023-01-13T00:00:00+00:00
[2023-01-13T18:56:58.613+0000] {processor.py:175} INFO - Processing /home/airflow/.local/lib/python3.7/site-packages/airflow/example_dags/example_bash_operator.py took 25.360 seconds
