[2023-01-13T18:48:19.237+0000] {processor.py:153} INFO - Started process (PID=236) to work on /home/airflow/.local/lib/python3.7/site-packages/airflow/example_dags/example_latest_only_with_trigger.py
[2023-01-13T18:48:19.240+0000] {processor.py:743} INFO - Processing file /home/airflow/.local/lib/python3.7/site-packages/airflow/example_dags/example_latest_only_with_trigger.py for tasks to queue
[2023-01-13T18:48:19.244+0000] {logging_mixin.py:137} INFO - [2023-01-13T18:48:19.244+0000] {dagbag.py:538} INFO - Filling up the DagBag from /home/airflow/.local/lib/python3.7/site-packages/airflow/example_dags/example_latest_only_with_trigger.py
[2023-01-13T18:48:19.260+0000] {processor.py:753} INFO - DAG(s) dict_keys(['latest_only_with_trigger']) retrieved from /home/airflow/.local/lib/python3.7/site-packages/airflow/example_dags/example_latest_only_with_trigger.py
[2023-01-13T18:48:19.307+0000] {logging_mixin.py:137} INFO - [2023-01-13T18:48:19.307+0000] {dag.py:2676} INFO - Sync 1 DAGs
[2023-01-13T18:48:19.334+0000] {logging_mixin.py:137} INFO - [2023-01-13T18:48:19.334+0000] {dag.py:3427} INFO - Setting next_dagrun for latest_only_with_trigger to 2023-01-13T14:48:19.334440+00:00, run_after=2023-01-13T18:48:19.334440+00:00
[2023-01-13T18:48:19.354+0000] {processor.py:175} INFO - Processing /home/airflow/.local/lib/python3.7/site-packages/airflow/example_dags/example_latest_only_with_trigger.py took 0.119 seconds
[2023-01-13T18:48:49.944+0000] {processor.py:153} INFO - Started process (PID=451) to work on /home/airflow/.local/lib/python3.7/site-packages/airflow/example_dags/example_latest_only_with_trigger.py
[2023-01-13T18:48:49.946+0000] {processor.py:743} INFO - Processing file /home/airflow/.local/lib/python3.7/site-packages/airflow/example_dags/example_latest_only_with_trigger.py for tasks to queue
[2023-01-13T18:48:49.949+0000] {logging_mixin.py:137} INFO - [2023-01-13T18:48:49.949+0000] {dagbag.py:538} INFO - Filling up the DagBag from /home/airflow/.local/lib/python3.7/site-packages/airflow/example_dags/example_latest_only_with_trigger.py
[2023-01-13T18:48:49.962+0000] {processor.py:753} INFO - DAG(s) dict_keys(['latest_only_with_trigger']) retrieved from /home/airflow/.local/lib/python3.7/site-packages/airflow/example_dags/example_latest_only_with_trigger.py
[2023-01-13T18:48:49.989+0000] {logging_mixin.py:137} INFO - [2023-01-13T18:48:49.989+0000] {dag.py:2676} INFO - Sync 1 DAGs
[2023-01-13T18:48:50.005+0000] {logging_mixin.py:137} INFO - [2023-01-13T18:48:50.005+0000] {dag.py:3427} INFO - Setting next_dagrun for latest_only_with_trigger to 2023-01-13T14:48:50.005389+00:00, run_after=2023-01-13T18:48:50.005389+00:00
[2023-01-13T18:48:50.017+0000] {processor.py:175} INFO - Processing /home/airflow/.local/lib/python3.7/site-packages/airflow/example_dags/example_latest_only_with_trigger.py took 0.078 seconds
[2023-01-13T18:49:21.822+0000] {processor.py:153} INFO - Started process (PID=664) to work on /home/airflow/.local/lib/python3.7/site-packages/airflow/example_dags/example_latest_only_with_trigger.py
[2023-01-13T18:49:21.829+0000] {processor.py:743} INFO - Processing file /home/airflow/.local/lib/python3.7/site-packages/airflow/example_dags/example_latest_only_with_trigger.py for tasks to queue
[2023-01-13T18:49:21.834+0000] {logging_mixin.py:137} INFO - [2023-01-13T18:49:21.833+0000] {dagbag.py:538} INFO - Filling up the DagBag from /home/airflow/.local/lib/python3.7/site-packages/airflow/example_dags/example_latest_only_with_trigger.py
[2023-01-13T18:49:21.851+0000] {processor.py:753} INFO - DAG(s) dict_keys(['latest_only_with_trigger']) retrieved from /home/airflow/.local/lib/python3.7/site-packages/airflow/example_dags/example_latest_only_with_trigger.py
[2023-01-13T18:49:21.921+0000] {logging_mixin.py:137} INFO - [2023-01-13T18:49:21.921+0000] {dag.py:2676} INFO - Sync 1 DAGs
[2023-01-13T18:49:21.980+0000] {logging_mixin.py:137} INFO - [2023-01-13T18:49:21.979+0000] {dag.py:3427} INFO - Setting next_dagrun for latest_only_with_trigger to 2023-01-13T14:49:21.978743+00:00, run_after=2023-01-13T18:49:21.978743+00:00
[2023-01-13T18:49:22.034+0000] {processor.py:175} INFO - Processing /home/airflow/.local/lib/python3.7/site-packages/airflow/example_dags/example_latest_only_with_trigger.py took 0.221 seconds
[2023-01-13T18:49:52.399+0000] {processor.py:153} INFO - Started process (PID=880) to work on /home/airflow/.local/lib/python3.7/site-packages/airflow/example_dags/example_latest_only_with_trigger.py
[2023-01-13T18:49:52.401+0000] {processor.py:743} INFO - Processing file /home/airflow/.local/lib/python3.7/site-packages/airflow/example_dags/example_latest_only_with_trigger.py for tasks to queue
[2023-01-13T18:49:52.403+0000] {logging_mixin.py:137} INFO - [2023-01-13T18:49:52.403+0000] {dagbag.py:538} INFO - Filling up the DagBag from /home/airflow/.local/lib/python3.7/site-packages/airflow/example_dags/example_latest_only_with_trigger.py
[2023-01-13T18:49:52.414+0000] {processor.py:753} INFO - DAG(s) dict_keys(['latest_only_with_trigger']) retrieved from /home/airflow/.local/lib/python3.7/site-packages/airflow/example_dags/example_latest_only_with_trigger.py
[2023-01-13T18:49:52.441+0000] {logging_mixin.py:137} INFO - [2023-01-13T18:49:52.441+0000] {dag.py:2676} INFO - Sync 1 DAGs
[2023-01-13T18:49:52.462+0000] {logging_mixin.py:137} INFO - [2023-01-13T18:49:52.462+0000] {dag.py:3427} INFO - Setting next_dagrun for latest_only_with_trigger to 2023-01-13T14:49:52.461885+00:00, run_after=2023-01-13T18:49:52.461885+00:00
[2023-01-13T18:49:52.475+0000] {processor.py:175} INFO - Processing /home/airflow/.local/lib/python3.7/site-packages/airflow/example_dags/example_latest_only_with_trigger.py took 0.079 seconds
[2023-01-13T18:55:55.815+0000] {processor.py:153} INFO - Started process (PID=57) to work on /home/airflow/.local/lib/python3.7/site-packages/airflow/example_dags/example_latest_only_with_trigger.py
[2023-01-13T18:55:55.826+0000] {processor.py:743} INFO - Processing file /home/airflow/.local/lib/python3.7/site-packages/airflow/example_dags/example_latest_only_with_trigger.py for tasks to queue
[2023-01-13T18:55:55.834+0000] {logging_mixin.py:137} INFO - [2023-01-13T18:55:55.834+0000] {dagbag.py:538} INFO - Filling up the DagBag from /home/airflow/.local/lib/python3.7/site-packages/airflow/example_dags/example_latest_only_with_trigger.py
[2023-01-13T18:55:55.956+0000] {processor.py:753} INFO - DAG(s) dict_keys(['latest_only_with_trigger']) retrieved from /home/airflow/.local/lib/python3.7/site-packages/airflow/example_dags/example_latest_only_with_trigger.py
[2023-01-13T18:55:56.736+0000] {logging_mixin.py:137} INFO - [2023-01-13T18:55:56.733+0000] {dag.py:2676} INFO - Sync 1 DAGs
[2023-01-13T18:55:57.059+0000] {logging_mixin.py:137} INFO - [2023-01-13T18:55:57.059+0000] {dag.py:3427} INFO - Setting next_dagrun for latest_only_with_trigger to 2023-01-13T14:55:57.057159+00:00, run_after=2023-01-13T18:55:57.057159+00:00
[2023-01-13T18:55:57.180+0000] {processor.py:175} INFO - Processing /home/airflow/.local/lib/python3.7/site-packages/airflow/example_dags/example_latest_only_with_trigger.py took 1.396 seconds
