[2023-01-13T18:48:23.455+0000] {processor.py:153} INFO - Started process (PID=351) to work on /home/airflow/.local/lib/python3.7/site-packages/airflow/example_dags/tutorial_taskflow_api_virtualenv.py
[2023-01-13T18:48:23.459+0000] {processor.py:743} INFO - Processing file /home/airflow/.local/lib/python3.7/site-packages/airflow/example_dags/tutorial_taskflow_api_virtualenv.py for tasks to queue
[2023-01-13T18:48:23.463+0000] {logging_mixin.py:137} INFO - [2023-01-13T18:48:23.462+0000] {dagbag.py:538} INFO - Filling up the DagBag from /home/airflow/.local/lib/python3.7/site-packages/airflow/example_dags/tutorial_taskflow_api_virtualenv.py
[2023-01-13T18:48:23.503+0000] {processor.py:753} INFO - DAG(s) dict_keys(['tutorial_taskflow_api_virtualenv']) retrieved from /home/airflow/.local/lib/python3.7/site-packages/airflow/example_dags/tutorial_taskflow_api_virtualenv.py
[2023-01-13T18:48:23.583+0000] {logging_mixin.py:137} INFO - [2023-01-13T18:48:23.582+0000] {dag.py:2676} INFO - Sync 1 DAGs
[2023-01-13T18:48:23.631+0000] {logging_mixin.py:137} INFO - [2023-01-13T18:48:23.631+0000] {dag.py:3427} INFO - Setting next_dagrun for tutorial_taskflow_api_virtualenv to None, run_after=None
[2023-01-13T18:48:23.685+0000] {processor.py:175} INFO - Processing /home/airflow/.local/lib/python3.7/site-packages/airflow/example_dags/tutorial_taskflow_api_virtualenv.py took 0.234 seconds
[2023-01-13T18:48:54.175+0000] {processor.py:153} INFO - Started process (PID=565) to work on /home/airflow/.local/lib/python3.7/site-packages/airflow/example_dags/tutorial_taskflow_api_virtualenv.py
[2023-01-13T18:48:54.182+0000] {processor.py:743} INFO - Processing file /home/airflow/.local/lib/python3.7/site-packages/airflow/example_dags/tutorial_taskflow_api_virtualenv.py for tasks to queue
[2023-01-13T18:48:54.188+0000] {logging_mixin.py:137} INFO - [2023-01-13T18:48:54.187+0000] {dagbag.py:538} INFO - Filling up the DagBag from /home/airflow/.local/lib/python3.7/site-packages/airflow/example_dags/tutorial_taskflow_api_virtualenv.py
[2023-01-13T18:48:54.383+0000] {processor.py:753} INFO - DAG(s) dict_keys(['tutorial_taskflow_api_virtualenv']) retrieved from /home/airflow/.local/lib/python3.7/site-packages/airflow/example_dags/tutorial_taskflow_api_virtualenv.py
[2023-01-13T18:48:54.577+0000] {logging_mixin.py:137} INFO - [2023-01-13T18:48:54.577+0000] {dag.py:2676} INFO - Sync 1 DAGs
[2023-01-13T18:48:54.634+0000] {logging_mixin.py:137} INFO - [2023-01-13T18:48:54.634+0000] {dag.py:3427} INFO - Setting next_dagrun for tutorial_taskflow_api_virtualenv to None, run_after=None
[2023-01-13T18:48:54.669+0000] {processor.py:175} INFO - Processing /home/airflow/.local/lib/python3.7/site-packages/airflow/example_dags/tutorial_taskflow_api_virtualenv.py took 0.506 seconds
[2023-01-13T18:49:24.905+0000] {processor.py:153} INFO - Started process (PID=781) to work on /home/airflow/.local/lib/python3.7/site-packages/airflow/example_dags/tutorial_taskflow_api_virtualenv.py
[2023-01-13T18:49:24.908+0000] {processor.py:743} INFO - Processing file /home/airflow/.local/lib/python3.7/site-packages/airflow/example_dags/tutorial_taskflow_api_virtualenv.py for tasks to queue
[2023-01-13T18:49:24.911+0000] {logging_mixin.py:137} INFO - [2023-01-13T18:49:24.910+0000] {dagbag.py:538} INFO - Filling up the DagBag from /home/airflow/.local/lib/python3.7/site-packages/airflow/example_dags/tutorial_taskflow_api_virtualenv.py
[2023-01-13T18:49:24.954+0000] {processor.py:753} INFO - DAG(s) dict_keys(['tutorial_taskflow_api_virtualenv']) retrieved from /home/airflow/.local/lib/python3.7/site-packages/airflow/example_dags/tutorial_taskflow_api_virtualenv.py
[2023-01-13T18:49:24.995+0000] {logging_mixin.py:137} INFO - [2023-01-13T18:49:24.995+0000] {dag.py:2676} INFO - Sync 1 DAGs
[2023-01-13T18:49:25.053+0000] {logging_mixin.py:137} INFO - [2023-01-13T18:49:25.053+0000] {dag.py:3427} INFO - Setting next_dagrun for tutorial_taskflow_api_virtualenv to None, run_after=None
[2023-01-13T18:49:25.109+0000] {processor.py:175} INFO - Processing /home/airflow/.local/lib/python3.7/site-packages/airflow/example_dags/tutorial_taskflow_api_virtualenv.py took 0.208 seconds
[2023-01-13T18:49:57.212+0000] {processor.py:153} INFO - Started process (PID=1008) to work on /home/airflow/.local/lib/python3.7/site-packages/airflow/example_dags/tutorial_taskflow_api_virtualenv.py
[2023-01-13T18:49:57.216+0000] {processor.py:743} INFO - Processing file /home/airflow/.local/lib/python3.7/site-packages/airflow/example_dags/tutorial_taskflow_api_virtualenv.py for tasks to queue
[2023-01-13T18:49:57.221+0000] {logging_mixin.py:137} INFO - [2023-01-13T18:49:57.221+0000] {dagbag.py:538} INFO - Filling up the DagBag from /home/airflow/.local/lib/python3.7/site-packages/airflow/example_dags/tutorial_taskflow_api_virtualenv.py
[2023-01-13T18:49:57.261+0000] {processor.py:753} INFO - DAG(s) dict_keys(['tutorial_taskflow_api_virtualenv']) retrieved from /home/airflow/.local/lib/python3.7/site-packages/airflow/example_dags/tutorial_taskflow_api_virtualenv.py
[2023-01-13T18:49:57.305+0000] {logging_mixin.py:137} INFO - [2023-01-13T18:49:57.305+0000] {dag.py:2676} INFO - Sync 1 DAGs
[2023-01-13T18:49:57.337+0000] {logging_mixin.py:137} INFO - [2023-01-13T18:49:57.337+0000] {dag.py:3427} INFO - Setting next_dagrun for tutorial_taskflow_api_virtualenv to None, run_after=None
[2023-01-13T18:49:57.358+0000] {processor.py:175} INFO - Processing /home/airflow/.local/lib/python3.7/site-packages/airflow/example_dags/tutorial_taskflow_api_virtualenv.py took 0.152 seconds
