[2023-01-13T18:48:19.896+0000] {processor.py:153} INFO - Started process (PID=263) to work on /home/airflow/.local/lib/python3.7/site-packages/airflow/example_dags/tutorial_dag.py
[2023-01-13T18:48:19.899+0000] {processor.py:743} INFO - Processing file /home/airflow/.local/lib/python3.7/site-packages/airflow/example_dags/tutorial_dag.py for tasks to queue
[2023-01-13T18:48:19.902+0000] {logging_mixin.py:137} INFO - [2023-01-13T18:48:19.902+0000] {dagbag.py:538} INFO - Filling up the DagBag from /home/airflow/.local/lib/python3.7/site-packages/airflow/example_dags/tutorial_dag.py
[2023-01-13T18:48:19.934+0000] {processor.py:753} INFO - DAG(s) dict_keys(['tutorial_dag']) retrieved from /home/airflow/.local/lib/python3.7/site-packages/airflow/example_dags/tutorial_dag.py
[2023-01-13T18:48:19.997+0000] {logging_mixin.py:137} INFO - [2023-01-13T18:48:19.996+0000] {dag.py:2676} INFO - Sync 1 DAGs
[2023-01-13T18:48:20.034+0000] {logging_mixin.py:137} INFO - [2023-01-13T18:48:20.034+0000] {dag.py:3427} INFO - Setting next_dagrun for tutorial_dag to None, run_after=None
[2023-01-13T18:48:20.067+0000] {processor.py:175} INFO - Processing /home/airflow/.local/lib/python3.7/site-packages/airflow/example_dags/tutorial_dag.py took 0.175 seconds
[2023-01-13T18:48:50.319+0000] {processor.py:153} INFO - Started process (PID=474) to work on /home/airflow/.local/lib/python3.7/site-packages/airflow/example_dags/tutorial_dag.py
[2023-01-13T18:48:50.321+0000] {processor.py:743} INFO - Processing file /home/airflow/.local/lib/python3.7/site-packages/airflow/example_dags/tutorial_dag.py for tasks to queue
[2023-01-13T18:48:50.322+0000] {logging_mixin.py:137} INFO - [2023-01-13T18:48:50.322+0000] {dagbag.py:538} INFO - Filling up the DagBag from /home/airflow/.local/lib/python3.7/site-packages/airflow/example_dags/tutorial_dag.py
[2023-01-13T18:48:50.333+0000] {processor.py:753} INFO - DAG(s) dict_keys(['tutorial_dag']) retrieved from /home/airflow/.local/lib/python3.7/site-packages/airflow/example_dags/tutorial_dag.py
[2023-01-13T18:48:50.361+0000] {logging_mixin.py:137} INFO - [2023-01-13T18:48:50.361+0000] {dag.py:2676} INFO - Sync 1 DAGs
[2023-01-13T18:48:50.382+0000] {logging_mixin.py:137} INFO - [2023-01-13T18:48:50.382+0000] {dag.py:3427} INFO - Setting next_dagrun for tutorial_dag to None, run_after=None
[2023-01-13T18:48:50.397+0000] {processor.py:175} INFO - Processing /home/airflow/.local/lib/python3.7/site-packages/airflow/example_dags/tutorial_dag.py took 0.081 seconds
[2023-01-13T18:49:22.871+0000] {processor.py:153} INFO - Started process (PID=691) to work on /home/airflow/.local/lib/python3.7/site-packages/airflow/example_dags/tutorial_dag.py
[2023-01-13T18:49:22.874+0000] {processor.py:743} INFO - Processing file /home/airflow/.local/lib/python3.7/site-packages/airflow/example_dags/tutorial_dag.py for tasks to queue
[2023-01-13T18:49:22.877+0000] {logging_mixin.py:137} INFO - [2023-01-13T18:49:22.876+0000] {dagbag.py:538} INFO - Filling up the DagBag from /home/airflow/.local/lib/python3.7/site-packages/airflow/example_dags/tutorial_dag.py
[2023-01-13T18:49:22.895+0000] {processor.py:753} INFO - DAG(s) dict_keys(['tutorial_dag']) retrieved from /home/airflow/.local/lib/python3.7/site-packages/airflow/example_dags/tutorial_dag.py
[2023-01-13T18:49:22.926+0000] {logging_mixin.py:137} INFO - [2023-01-13T18:49:22.925+0000] {dag.py:2676} INFO - Sync 1 DAGs
[2023-01-13T18:49:22.950+0000] {logging_mixin.py:137} INFO - [2023-01-13T18:49:22.950+0000] {dag.py:3427} INFO - Setting next_dagrun for tutorial_dag to None, run_after=None
[2023-01-13T18:49:22.973+0000] {processor.py:175} INFO - Processing /home/airflow/.local/lib/python3.7/site-packages/airflow/example_dags/tutorial_dag.py took 0.106 seconds
[2023-01-13T18:49:53.751+0000] {processor.py:153} INFO - Started process (PID=905) to work on /home/airflow/.local/lib/python3.7/site-packages/airflow/example_dags/tutorial_dag.py
[2023-01-13T18:49:53.753+0000] {processor.py:743} INFO - Processing file /home/airflow/.local/lib/python3.7/site-packages/airflow/example_dags/tutorial_dag.py for tasks to queue
[2023-01-13T18:49:53.755+0000] {logging_mixin.py:137} INFO - [2023-01-13T18:49:53.755+0000] {dagbag.py:538} INFO - Filling up the DagBag from /home/airflow/.local/lib/python3.7/site-packages/airflow/example_dags/tutorial_dag.py
[2023-01-13T18:49:53.764+0000] {processor.py:753} INFO - DAG(s) dict_keys(['tutorial_dag']) retrieved from /home/airflow/.local/lib/python3.7/site-packages/airflow/example_dags/tutorial_dag.py
[2023-01-13T18:49:53.790+0000] {logging_mixin.py:137} INFO - [2023-01-13T18:49:53.789+0000] {dag.py:2676} INFO - Sync 1 DAGs
[2023-01-13T18:49:53.806+0000] {logging_mixin.py:137} INFO - [2023-01-13T18:49:53.806+0000] {dag.py:3427} INFO - Setting next_dagrun for tutorial_dag to None, run_after=None
[2023-01-13T18:49:53.819+0000] {processor.py:175} INFO - Processing /home/airflow/.local/lib/python3.7/site-packages/airflow/example_dags/tutorial_dag.py took 0.070 seconds
[2023-01-13T18:56:00.785+0000] {processor.py:153} INFO - Started process (PID=68) to work on /home/airflow/.local/lib/python3.7/site-packages/airflow/example_dags/tutorial_dag.py
[2023-01-13T18:56:00.852+0000] {processor.py:743} INFO - Processing file /home/airflow/.local/lib/python3.7/site-packages/airflow/example_dags/tutorial_dag.py for tasks to queue
[2023-01-13T18:56:00.879+0000] {logging_mixin.py:137} INFO - [2023-01-13T18:56:00.878+0000] {dagbag.py:538} INFO - Filling up the DagBag from /home/airflow/.local/lib/python3.7/site-packages/airflow/example_dags/tutorial_dag.py
[2023-01-13T18:56:01.397+0000] {processor.py:753} INFO - DAG(s) dict_keys(['tutorial_dag']) retrieved from /home/airflow/.local/lib/python3.7/site-packages/airflow/example_dags/tutorial_dag.py
[2023-01-13T18:56:02.616+0000] {logging_mixin.py:137} INFO - [2023-01-13T18:56:02.615+0000] {dag.py:2676} INFO - Sync 1 DAGs
[2023-01-13T18:56:02.788+0000] {logging_mixin.py:137} INFO - [2023-01-13T18:56:02.787+0000] {dag.py:3427} INFO - Setting next_dagrun for tutorial_dag to None, run_after=None
[2023-01-13T18:56:02.956+0000] {processor.py:175} INFO - Processing /home/airflow/.local/lib/python3.7/site-packages/airflow/example_dags/tutorial_dag.py took 2.267 seconds
