[2023-01-13T18:48:19.423+0000] {processor.py:153} INFO - Started process (PID=246) to work on /home/airflow/.local/lib/python3.7/site-packages/airflow/example_dags/tutorial.py
[2023-01-13T18:48:19.427+0000] {processor.py:743} INFO - Processing file /home/airflow/.local/lib/python3.7/site-packages/airflow/example_dags/tutorial.py for tasks to queue
[2023-01-13T18:48:19.430+0000] {logging_mixin.py:137} INFO - [2023-01-13T18:48:19.430+0000] {dagbag.py:538} INFO - Filling up the DagBag from /home/airflow/.local/lib/python3.7/site-packages/airflow/example_dags/tutorial.py
[2023-01-13T18:48:19.450+0000] {processor.py:753} INFO - DAG(s) dict_keys(['tutorial']) retrieved from /home/airflow/.local/lib/python3.7/site-packages/airflow/example_dags/tutorial.py
[2023-01-13T18:48:19.491+0000] {logging_mixin.py:137} INFO - [2023-01-13T18:48:19.491+0000] {dag.py:2676} INFO - Sync 1 DAGs
[2023-01-13T18:48:19.524+0000] {logging_mixin.py:137} INFO - [2023-01-13T18:48:19.523+0000] {dag.py:3427} INFO - Setting next_dagrun for tutorial to 2023-01-12T18:48:19.523777+00:00, run_after=2023-01-13T18:48:19.523777+00:00
[2023-01-13T18:48:19.553+0000] {processor.py:175} INFO - Processing /home/airflow/.local/lib/python3.7/site-packages/airflow/example_dags/tutorial.py took 0.136 seconds
[2023-01-13T18:48:50.058+0000] {processor.py:153} INFO - Started process (PID=459) to work on /home/airflow/.local/lib/python3.7/site-packages/airflow/example_dags/tutorial.py
[2023-01-13T18:48:50.060+0000] {processor.py:743} INFO - Processing file /home/airflow/.local/lib/python3.7/site-packages/airflow/example_dags/tutorial.py for tasks to queue
[2023-01-13T18:48:50.066+0000] {logging_mixin.py:137} INFO - [2023-01-13T18:48:50.066+0000] {dagbag.py:538} INFO - Filling up the DagBag from /home/airflow/.local/lib/python3.7/site-packages/airflow/example_dags/tutorial.py
[2023-01-13T18:48:50.082+0000] {processor.py:753} INFO - DAG(s) dict_keys(['tutorial']) retrieved from /home/airflow/.local/lib/python3.7/site-packages/airflow/example_dags/tutorial.py
[2023-01-13T18:48:50.121+0000] {logging_mixin.py:137} INFO - [2023-01-13T18:48:50.121+0000] {dag.py:2676} INFO - Sync 1 DAGs
[2023-01-13T18:48:50.140+0000] {logging_mixin.py:137} INFO - [2023-01-13T18:48:50.139+0000] {dag.py:3427} INFO - Setting next_dagrun for tutorial to 2023-01-12T18:48:50.139785+00:00, run_after=2023-01-13T18:48:50.139785+00:00
[2023-01-13T18:48:50.158+0000] {processor.py:175} INFO - Processing /home/airflow/.local/lib/python3.7/site-packages/airflow/example_dags/tutorial.py took 0.104 seconds
[2023-01-13T18:49:22.138+0000] {processor.py:153} INFO - Started process (PID=674) to work on /home/airflow/.local/lib/python3.7/site-packages/airflow/example_dags/tutorial.py
[2023-01-13T18:49:22.142+0000] {processor.py:743} INFO - Processing file /home/airflow/.local/lib/python3.7/site-packages/airflow/example_dags/tutorial.py for tasks to queue
[2023-01-13T18:49:22.145+0000] {logging_mixin.py:137} INFO - [2023-01-13T18:49:22.145+0000] {dagbag.py:538} INFO - Filling up the DagBag from /home/airflow/.local/lib/python3.7/site-packages/airflow/example_dags/tutorial.py
[2023-01-13T18:49:22.189+0000] {processor.py:753} INFO - DAG(s) dict_keys(['tutorial']) retrieved from /home/airflow/.local/lib/python3.7/site-packages/airflow/example_dags/tutorial.py
[2023-01-13T18:49:22.247+0000] {logging_mixin.py:137} INFO - [2023-01-13T18:49:22.246+0000] {dag.py:2676} INFO - Sync 1 DAGs
[2023-01-13T18:49:22.393+0000] {logging_mixin.py:137} INFO - [2023-01-13T18:49:22.393+0000] {dag.py:3427} INFO - Setting next_dagrun for tutorial to 2023-01-12T18:49:22.382209+00:00, run_after=2023-01-13T18:49:22.382209+00:00
[2023-01-13T18:49:22.581+0000] {processor.py:175} INFO - Processing /home/airflow/.local/lib/python3.7/site-packages/airflow/example_dags/tutorial.py took 0.447 seconds
[2023-01-13T18:49:53.490+0000] {processor.py:153} INFO - Started process (PID=890) to work on /home/airflow/.local/lib/python3.7/site-packages/airflow/example_dags/tutorial.py
[2023-01-13T18:49:53.495+0000] {processor.py:743} INFO - Processing file /home/airflow/.local/lib/python3.7/site-packages/airflow/example_dags/tutorial.py for tasks to queue
[2023-01-13T18:49:53.498+0000] {logging_mixin.py:137} INFO - [2023-01-13T18:49:53.497+0000] {dagbag.py:538} INFO - Filling up the DagBag from /home/airflow/.local/lib/python3.7/site-packages/airflow/example_dags/tutorial.py
[2023-01-13T18:49:53.517+0000] {processor.py:753} INFO - DAG(s) dict_keys(['tutorial']) retrieved from /home/airflow/.local/lib/python3.7/site-packages/airflow/example_dags/tutorial.py
[2023-01-13T18:49:53.559+0000] {logging_mixin.py:137} INFO - [2023-01-13T18:49:53.559+0000] {dag.py:2676} INFO - Sync 1 DAGs
[2023-01-13T18:49:53.587+0000] {logging_mixin.py:137} INFO - [2023-01-13T18:49:53.587+0000] {dag.py:3427} INFO - Setting next_dagrun for tutorial to 2023-01-12T18:49:53.587020+00:00, run_after=2023-01-13T18:49:53.587020+00:00
[2023-01-13T18:49:53.603+0000] {processor.py:175} INFO - Processing /home/airflow/.local/lib/python3.7/site-packages/airflow/example_dags/tutorial.py took 0.117 seconds
[2023-01-13T18:55:57.453+0000] {processor.py:153} INFO - Started process (PID=59) to work on /home/airflow/.local/lib/python3.7/site-packages/airflow/example_dags/tutorial.py
[2023-01-13T18:55:57.474+0000] {processor.py:743} INFO - Processing file /home/airflow/.local/lib/python3.7/site-packages/airflow/example_dags/tutorial.py for tasks to queue
[2023-01-13T18:55:57.478+0000] {logging_mixin.py:137} INFO - [2023-01-13T18:55:57.478+0000] {dagbag.py:538} INFO - Filling up the DagBag from /home/airflow/.local/lib/python3.7/site-packages/airflow/example_dags/tutorial.py
[2023-01-13T18:55:57.608+0000] {processor.py:753} INFO - DAG(s) dict_keys(['tutorial']) retrieved from /home/airflow/.local/lib/python3.7/site-packages/airflow/example_dags/tutorial.py
[2023-01-13T18:55:58.228+0000] {logging_mixin.py:137} INFO - [2023-01-13T18:55:58.226+0000] {dag.py:2676} INFO - Sync 1 DAGs
[2023-01-13T18:55:58.362+0000] {logging_mixin.py:137} INFO - [2023-01-13T18:55:58.362+0000] {dag.py:3427} INFO - Setting next_dagrun for tutorial to 2023-01-12T18:55:58.361522+00:00, run_after=2023-01-13T18:55:58.361522+00:00
[2023-01-13T18:55:58.500+0000] {processor.py:175} INFO - Processing /home/airflow/.local/lib/python3.7/site-packages/airflow/example_dags/tutorial.py took 1.071 seconds
